----------------------------------------------- 
  Element       SASA      Sigma Z        Total  
     Z         Ang**2 cal/Ang**2/mol   kcal/mol 
----------------------------------------------- 
      H        220.134       0.000       0.000
      C        106.104     111.253      11.804
      N         11.032      46.223       0.510
      O         53.992     -63.418      -3.424
      F         24.408       0.000       0.000

 Subtotal:     415.670                   8.890
 -----------------------------------------------

  Elements    COT*SASA   Sigma Z,Z'     Total   
    Z,Z'       Ang**2  cal/Ang**2/mol kcal/mol  
 ---------------------------------------------- 
  H   C        125.237     -51.536      -6.454
  H   O          4.234     -27.476      -0.116
  C   C        100.562     -87.925      -8.842
  O   C         23.781     -22.247      -0.529
  O   O          0.000    -112.781      -0.000
  C   N         19.465    -141.360      -2.752
  N   C         46.842       0.000       0.000
  N  C(3)        0.000       0.000       0.000
  O   N          0.000      69.634       0.000

 Subtotal:                             -18.693
 ---------------------------------------------- 

 NONAQUEOUS SOLVENT CONTRIBUTION (kcal/mol):
 (proportional to SASA, atomic number independent)
 ---------------------------------------------- 
 Subtotal:                               8.988
 ---------------------------------------------- 

 CDS TOTAL (kcal/mol):                  -0.815
...............................................................................
