----------------------------------------------- 
  Element       SASA      Sigma Z        Total  
     Z         Ang**2 cal/Ang**2/mol   kcal/mol 
----------------------------------------------- 
      H        192.037       0.000       0.000
      C         99.617     111.253      11.083
      N         46.582      46.223       2.153
      O         80.711     -63.418      -5.118

 Subtotal:     418.946                   8.117
 -----------------------------------------------

  Elements    COT*SASA   Sigma Z,Z'     Total   
    Z,Z'       Ang**2  cal/Ang**2/mol kcal/mol  
 ---------------------------------------------- 
  H   C        114.978     -51.536      -5.926
  H   O          4.643     -27.476      -0.128
  C   C         59.170     -87.925      -5.203
  O   C         43.146     -22.247      -0.960
  O   O          0.000    -112.781      -0.000
  C   N         25.554    -141.360      -3.612
  N   C         88.716       0.000       0.000
  N  C(3)        0.000       0.000       0.000
  O   N          0.000      69.634       0.000

 Subtotal:                             -15.828
 ---------------------------------------------- 

 NONAQUEOUS SOLVENT CONTRIBUTION (kcal/mol):
 (proportional to SASA, atomic number independent)
 ---------------------------------------------- 
 Subtotal:                               9.059
 ---------------------------------------------- 

 CDS TOTAL (kcal/mol):                   1.349
...............................................................................
