----------------------------------------------- 
  Element       SASA      Sigma Z        Total  
     Z         Ang**2 cal/Ang**2/mol   kcal/mol 
----------------------------------------------- 
      H        109.002       0.000       0.000
      C         53.600     111.253       5.963
      N         17.912      46.223       0.828
      O         42.230     -63.418      -2.678

 Subtotal:     222.743                   4.113
 -----------------------------------------------

  Elements    COT*SASA   Sigma Z,Z'     Total   
    Z,Z'       Ang**2  cal/Ang**2/mol kcal/mol  
 ---------------------------------------------- 
  H   C         73.489     -51.536      -3.787
  H   O          0.000     -27.476      -0.000
  C   C         20.991     -87.925      -1.846
  O   C         26.105     -22.247      -0.581
  O   O          0.000    -112.781      -0.000
  C   N         11.568    -141.360      -1.635
  N   C         37.158       0.000       0.000
  N  C(3)        0.000       0.000       0.000
  O   N          0.000      69.634       0.000

 Subtotal:                              -7.849
 ---------------------------------------------- 

 NONAQUEOUS SOLVENT CONTRIBUTION (kcal/mol):
 (proportional to SASA, atomic number independent)
 ---------------------------------------------- 
 Subtotal:                               4.816
 ---------------------------------------------- 

 CDS TOTAL (kcal/mol):                   1.080
...............................................................................
