----------------------------------------------- 
  Element       SASA      Sigma Z        Total  
     Z         Ang**2 cal/Ang**2/mol   kcal/mol 
----------------------------------------------- 
      H        212.398       0.000       0.000
      C        100.108     111.253      11.137
      N         41.492      46.223       1.918
      O         76.117     -63.418      -4.827

 Subtotal:     430.115                   8.228
 -----------------------------------------------

  Elements    COT*SASA   Sigma Z,Z'     Total   
    Z,Z'       Ang**2  cal/Ang**2/mol kcal/mol  
 ---------------------------------------------- 
  H   C        133.329     -51.536      -6.871
  H   O          4.547     -27.476      -0.125
  C   C         55.673     -87.925      -4.895
  O   C         40.535     -22.247      -0.902
  O   O          0.000    -112.781      -0.000
  C   N         22.219    -141.360      -3.141
  N   C         77.173       0.000       0.000
  N  C(3)        0.000       0.000       0.000
  O   N          0.000      69.634       0.000

 Subtotal:                             -15.934
 ---------------------------------------------- 

 NONAQUEOUS SOLVENT CONTRIBUTION (kcal/mol):
 (proportional to SASA, atomic number independent)
 ---------------------------------------------- 
 Subtotal:                               9.300
 ---------------------------------------------- 

 CDS TOTAL (kcal/mol):                   1.595
...............................................................................
