----------------------------------------------- 
  Element       SASA      Sigma Z        Total  
     Z         Ang**2 cal/Ang**2/mol   kcal/mol 
----------------------------------------------- 
      H        177.985       0.000       0.000
      C         86.317     111.253       9.603
      N         46.137      46.223       2.133
      O         98.453     -63.418      -6.244

 Subtotal:     408.892                   5.492
 -----------------------------------------------

  Elements    COT*SASA   Sigma Z,Z'     Total   
    Z,Z'       Ang**2  cal/Ang**2/mol kcal/mol  
 ---------------------------------------------- 
  H   C        114.603     -51.536      -5.906
  H   O          1.142     -27.476      -0.031
  C   C         55.631     -87.925      -4.891
  O   C         42.899     -22.247      -0.954
  O   O          0.000    -112.781      -0.000
  C   N         20.814    -141.360      -2.942
  N   C        106.429       0.000       0.000
  N  C(3)        0.178       0.000       0.000
  O   N          0.000      69.634       0.000

 Subtotal:                             -14.726
 ---------------------------------------------- 

 NONAQUEOUS SOLVENT CONTRIBUTION (kcal/mol):
 (proportional to SASA, atomic number independent)
 ---------------------------------------------- 
 Subtotal:                               8.841
 ---------------------------------------------- 

 CDS TOTAL (kcal/mol):                  -0.392
...............................................................................
