----------------------------------------------- 
  Element       SASA      Sigma Z        Total  
     Z         Ang**2 cal/Ang**2/mol   kcal/mol 
----------------------------------------------- 
      H        132.662       0.000       0.000
      C         52.883     111.253       5.883
      N          4.629      46.223       0.214
      F         21.700       0.000       0.000

 Subtotal:     211.873                   6.097
 -----------------------------------------------

  Elements    COT*SASA   Sigma Z,Z'     Total   
    Z,Z'       Ang**2  cal/Ang**2/mol kcal/mol  
 ---------------------------------------------- 
  H   C         72.350     -51.536      -3.729
  C   C         58.681     -87.925      -5.159
  C   N          4.937    -141.360      -0.698
  N   C         35.688       0.000       0.000
  N  C(3)        0.000       0.000       0.000

 Subtotal:                              -9.586
 ---------------------------------------------- 

 NONAQUEOUS SOLVENT CONTRIBUTION (kcal/mol):
 (proportional to SASA, atomic number independent)
 ---------------------------------------------- 
 Subtotal:                               4.581
 ---------------------------------------------- 

 CDS TOTAL (kcal/mol):                   1.093
...............................................................................
