----------------------------------------------- 
  Element       SASA      Sigma Z        Total  
     Z         Ang**2 cal/Ang**2/mol   kcal/mol 
----------------------------------------------- 
      H        185.789       0.000       0.000
      C         92.168     111.253      10.254
      N         48.229      46.223       2.229
      O         91.653     -63.418      -5.812

 Subtotal:     417.838                   6.671
 -----------------------------------------------

  Elements    COT*SASA   Sigma Z,Z'     Total   
    Z,Z'       Ang**2  cal/Ang**2/mol kcal/mol  
 ---------------------------------------------- 
  H   C        116.475     -51.536      -6.003
  H   O          0.000     -27.476      -0.000
  C   C         54.936     -87.925      -4.830
  O   C         38.039     -22.247      -0.846
  O   O          0.000    -112.781      -0.000
  C   N         19.312    -141.360      -2.730
  N   C         98.384       0.000       0.000
  N  C(3)        0.016       0.000       0.000
  O   N          0.000      69.634       0.000

 Subtotal:                             -14.409
 ---------------------------------------------- 

 NONAQUEOUS SOLVENT CONTRIBUTION (kcal/mol):
 (proportional to SASA, atomic number independent)
 ---------------------------------------------- 
 Subtotal:                               9.035
 ---------------------------------------------- 

 CDS TOTAL (kcal/mol):                   1.297
...............................................................................
