----------------------------------------------- 
  Element       SASA      Sigma Z        Total  
     Z         Ang**2 cal/Ang**2/mol   kcal/mol 
----------------------------------------------- 
      H        110.651       0.000       0.000
      C         50.653     111.253       5.635
      N         33.120      46.223       1.531
      O         35.045     -63.418      -2.222

 Subtotal:     229.470                   4.944
 -----------------------------------------------

  Elements    COT*SASA   Sigma Z,Z'     Total   
    Z,Z'       Ang**2  cal/Ang**2/mol kcal/mol  
 ---------------------------------------------- 
  H   C         74.396     -51.536      -3.834
  H   O          0.000     -27.476      -0.000
  C   C         19.204     -87.925      -1.689
  O   C          3.556     -22.247      -0.079
  O   O          0.000    -112.781      -0.000
  C   N          6.913    -141.360      -0.977
  N   C         42.933       0.000       0.000
  N  C(3)        0.000       0.000       0.000
  O   N          0.000      69.634       0.000

 Subtotal:                              -6.579
 ---------------------------------------------- 

 NONAQUEOUS SOLVENT CONTRIBUTION (kcal/mol):
 (proportional to SASA, atomic number independent)
 ---------------------------------------------- 
 Subtotal:                               4.962
 ---------------------------------------------- 

 CDS TOTAL (kcal/mol):                   3.327
...............................................................................
