----------------------------------------------- 
  Element       SASA      Sigma Z        Total  
     Z         Ang**2 cal/Ang**2/mol   kcal/mol 
----------------------------------------------- 
      H         73.524       0.000       0.000
      C         41.618     111.253       4.630
      N         33.039      46.223       1.527
      O         35.914     -63.418      -2.278
      Cl        58.088     -34.447      -2.001

 Subtotal:     242.184                   1.879
 -----------------------------------------------

  Elements    COT*SASA   Sigma Z,Z'     Total   
    Z,Z'       Ang**2  cal/Ang**2/mol kcal/mol  
 ---------------------------------------------- 
  H   C         49.588     -51.536      -2.556
  H   O          0.000     -27.476      -0.000
  C   C         30.810     -87.925      -2.709
  O   C         22.550     -22.247      -0.502
  O   O          0.000    -112.781      -0.000
  C   N          7.473    -141.360      -1.056
  N   C         42.851       0.000       0.000
  N  C(3)        0.000       0.000       0.000
  O   N          0.000      69.634       0.000

 Subtotal:                              -6.823
 ---------------------------------------------- 

 NONAQUEOUS SOLVENT CONTRIBUTION (kcal/mol):
 (proportional to SASA, atomic number independent)
 ---------------------------------------------- 
 Subtotal:                               5.237
 ---------------------------------------------- 

 CDS TOTAL (kcal/mol):                   0.293
...............................................................................
