----------------------------------------------- 
  Element       SASA      Sigma Z        Total  
     Z         Ang**2 cal/Ang**2/mol   kcal/mol 
----------------------------------------------- 
      H        173.212       0.000       0.000
      C         94.408     111.253      10.503
      N         45.001      46.223       2.080
      O         97.873     -63.418      -6.207

 Subtotal:     410.494                   6.376
 -----------------------------------------------

  Elements    COT*SASA   Sigma Z,Z'     Total   
    Z,Z'       Ang**2  cal/Ang**2/mol kcal/mol  
 ---------------------------------------------- 
  H   C        109.115     -51.536      -5.623
  H   O          0.000     -27.476      -0.000
  C   C         57.746     -87.925      -5.077
  O   C         58.751     -22.247      -1.307
  O   O          0.000    -112.781      -0.000
  C   N         27.059    -141.360      -3.825
  N   C         86.819       0.000       0.000
  N  C(3)        0.002       0.000       0.000
  O   N          0.000      69.634       0.000

 Subtotal:                             -15.833
 ---------------------------------------------- 

 NONAQUEOUS SOLVENT CONTRIBUTION (kcal/mol):
 (proportional to SASA, atomic number independent)
 ---------------------------------------------- 
 Subtotal:                               8.876
 ---------------------------------------------- 

 CDS TOTAL (kcal/mol):                  -0.580
...............................................................................
