----------------------------------------------- 
  Element       SASA      Sigma Z        Total  
     Z         Ang**2 cal/Ang**2/mol   kcal/mol 
----------------------------------------------- 
      H        212.054       0.000       0.000
      C        105.917     111.253      11.784
      N         14.385      46.223       0.665
      O         53.649     -63.418      -3.402
      F         24.396       0.000       0.000

 Subtotal:     410.400                   9.046
 -----------------------------------------------

  Elements    COT*SASA   Sigma Z,Z'     Total   
    Z,Z'       Ang**2  cal/Ang**2/mol kcal/mol  
 ---------------------------------------------- 
  H   C        119.300     -51.536      -6.148
  H   O          4.460     -27.476      -0.123
  C   C        108.643     -87.925      -9.552
  O   C         21.527     -22.247      -0.479
  O   O          0.000    -112.781      -0.000
  C   N         13.144    -141.360      -1.858
  N   C         65.935       0.000       0.000
  N  C(3)        0.000       0.000       0.000
  O   N          0.000      69.634       0.000

 Subtotal:                             -18.160
 ---------------------------------------------- 

 NONAQUEOUS SOLVENT CONTRIBUTION (kcal/mol):
 (proportional to SASA, atomic number independent)
 ---------------------------------------------- 
 Subtotal:                               8.874
 ---------------------------------------------- 

 CDS TOTAL (kcal/mol):                  -0.240
...............................................................................
