----------------------------------------------- 
  Element       SASA      Sigma Z        Total  
     Z         Ang**2 cal/Ang**2/mol   kcal/mol 
----------------------------------------------- 
      H        183.259       0.000       0.000
      C         88.566     111.253       9.853
      N         47.236      46.223       2.183
      O        101.130     -63.418      -6.413

 Subtotal:     420.191                   5.623
 -----------------------------------------------

  Elements    COT*SASA   Sigma Z,Z'     Total   
    Z,Z'       Ang**2  cal/Ang**2/mol kcal/mol  
 ---------------------------------------------- 
  H   C        115.983     -51.536      -5.977
  H   O          4.496     -27.476      -0.124
  C   C         56.797     -87.925      -4.994
  O   C         45.982     -22.247      -1.023
  O   O          0.000    -112.781      -0.000
  C   N         23.454    -141.360      -3.315
  N   C        107.714       0.000       0.000
  N  C(3)        0.000       0.000       0.000
  O   N          0.000      69.634       0.000

 Subtotal:                             -15.433
 ---------------------------------------------- 

 NONAQUEOUS SOLVENT CONTRIBUTION (kcal/mol):
 (proportional to SASA, atomic number independent)
 ---------------------------------------------- 
 Subtotal:                               9.086
 ---------------------------------------------- 

 CDS TOTAL (kcal/mol):                  -0.724
...............................................................................
