----------------------------------------------- 
  Element       SASA      Sigma Z        Total  
     Z         Ang**2 cal/Ang**2/mol   kcal/mol 
----------------------------------------------- 
      H        182.105       0.000       0.000
      C         82.824     111.253       9.214
      N         46.691      46.223       2.158
      O        101.818     -63.418      -6.457

 Subtotal:     413.438                   4.916
 -----------------------------------------------

  Elements    COT*SASA   Sigma Z,Z'     Total   
    Z,Z'       Ang**2  cal/Ang**2/mol kcal/mol  
 ---------------------------------------------- 
  H   C        115.196     -51.536      -5.937
  H   O          0.000     -27.476      -0.000
  C   C         48.085     -87.925      -4.228
  O   C         62.346     -22.247      -1.387
  O   O          0.000    -112.781      -0.000
  C   N         20.810    -141.360      -2.942
  N   C        102.523       0.000       0.000
  N  C(3)        0.301       0.000       0.000
  O   N          0.000      69.634       0.000

 Subtotal:                             -14.493
 ---------------------------------------------- 

 NONAQUEOUS SOLVENT CONTRIBUTION (kcal/mol):
 (proportional to SASA, atomic number independent)
 ---------------------------------------------- 
 Subtotal:                               8.940
 ---------------------------------------------- 

 CDS TOTAL (kcal/mol):                  -0.638
...............................................................................
