----------------------------------------------- 
  Element       SASA      Sigma Z        Total  
     Z         Ang**2 cal/Ang**2/mol   kcal/mol 
----------------------------------------------- 
      H        186.134       0.000       0.000
      C         88.307     111.253       9.824
      N         40.047      46.223       1.851
      O        106.053     -63.418      -6.726

 Subtotal:     420.542                   4.950
 -----------------------------------------------

  Elements    COT*SASA   Sigma Z,Z'     Total   
    Z,Z'       Ang**2  cal/Ang**2/mol kcal/mol  
 ---------------------------------------------- 
  H   C        115.338     -51.536      -5.944
  H   O          0.000     -27.476      -0.000
  C   C         57.942     -87.925      -5.095
  O   C         54.252     -22.247      -1.207
  O   O          0.000    -112.781      -0.000
  C   N         22.016    -141.360      -3.112
  N   C         97.982       0.000       0.000
  N  C(3)        0.557       0.000       0.000
  O   N          0.000      69.634       0.000

 Subtotal:                             -15.358
 ---------------------------------------------- 

 NONAQUEOUS SOLVENT CONTRIBUTION (kcal/mol):
 (proportional to SASA, atomic number independent)
 ---------------------------------------------- 
 Subtotal:                               9.093
 ---------------------------------------------- 

 CDS TOTAL (kcal/mol):                  -1.314
...............................................................................
