----------------------------------------------- 
  Element       SASA      Sigma Z        Total  
     Z         Ang**2 cal/Ang**2/mol   kcal/mol 
----------------------------------------------- 
      H         71.491       0.000       0.000
      C         55.316     111.253       6.154
      N         18.294      46.223       0.846
      O         40.350     -63.418      -2.559
      Cl        58.088     -34.447      -2.001

 Subtotal:     243.539                   2.440
 -----------------------------------------------

  Elements    COT*SASA   Sigma Z,Z'     Total   
    Z,Z'       Ang**2  cal/Ang**2/mol kcal/mol  
 ---------------------------------------------- 
  H   C         48.202     -51.536      -2.484
  H   O          0.000     -27.476      -0.000
  C   C         29.819     -87.925      -2.622
  O   C         22.049     -22.247      -0.491
  O   O          0.000    -112.781      -0.000
  C   N         11.915    -141.360      -1.684
  N   C         37.224       0.000       0.000
  N  C(3)        0.000       0.000       0.000
  O   N          0.000      69.634       0.000

 Subtotal:                              -7.281
 ---------------------------------------------- 

 NONAQUEOUS SOLVENT CONTRIBUTION (kcal/mol):
 (proportional to SASA, atomic number independent)
 ---------------------------------------------- 
 Subtotal:                               5.266
 ---------------------------------------------- 

 CDS TOTAL (kcal/mol):                   0.425
...............................................................................
