----------------------------------------------- 
  Element       SASA      Sigma Z        Total  
     Z         Ang**2 cal/Ang**2/mol   kcal/mol 
----------------------------------------------- 
      H        176.581       0.000       0.000
      C         86.292     111.253       9.600
      N         47.189      46.223       2.181
      O        102.703     -63.418      -6.513

 Subtotal:     412.765                   5.268
 -----------------------------------------------

  Elements    COT*SASA   Sigma Z,Z'     Total   
    Z,Z'       Ang**2  cal/Ang**2/mol kcal/mol  
 ---------------------------------------------- 
  H   C        112.101     -51.536      -5.777
  H   O          3.040     -27.476      -0.084
  C   C         55.033     -87.925      -4.839
  O   C         56.202     -22.247      -1.250
  O   O          0.000    -112.781      -0.000
  C   N         20.371    -141.360      -2.880
  N   C         99.617       0.000       0.000
  N  C(3)        0.000       0.000       0.000
  O   N          0.000      69.634       0.000

 Subtotal:                             -14.829
 ---------------------------------------------- 

 NONAQUEOUS SOLVENT CONTRIBUTION (kcal/mol):
 (proportional to SASA, atomic number independent)
 ---------------------------------------------- 
 Subtotal:                               8.925
 ---------------------------------------------- 

 CDS TOTAL (kcal/mol):                  -0.636
...............................................................................
