----------------------------------------------- 
  Element       SASA      Sigma Z        Total  
     Z         Ang**2 cal/Ang**2/mol   kcal/mol 
----------------------------------------------- 
      H        193.019       0.000       0.000
      C         94.230     111.253      10.483
      N         47.575      46.223       2.199
      O         85.666     -63.418      -5.433

 Subtotal:     420.490                   7.250
 -----------------------------------------------

  Elements    COT*SASA   Sigma Z,Z'     Total   
    Z,Z'       Ang**2  cal/Ang**2/mol kcal/mol  
 ---------------------------------------------- 
  H   C        116.215     -51.536      -5.989
  H   O          4.634     -27.476      -0.127
  C   C         56.765     -87.925      -4.991
  O   C         31.302     -22.247      -0.696
  O   O          0.000    -112.781      -0.000
  C   N         21.121    -141.360      -2.986
  N   C         92.199       0.000       0.000
  N  C(3)        0.165       0.000       0.000
  O   N          0.000      69.634       0.000

 Subtotal:                             -14.790
 ---------------------------------------------- 

 NONAQUEOUS SOLVENT CONTRIBUTION (kcal/mol):
 (proportional to SASA, atomic number independent)
 ---------------------------------------------- 
 Subtotal:                               9.092
 ---------------------------------------------- 

 CDS TOTAL (kcal/mol):                   1.552
...............................................................................
