----------------------------------------------- 
  Element       SASA      Sigma Z        Total  
     Z         Ang**2 cal/Ang**2/mol   kcal/mol 
----------------------------------------------- 
      H        108.596       0.000       0.000
      C         53.591     111.253       5.962
      N         17.788      46.223       0.822
      O         45.730     -63.418      -2.900

 Subtotal:     225.704                   3.884
 -----------------------------------------------

  Elements    COT*SASA   Sigma Z,Z'     Total   
    Z,Z'       Ang**2  cal/Ang**2/mol kcal/mol  
 ---------------------------------------------- 
  H   C         73.202     -51.536      -3.773
  H   O          0.000     -27.476      -0.000
  C   C         20.368     -87.925      -1.791
  O   C         28.179     -22.247      -0.627
  O   O          0.000    -112.781      -0.000
  C   N         12.068    -141.360      -1.706
  N   C         36.607       0.000       0.000
  N  C(3)        0.000       0.000       0.000
  O   N          0.000      69.634       0.000

 Subtotal:                              -7.896
 ---------------------------------------------- 

 NONAQUEOUS SOLVENT CONTRIBUTION (kcal/mol):
 (proportional to SASA, atomic number independent)
 ---------------------------------------------- 
 Subtotal:                               4.880
 ---------------------------------------------- 

 CDS TOTAL (kcal/mol):                   0.868
...............................................................................
