----------------------------------------------- 
  Element       SASA      Sigma Z        Total  
     Z         Ang**2 cal/Ang**2/mol   kcal/mol 
----------------------------------------------- 
      H        215.082       0.000       0.000
      C        111.103     111.253      12.361
      N         12.274      46.223       0.567
      O         51.374     -63.418      -3.258
      F         24.358       0.000       0.000

 Subtotal:     414.191                   9.670
 -----------------------------------------------

  Elements    COT*SASA   Sigma Z,Z'     Total   
    Z,Z'       Ang**2  cal/Ang**2/mol kcal/mol  
 ---------------------------------------------- 
  H   C        121.192     -51.536      -6.246
  H   O          4.886     -27.476      -0.134
  C   C        110.573     -87.925      -9.722
  O   C         28.205     -22.247      -0.627
  O   O          0.000    -112.781      -0.000
  C   N         18.319    -141.360      -2.590
  N   C         46.256       0.000       0.000
  N  C(3)        0.277       0.000       0.000
  O   N          0.000      69.634       0.000

 Subtotal:                             -19.319
 ---------------------------------------------- 

 NONAQUEOUS SOLVENT CONTRIBUTION (kcal/mol):
 (proportional to SASA, atomic number independent)
 ---------------------------------------------- 
 Subtotal:                               8.956
 ---------------------------------------------- 

 CDS TOTAL (kcal/mol):                  -0.693
...............................................................................
