----------------------------------------------- 
  Element       SASA      Sigma Z        Total  
     Z         Ang**2 cal/Ang**2/mol   kcal/mol 
----------------------------------------------- 
      H        190.015       0.000       0.000
      C         99.732     111.253      11.096
      N         47.902      46.223       2.214
      O         77.431     -63.418      -4.910

 Subtotal:     415.080                   8.399
 -----------------------------------------------

  Elements    COT*SASA   Sigma Z,Z'     Total   
    Z,Z'       Ang**2  cal/Ang**2/mol kcal/mol  
 ---------------------------------------------- 
  H   C        116.012     -51.536      -5.979
  H   O          4.948     -27.476      -0.136
  C   C         59.165     -87.925      -5.202
  O   C         43.220     -22.247      -0.962
  O   O          0.000    -112.781      -0.000
  C   N         27.182    -141.360      -3.842
  N   C         96.004       0.000       0.000
  N  C(3)        0.000       0.000       0.000
  O   N          0.000      69.634       0.000

 Subtotal:                             -16.121
 ---------------------------------------------- 

 NONAQUEOUS SOLVENT CONTRIBUTION (kcal/mol):
 (proportional to SASA, atomic number independent)
 ---------------------------------------------- 
 Subtotal:                               8.975
 ---------------------------------------------- 

 CDS TOTAL (kcal/mol):                   1.254
...............................................................................
