----------------------------------------------- 
  Element       SASA      Sigma Z        Total  
     Z         Ang**2 cal/Ang**2/mol   kcal/mol 
----------------------------------------------- 
      H        108.814       0.000       0.000
      C         53.282     111.253       5.928
      N         32.327      46.223       1.494
      O         27.782     -63.418      -1.762

 Subtotal:     222.205                   5.660
 -----------------------------------------------

  Elements    COT*SASA   Sigma Z,Z'     Total   
    Z,Z'       Ang**2  cal/Ang**2/mol kcal/mol  
 ---------------------------------------------- 
  H   C         73.360     -51.536      -3.781
  H   O          0.000     -27.476      -0.000
  C   C         21.100     -87.925      -1.855
  O   C         15.172     -22.247      -0.338
  O   O          0.000    -112.781      -0.000
  C   N          7.316    -141.360      -1.034
  N   C         42.538       0.000       0.000
  N  C(3)        0.000       0.000       0.000
  O   N          0.000      69.634       0.000

 Subtotal:                              -7.008
 ---------------------------------------------- 

 NONAQUEOUS SOLVENT CONTRIBUTION (kcal/mol):
 (proportional to SASA, atomic number independent)
 ---------------------------------------------- 
 Subtotal:                               4.805
 ---------------------------------------------- 

 CDS TOTAL (kcal/mol):                   3.457
...............................................................................
