----------------------------------------------- 
  Element       SASA      Sigma Z        Total  
     Z         Ang**2 cal/Ang**2/mol   kcal/mol 
----------------------------------------------- 
      H        175.839       0.000       0.000
      C        101.887     111.253      11.335
      N         32.101      46.223       1.484
      O         96.274     -63.418      -6.105

 Subtotal:     406.101                   6.714
 -----------------------------------------------

  Elements    COT*SASA   Sigma Z,Z'     Total   
    Z,Z'       Ang**2  cal/Ang**2/mol kcal/mol  
 ---------------------------------------------- 
  H   C        110.889     -51.536      -5.715
  H   O          0.000     -27.476      -0.000
  C   C         59.856     -87.925      -5.263
  O   C         56.325     -22.247      -1.253
  O   O          0.000    -112.781      -0.000
  C   N         31.619    -141.360      -4.470
  N   C         85.743       0.000       0.000
  N  C(3)        0.004       0.000       0.000
  O   N          0.000      69.634       0.000

 Subtotal:                             -16.700
 ---------------------------------------------- 

 NONAQUEOUS SOLVENT CONTRIBUTION (kcal/mol):
 (proportional to SASA, atomic number independent)
 ---------------------------------------------- 
 Subtotal:                               8.781
 ---------------------------------------------- 

 CDS TOTAL (kcal/mol):                  -1.206
...............................................................................
