----------------------------------------------- 
  Element       SASA      Sigma Z        Total  
     Z         Ang**2 cal/Ang**2/mol   kcal/mol 
----------------------------------------------- 
      H        222.363       0.000       0.000
      C        107.704     111.253      11.982
      N         13.965      46.223       0.646
      O         48.674     -63.418      -3.087
      F         24.364       0.000       0.000

 Subtotal:     417.071                   9.541
 -----------------------------------------------

  Elements    COT*SASA   Sigma Z,Z'     Total   
    Z,Z'       Ang**2  cal/Ang**2/mol kcal/mol  
 ---------------------------------------------- 
  H   C        125.277     -51.536      -6.456
  H   O          6.690     -27.476      -0.184
  C   C        106.229     -87.925      -9.340
  O   C         23.502     -22.247      -0.523
  O   O          0.000    -112.781      -0.000
  C   N         21.185    -141.360      -2.995
  N   C         88.984       0.000       0.000
  N  C(3)        0.075       0.000       0.000
  O   N          0.000      69.634       0.000

 Subtotal:                             -19.498
 ---------------------------------------------- 

 NONAQUEOUS SOLVENT CONTRIBUTION (kcal/mol):
 (proportional to SASA, atomic number independent)
 ---------------------------------------------- 
 Subtotal:                               9.018
 ---------------------------------------------- 

 CDS TOTAL (kcal/mol):                  -0.938
...............................................................................
