----------------------------------------------- 
  Element       SASA      Sigma Z        Total  
     Z         Ang**2 cal/Ang**2/mol   kcal/mol 
----------------------------------------------- 
      H        202.902       0.000       0.000
      C        102.487     111.253      11.402
      N         37.524      46.223       1.734
      O         86.822     -63.418      -5.506

 Subtotal:     429.735                   7.630
 -----------------------------------------------

  Elements    COT*SASA   Sigma Z,Z'     Total   
    Z,Z'       Ang**2  cal/Ang**2/mol kcal/mol  
 ---------------------------------------------- 
  H   C        124.506     -51.536      -6.417
  H   O          7.879     -27.476      -0.216
  C   C         58.903     -87.925      -5.179
  O   C         47.690     -22.247      -1.061
  O   O          0.000    -112.781      -0.000
  C   N         27.538    -141.360      -3.893
  N   C         75.087       0.000       0.000
  N  C(3)        0.000       0.000       0.000
  O   N          0.000      69.634       0.000

 Subtotal:                             -16.766
 ---------------------------------------------- 

 NONAQUEOUS SOLVENT CONTRIBUTION (kcal/mol):
 (proportional to SASA, atomic number independent)
 ---------------------------------------------- 
 Subtotal:                               9.292
 ---------------------------------------------- 

 CDS TOTAL (kcal/mol):                   0.157
...............................................................................
