----------------------------------------------- 
  Element       SASA      Sigma Z        Total  
     Z         Ang**2 cal/Ang**2/mol   kcal/mol 
----------------------------------------------- 
      H        205.668       0.000       0.000
      C         92.030     111.253      10.239
      N         36.197      46.223       1.673
      O         96.944     -63.418      -6.148

 Subtotal:     430.839                   5.764
 -----------------------------------------------

  Elements    COT*SASA   Sigma Z,Z'     Total   
    Z,Z'       Ang**2  cal/Ang**2/mol kcal/mol  
 ---------------------------------------------- 
  H   C        130.997     -51.536      -6.751
  H   O          4.483     -27.476      -0.123
  C   C         56.309     -87.925      -4.951
  O   C         44.017     -22.247      -0.979
  O   O          0.000    -112.781      -0.000
  C   N         22.659    -141.360      -3.203
  N   C         93.374       0.000       0.000
  N  C(3)        0.000       0.000       0.000
  O   N          0.000      69.634       0.000

 Subtotal:                             -16.008
 ---------------------------------------------- 

 NONAQUEOUS SOLVENT CONTRIBUTION (kcal/mol):
 (proportional to SASA, atomic number independent)
 ---------------------------------------------- 
 Subtotal:                               9.316
 ---------------------------------------------- 

 CDS TOTAL (kcal/mol):                  -0.928
...............................................................................
