----------------------------------------------- 
  Element       SASA      Sigma Z        Total  
     Z         Ang**2 cal/Ang**2/mol   kcal/mol 
----------------------------------------------- 
      H        184.628       0.000       0.000
      C        100.670     111.253      11.200
      N         49.361      46.223       2.282
      O         82.246     -63.418      -5.216

 Subtotal:     416.905                   8.266
 -----------------------------------------------

  Elements    COT*SASA   Sigma Z,Z'     Total   
    Z,Z'       Ang**2  cal/Ang**2/mol kcal/mol  
 ---------------------------------------------- 
  H   C        115.527     -51.536      -5.954
  H   O          6.489     -27.476      -0.178
  C   C         60.215     -87.925      -5.294
  O   C         41.859     -22.247      -0.931
  O   O          0.000    -112.781      -0.000
  C   N         26.778    -141.360      -3.785
  N   C        104.854       0.000       0.000
  N  C(3)        0.000       0.000       0.000
  O   N          0.000      69.634       0.000

 Subtotal:                             -16.143
 ---------------------------------------------- 

 NONAQUEOUS SOLVENT CONTRIBUTION (kcal/mol):
 (proportional to SASA, atomic number independent)
 ---------------------------------------------- 
 Subtotal:                               9.015
 ---------------------------------------------- 

 CDS TOTAL (kcal/mol):                   1.137
...............................................................................
