----------------------------------------------- 
  Element       SASA      Sigma Z        Total  
     Z         Ang**2 cal/Ang**2/mol   kcal/mol 
----------------------------------------------- 
      H        190.172       0.000       0.000
      C         85.203     111.253       9.479
      N         42.770      46.223       1.977
      O        101.611     -63.418      -6.444

 Subtotal:     419.756                   5.012
 -----------------------------------------------

  Elements    COT*SASA   Sigma Z,Z'     Total   
    Z,Z'       Ang**2  cal/Ang**2/mol kcal/mol  
 ---------------------------------------------- 
  H   C        117.100     -51.536      -6.035
  H   O          0.000     -27.476      -0.000
  C   C         55.915     -87.925      -4.916
  O   C         58.778     -22.247      -1.308
  O   O          0.000    -112.781      -0.000
  C   N         16.200    -141.360      -2.290
  N   C        103.677       0.000       0.000
  N  C(3)        0.000       0.000       0.000
  O   N          0.000      69.634       0.000

 Subtotal:                             -14.549
 ---------------------------------------------- 

 NONAQUEOUS SOLVENT CONTRIBUTION (kcal/mol):
 (proportional to SASA, atomic number independent)
 ---------------------------------------------- 
 Subtotal:                               9.076
 ---------------------------------------------- 

 CDS TOTAL (kcal/mol):                  -0.460
...............................................................................
