----------------------------------------------- 
  Element       SASA      Sigma Z        Total  
     Z         Ang**2 cal/Ang**2/mol   kcal/mol 
----------------------------------------------- 
      H        177.905       0.000       0.000
      C         93.409     111.253      10.392
      N         42.063      46.223       1.944
      O        101.563     -63.418      -6.441

 Subtotal:     414.940                   5.895
 -----------------------------------------------

  Elements    COT*SASA   Sigma Z,Z'     Total   
    Z,Z'       Ang**2  cal/Ang**2/mol kcal/mol  
 ---------------------------------------------- 
  H   C        108.830     -51.536      -5.609
  H   O          0.000     -27.476      -0.000
  C   C         55.476     -87.925      -4.878
  O   C         42.017     -22.247      -0.935
  O   O          0.000    -112.781      -0.000
  C   N         21.321    -141.360      -3.014
  N   C         79.689       0.000       0.000
  N  C(3)        0.000       0.000       0.000
  O   N          0.000      69.634       0.000

 Subtotal:                             -14.435
 ---------------------------------------------- 

 NONAQUEOUS SOLVENT CONTRIBUTION (kcal/mol):
 (proportional to SASA, atomic number independent)
 ---------------------------------------------- 
 Subtotal:                               8.972
 ---------------------------------------------- 

 CDS TOTAL (kcal/mol):                   0.433
...............................................................................
