submitit INFO (2023-06-20 17:31:55,848) - Starting with JobEnvironment(job_id=40877485, hostname=node308.cluster, local_rank=0(1), node=0(1), global_rank=0(1))
submitit INFO (2023-06-20 17:31:55,848) - Loading pickle: /lustre/hpc/kemi/ree/PhD/git/ReactivityQM/submitit_results/R02deprot/40877485_submitted.pkl
WARNING! Input/output mismatch for R02deprot_reac01prodE02_conf16_gfn1.xyz
WARNING! Input/output mismatch for R02deprot_reac01prodE02_conf14_gfn1.xyz
WARNING! Input/output mismatch for R02deprot_reac01prodN05_conf17_gfn1.xyz
WARNING! Input/output mismatch for R02deprot_reac01prodN05_conf16_gfn1.xyz
WARNING! Input/output mismatch for R02deprot_reac01prodN05_conf02_gfn1.xyz
WARNING! Input/output mismatch for R02deprot_reac01prodN05_conf15_gfn1.xyz
WARNING! Input/output mismatch for R02deprot_reac01prodN05_conf03_gfn1.xyz
WARNING! Input/output mismatch for R02deprot_reac01prodN05_conf20_gfn1.xyz
WARNING! Input/output mismatch for R02deprot_reac01prodN05_conf04_gfn1.xyz
WARNING! Input/output mismatch for R02deprot_reac01prodN09_conf09_gfn1.xyz
WARNING! Input/output mismatch for R02deprot_reac01prodN09_conf07_gfn1.xyz
WARNING! Input/output mismatch for R02deprot_reac01prodN09_conf08_gfn1.xyz
WARNING! Input/output mismatch for R02deprot_reac01prodN11_conf18_gfn1.xyz
WARNING! Input/output mismatch for R02deprot_reac01prodN11_conf14_gfn1.xyz
WARNING! Input/output mismatch for R02deprot_reac01prodN11_conf09_gfn1.xyz
WARNING! Input/output mismatch for R02deprot_reac01prodN11_conf12_gfn1.xyz
WARNING! Input/output mismatch for R02deprot_reac01prodN12_conf13_gfn1.xyz
WARNING! Input/output mismatch for R02deprot_reac01prodN13_conf16_gfn1.xyz
WARNING! Input/output mismatch for R02deprot_reac01prodN13_conf08_gfn1.xyz
WARNING! Input/output mismatch for R02deprot_reac01prodN13_conf10_gfn1.xyz
WARNING! Input/output mismatch for R02deprot_reac01prodN13_conf07_gfn1.xyz
WARNING! Input/output mismatch for R02deprot_reac01prodN13_conf13_gfn1.xyz
WARNING! Input/output mismatch for R02deprot_reac01prodN13_conf19_gfn1.xyz
WARNING! Input/output mismatch for R02deprot_reac01prodN13_conf11_gfn1.xyz
WARNING! Input/output mismatch for R02deprot_reac01prodN13_conf02_gfn1.xyz
WARNING! Input/output mismatch for R02deprot_reac01prodN15_conf06_gfn1.xyz
WARNING! Input/output mismatch for R02deprot_reac01prodN15_conf17_gfn1.xyz
WARNING! Input/output mismatch for R02deprot_reac01prodN15_conf12_gfn1.xyz
WARNING! Input/output mismatch for R02deprot_reac01prodN15_conf11_gfn1.xyz
WARNING! Input/output mismatch for R02deprot_reac01prodN15_conf20_gfn1.xyz
WARNING! Input/output mismatch for R02deprot_reac01prodN15_conf09_gfn1.xyz
WARNING! Input/output mismatch for R02deprot_reac01prodN15_conf07_gfn1.xyz
WARNING! Input/output mismatch for R02deprot_reac01prodN15_conf15_gfn1.xyz
WARNING! Input/output mismatch for R02deprot_reac01prodN18_conf08_gfn1.xyz
WARNING! Input/output mismatch for R02deprot_reac01prodN18_conf04_gfn1.xyz
Reactant - #1
Electrophilic sites: 
 ['Amide', 'Ester', 'double_bond', 'double_bond', 'double_bond', 'double_bond', 'double_bond', 'double_bond', 'double_bond', 'double_bond', 'double_bond', 'double_bond', 'double_bond', 'double_bond'] 
 [11, 2, 3, 4, 5, 6, 12, 13, 14, 15, 16, 20, 21, 22] 
 [105.29928708681837, 177.29804166033864, -66.73010995052755, 51.53099685302004, -61.7408247073181, 37.561009297613055, -0.9654582287184894, 154.4989178017713, 44.52630995726213, -61.23822720441967, 182.47834076918662, 34.50445263227448, -52.243958455044776, 127.95451034652069]
Nucleophilic sites: 
 ['Ether', 'Amide', 'Nitranion', 'Ester', 'Phenol', 'Pyridine_like_nitrogen', 'Pyridine_like_nitrogen', 'Pyridine_like_nitrogen', 'double_bond', 'double_bond', 'double_bond', 'double_bond', 'double_bond', 'double_bond', 'double_bond', 'double_bond', 'atom_with_lone_pair', 'atom_with_lone_pair', 'atom_with_lone_pair'] 
 [18, 12, 19, 3, 23, 5, 14, 15, 2, 4, 6, 11, 13, 16, 20, 22, 1, 10, 21] 
 [174.4866111096926, 338.39411234715953, 489.3584302198142, 331.35532238474116, 317.6004778952338, 441.3542883717455, 416.1477764137089, 418.64184406539425, 351.2071495624259, 322.8120121457614, 367.1031711315736, 190.576281321235, 395.25193524127826, 262.4232326122001, 373.4560272716917, 376.07426565280184, 274.8645646092482, 449.7268572677858, 454.13471780344844]
Reactant - #2
Electrophilic sites: 
 [] 
 [] 
 []
Nucleophilic sites: 
 ['atom_with_lone_pair'] 
 [2] 
 [269.8670016297838]
submitit INFO (2023-06-20 18:33:23,621) - Job completed successfully
