----------------------------------------------- 
  Element       SASA      Sigma Z        Total  
     Z         Ang**2 cal/Ang**2/mol   kcal/mol 
----------------------------------------------- 
      H        177.224       0.000       0.000
      C         90.786     111.253      10.100
      N         38.037      46.223       1.758
      O        104.042     -63.418      -6.598

 Subtotal:     410.089                   5.260
 -----------------------------------------------

  Elements    COT*SASA   Sigma Z,Z'     Total   
    Z,Z'       Ang**2  cal/Ang**2/mol kcal/mol  
 ---------------------------------------------- 
  H   C        112.940     -51.536      -5.821
  H   O          0.502     -27.476      -0.014
  C   C         54.314     -87.925      -4.776
  O   C         62.256     -22.247      -1.385
  O   O          0.000    -112.781      -0.000
  C   N         22.469    -141.360      -3.176
  N   C         64.885       0.000       0.000
  N  C(3)        0.573       0.000       0.000
  O   N          0.000      69.634       0.000

 Subtotal:                             -15.171
 ---------------------------------------------- 

 NONAQUEOUS SOLVENT CONTRIBUTION (kcal/mol):
 (proportional to SASA, atomic number independent)
 ---------------------------------------------- 
 Subtotal:                               8.867
 ---------------------------------------------- 

 CDS TOTAL (kcal/mol):                  -1.043
...............................................................................
