----------------------------------------------- 
  Element       SASA      Sigma Z        Total  
     Z         Ang**2 cal/Ang**2/mol   kcal/mol 
----------------------------------------------- 
      H         71.693       0.000       0.000
      C         44.808     111.253       4.985
      N         33.458      46.223       1.547
      O         32.218     -63.418      -2.043
      Cl        23.936     -34.447      -0.825

 Subtotal:     206.114                   3.664
 -----------------------------------------------

  Elements    COT*SASA   Sigma Z,Z'     Total   
    Z,Z'       Ang**2  cal/Ang**2/mol kcal/mol  
 ---------------------------------------------- 
  H   C         48.352     -51.536      -2.492
  H   O          0.000     -27.476      -0.000
  C   C         21.687     -87.925      -1.907
  O   C         21.333     -22.247      -0.475
  O   O          0.000    -112.781      -0.000
  C   N          7.389    -141.360      -1.045
  N   C         44.180       0.000       0.000
  N  C(3)        0.000       0.000       0.000
  O   N          0.000      69.634       0.000

 Subtotal:                              -5.918
 ---------------------------------------------- 

 NONAQUEOUS SOLVENT CONTRIBUTION (kcal/mol):
 (proportional to SASA, atomic number independent)
 ---------------------------------------------- 
 Subtotal:                               4.457
 ---------------------------------------------- 

 CDS TOTAL (kcal/mol):                   2.203
...............................................................................
