----------------------------------------------- 
  Element       SASA      Sigma Z        Total  
     Z         Ang**2 cal/Ang**2/mol   kcal/mol 
----------------------------------------------- 
      H        189.524       0.000       0.000
      C         92.685     111.253      10.312
      N         35.101      46.223       1.622
      O        105.459     -63.418      -6.688

 Subtotal:     422.769                   5.246
 -----------------------------------------------

  Elements    COT*SASA   Sigma Z,Z'     Total   
    Z,Z'       Ang**2  cal/Ang**2/mol kcal/mol  
 ---------------------------------------------- 
  H   C        116.910     -51.536      -6.025
  H   O          0.000     -27.476      -0.000
  C   C         55.788     -87.925      -4.905
  O   C         55.577     -22.247      -1.236
  O   O          0.000    -112.781      -0.000
  C   N         22.807    -141.360      -3.224
  N   C        106.126       0.000       0.000
  N  C(3)        0.065       0.000       0.000
  O   N          0.000      69.634       0.000

 Subtotal:                             -15.391
 ---------------------------------------------- 

 NONAQUEOUS SOLVENT CONTRIBUTION (kcal/mol):
 (proportional to SASA, atomic number independent)
 ---------------------------------------------- 
 Subtotal:                               9.142
 ---------------------------------------------- 

 CDS TOTAL (kcal/mol):                  -1.003
...............................................................................
