----------------------------------------------- 
  Element       SASA      Sigma Z        Total  
     Z         Ang**2 cal/Ang**2/mol   kcal/mol 
----------------------------------------------- 
      H        227.061       0.000       0.000
      C        105.709     111.253      11.760
      N         17.004      46.223       0.786
      O         56.359     -63.418      -3.574
      F         22.978       0.000       0.000

 Subtotal:     429.110                   8.972
 -----------------------------------------------

  Elements    COT*SASA   Sigma Z,Z'     Total   
    Z,Z'       Ang**2  cal/Ang**2/mol kcal/mol  
 ---------------------------------------------- 
  H   C        127.846     -51.536      -6.589
  H   O          4.531     -27.476      -0.125
  C   C        102.953     -87.925      -9.052
  O   C         27.578     -22.247      -0.614
  O   O          0.000    -112.781      -0.000
  C   N         23.022    -141.360      -3.254
  N   C         71.748       0.000       0.000
  N  C(3)        0.000       0.000       0.000
  O   N          0.000      69.634       0.000

 Subtotal:                             -19.633
 ---------------------------------------------- 

 NONAQUEOUS SOLVENT CONTRIBUTION (kcal/mol):
 (proportional to SASA, atomic number independent)
 ---------------------------------------------- 
 Subtotal:                               9.279
 ---------------------------------------------- 

 CDS TOTAL (kcal/mol):                  -1.382
...............................................................................
