----------------------------------------------- 
  Element       SASA      Sigma Z        Total  
     Z         Ang**2 cal/Ang**2/mol   kcal/mol 
----------------------------------------------- 
      H        199.550       0.000       0.000
      C         91.569     111.253      10.187
      N         41.193      46.223       1.904
      O         96.166     -63.418      -6.099

 Subtotal:     428.477                   5.993
 -----------------------------------------------

  Elements    COT*SASA   Sigma Z,Z'     Total   
    Z,Z'       Ang**2  cal/Ang**2/mol kcal/mol  
 ---------------------------------------------- 
  H   C        126.708     -51.536      -6.530
  H   O          4.544     -27.476      -0.125
  C   C         54.510     -87.925      -4.793
  O   C         41.858     -22.247      -0.931
  O   O          0.000    -112.781      -0.000
  C   N         26.938    -141.360      -3.808
  N   C         81.078       0.000       0.000
  N  C(3)        0.000       0.000       0.000
  O   N          0.000      69.634       0.000

 Subtotal:                             -16.187
 ---------------------------------------------- 

 NONAQUEOUS SOLVENT CONTRIBUTION (kcal/mol):
 (proportional to SASA, atomic number independent)
 ---------------------------------------------- 
 Subtotal:                               9.265
 ---------------------------------------------- 

 CDS TOTAL (kcal/mol):                  -0.929
...............................................................................
