----------------------------------------------- 
  Element       SASA      Sigma Z        Total  
     Z         Ang**2 cal/Ang**2/mol   kcal/mol 
----------------------------------------------- 
      H        188.518       0.000       0.000
      C         84.534     111.253       9.405
      N         40.088      46.223       1.853
      O         96.442     -63.418      -6.116

 Subtotal:     409.582                   5.141
 -----------------------------------------------

  Elements    COT*SASA   Sigma Z,Z'     Total   
    Z,Z'       Ang**2  cal/Ang**2/mol kcal/mol  
 ---------------------------------------------- 
  H   C        116.621     -51.536      -6.010
  H   O          5.030     -27.476      -0.138
  C   C         55.837     -87.925      -4.909
  O   C         46.265     -22.247      -1.029
  O   O          0.000    -112.781      -0.000
  C   N         18.651    -141.360      -2.637
  N   C         99.160       0.000       0.000
  N  C(3)        1.051       0.000       0.000
  O   N          0.000      69.634       0.000

 Subtotal:                             -14.724
 ---------------------------------------------- 

 NONAQUEOUS SOLVENT CONTRIBUTION (kcal/mol):
 (proportional to SASA, atomic number independent)
 ---------------------------------------------- 
 Subtotal:                               8.856
 ---------------------------------------------- 

 CDS TOTAL (kcal/mol):                  -0.726
...............................................................................
