----------------------------------------------- 
  Element       SASA      Sigma Z        Total  
     Z         Ang**2 cal/Ang**2/mol   kcal/mol 
----------------------------------------------- 
      H        185.820       0.000       0.000
      C         93.279     111.253      10.378
      N         41.936      46.223       1.938
      O         99.722     -63.418      -6.324

 Subtotal:     420.758                   5.992
 -----------------------------------------------

  Elements    COT*SASA   Sigma Z,Z'     Total   
    Z,Z'       Ang**2  cal/Ang**2/mol kcal/mol  
 ---------------------------------------------- 
  H   C        113.949     -51.536      -5.872
  H   O          0.000     -27.476      -0.000
  C   C         55.069     -87.925      -4.842
  O   C         45.877     -22.247      -1.021
  O   O          0.000    -112.781      -0.000
  C   N         22.789    -141.360      -3.221
  N   C         84.038       0.000       0.000
  N  C(3)        0.003       0.000       0.000
  O   N          0.000      69.634       0.000

 Subtotal:                             -14.956
 ---------------------------------------------- 

 NONAQUEOUS SOLVENT CONTRIBUTION (kcal/mol):
 (proportional to SASA, atomic number independent)
 ---------------------------------------------- 
 Subtotal:                               9.098
 ---------------------------------------------- 

 CDS TOTAL (kcal/mol):                   0.134
...............................................................................
