----------------------------------------------- 
  Element       SASA      Sigma Z        Total  
     Z         Ang**2 cal/Ang**2/mol   kcal/mol 
----------------------------------------------- 
      H        179.076       0.000       0.000
      C         97.155     111.253      10.809
      N         48.108      46.223       2.224
      O         92.433     -63.418      -5.862

 Subtotal:     416.772                   7.171
 -----------------------------------------------

  Elements    COT*SASA   Sigma Z,Z'     Total   
    Z,Z'       Ang**2  cal/Ang**2/mol kcal/mol  
 ---------------------------------------------- 
  H   C        110.819     -51.536      -5.711
  H   O          6.649     -27.476      -0.183
  C   C         57.876     -87.925      -5.089
  O   C         31.355     -22.247      -0.698
  O   O          0.000    -112.781      -0.000
  C   N         26.739    -141.360      -3.780
  N   C        100.948       0.000       0.000
  N  C(3)        0.000       0.000       0.000
  O   N          0.000      69.634       0.000

 Subtotal:                             -15.460
 ---------------------------------------------- 

 NONAQUEOUS SOLVENT CONTRIBUTION (kcal/mol):
 (proportional to SASA, atomic number independent)
 ---------------------------------------------- 
 Subtotal:                               9.012
 ---------------------------------------------- 

 CDS TOTAL (kcal/mol):                   0.723
...............................................................................
