submitit INFO (2023-06-21 17:00:26,434) - Starting with JobEnvironment(job_id=40895826, hostname=node070.cluster, local_rank=0(1), node=0(1), global_rank=0(1))
submitit INFO (2023-06-21 17:00:26,435) - Loading pickle: /lustre/hpc/kemi/ree/PhD/git/ReactivityQM/submitit_results/R02oxygendeprot/40895826_submitted.pkl
WARNING! Input/output mismatch for R02oxygendeprot_reac01prodE08_conf10_gfn1.xyz
WARNING! Input/output mismatch for R02oxygendeprot_reac01prodE08_conf19_gfn1.xyz
WARNING! Input/output mismatch for R02oxygendeprot_reac01prodE08_conf20_gfn1.xyz
WARNING! Input/output mismatch for R02oxygendeprot_reac01prodE08_conf06_gfn1.xyz
WARNING! Input/output mismatch for R02oxygendeprot_reac01prodE08_conf12_gfn1.xyz
WARNING! Input/output mismatch for R02oxygendeprot_reac01prodE08_conf14_gfn1.xyz
WARNING! Input/output mismatch for R02oxygendeprot_reac01prodE08_conf13_gfn1.xyz
WARNING! Input/output mismatch for R02oxygendeprot_reac01prodE08_conf02_gfn1.xyz
WARNING! Input/output mismatch for R02oxygendeprot_reac01prodE08_conf11_gfn1.xyz
WARNING! Input/output mismatch for R02oxygendeprot_reac01prodE08_conf07_gfn1.xyz
WARNING! Input/output mismatch for R02oxygendeprot_reac01prodE10_conf07_gfn1.xyz
WARNING! Input/output mismatch for R02oxygendeprot_reac01prodE12_conf07_gfn1.xyz
WARNING! Input/output mismatch for R02oxygendeprot_reac01prodE12_conf20_gfn1.xyz
WARNING! Input/output mismatch for R02oxygendeprot_reac01prodE12_conf10_gfn1.xyz
WARNING! Input/output mismatch for R02oxygendeprot_reac01prodE12_conf05_gfn1.xyz
WARNING! Input/output mismatch for R02oxygendeprot_reac01prodE12_conf12_gfn1.xyz
WARNING! Input/output mismatch for R02oxygendeprot_reac01prodE12_conf18_gfn1.xyz
WARNING! Input/output mismatch for R02oxygendeprot_reac01prodN09_conf12_gfn1.xyz
WARNING! Input/output mismatch for R02oxygendeprot_reac01prodN09_conf09_gfn1.xyz
WARNING! Input/output mismatch for R02oxygendeprot_reac01prodN09_conf07_gfn1.xyz
WARNING! Input/output mismatch for R02oxygendeprot_reac01prodN09_conf04_gfn1.xyz
WARNING! Input/output mismatch for R02oxygendeprot_reac01prodN09_conf11_gfn1.xyz
WARNING! Input/output mismatch for R02oxygendeprot_reac01prodN09_conf18_gfn1.xyz
WARNING! Input/output mismatch for R02oxygendeprot_reac01prodN09_conf02_gfn1.xyz
WARNING! Input/output mismatch for R02oxygendeprot_reac01prodN09_conf03_gfn1.xyz
WARNING! Input/output mismatch for R02oxygendeprot_reac01prodN09_conf05_gfn1.xyz
WARNING! Input/output mismatch for R02oxygendeprot_reac01prodN11_conf06_gfn1.xyz
WARNING! Input/output mismatch for R02oxygendeprot_reac01prodN14_conf17_gfn1.xyz
WARNING! Input/output mismatch for R02oxygendeprot_reac01prodN14_conf09_gfn1.xyz
WARNING! Input/output mismatch for R02oxygendeprot_reac01prodN14_conf02_gfn1.xyz
WARNING! Input/output mismatch for R02oxygendeprot_reac01prodN14_conf15_gfn1.xyz
WARNING! Input/output mismatch for R02oxygendeprot_reac01prodN14_conf20_gfn1.xyz
WARNING! Input/output mismatch for R02oxygendeprot_reac01prodN14_conf12_gfn1.xyz
WARNING! Input/output mismatch for R02oxygendeprot_reac01prodN14_conf07_gfn1.xyz
WARNING! Input/output mismatch for R02oxygendeprot_reac01prodN14_conf10_gfn1.xyz
WARNING! Input/output mismatch for R02oxygendeprot_reac01prodN14_conf18_gfn1.xyz
WARNING! Input/output mismatch for R02oxygendeprot_reac01prodN14_conf08_gfn1.xyz
WARNING! Input/output mismatch for R02oxygendeprot_reac01prodN14_conf04_gfn1.xyz
WARNING! Input/output mismatch for R02oxygendeprot_reac01prodN14_conf05_gfn1.xyz
WARNING! Input/output mismatch for R02oxygendeprot_reac01prodN15_conf08_gfn1.xyz
WARNING! Input/output mismatch for R02oxygendeprot_reac01prodN15_conf02_gfn1.xyz
WARNING! Input/output mismatch for R02oxygendeprot_reac01prodN15_conf11_gfn1.xyz
WARNING! Input/output mismatch for R02oxygendeprot_reac01prodN15_conf12_gfn1.xyz
WARNING! Input/output mismatch for R02oxygendeprot_reac01prodN15_conf18_gfn1.xyz
WARNING! Input/output mismatch for R02oxygendeprot_reac01prodN15_conf20_gfn1.xyz
WARNING! Input/output mismatch for R02oxygendeprot_reac01prodN15_conf03_gfn1.xyz
WARNING! Input/output mismatch for R02oxygendeprot_reac01prodN15_conf15_gfn1.xyz
WARNING! Input/output mismatch for R02oxygendeprot_reac01prodN15_conf19_gfn1.xyz
WARNING! Input/output mismatch for R02oxygendeprot_reac01prodN15_conf16_gfn1.xyz
WARNING! Input/output mismatch for R02oxygendeprot_reac01prodN15_conf13_gfn1.xyz
WARNING! Input/output mismatch for R02oxygendeprot_reac01prodN15_conf07_gfn1.xyz
WARNING! Input/output mismatch for R02oxygendeprot_reac01prodN17_conf12_gfn1.xyz
WARNING! Input/output mismatch for R02oxygendeprot_reac01prodN17_conf07_gfn1.xyz
WARNING! Input/output mismatch for R02oxygendeprot_reac01prodN17_conf03_gfn1.xyz
WARNING! Input/output mismatch for R02oxygendeprot_reac01prodN17_conf06_gfn1.xyz
WARNING! Input/output mismatch for R02oxygendeprot_reac01prodN17_conf20_gfn1.xyz
Reactant - #1
Electrophilic sites: 
 ['Amide', 'Ester', 'double_bond', 'double_bond', 'double_bond', 'double_bond', 'double_bond', 'double_bond', 'double_bond', 'double_bond', 'double_bond', 'double_bond', 'double_bond', 'double_bond'] 
 [11, 2, 3, 4, 5, 6, 12, 13, 14, 15, 16, 20, 21, 22] 
 [151.7936240825802, 81.85738030681387, -108.3853462357074, 34.98439008742571, -45.165194030851126, 50.60058616660535, 14.926089636981487, 204.55281500564888, 71.3643516972661, -17.133328144904226, 206.87977431947365, 143.13933571940288, -77.24406505236402, 53.000795209780335]
Nucleophilic sites: 
 ['Ether', 'Amide', 'Enolate', 'Ester', 'Pyridine_like_nitrogen', 'Pyridine_like_nitrogen', 'Pyridine_like_nitrogen', 'anion_with_charge_minus1', 'double_bond', 'double_bond', 'double_bond', 'double_bond', 'double_bond', 'double_bond', 'double_bond', 'atom_with_lone_pair', 'atom_with_lone_pair', 'atom_with_lone_pair', 'atom_with_lone_pair'] 
 [18, 12, 4, 3, 5, 14, 15, 23, 2, 6, 11, 13, 16, 20, 22, 1, 10, 19, 21] 
 [174.45750405918807, 335.8256113282405, 477.66566940490156, 381.4488825877197, 424.9275324549526, 409.37723444309086, 418.4740506596863, 436.3065918823704, 465.4669009288773, 415.2508188011125, 218.05228868545964, 317.89160911086947, 280.77499168971553, 349.4326268900186, 419.48768334649503, 332.78570591658354, 439.3751907204278, 309.30348837422207, 388.73414510814473]
Reactant - #2
Electrophilic sites: 
 [] 
 [] 
 []
Nucleophilic sites: 
 ['atom_with_lone_pair'] 
 [2] 
 [269.86040908144787]
submitit INFO (2023-06-21 17:41:52,915) - Job completed successfully
