----------------------------------------------- 
  Element       SASA      Sigma Z        Total  
     Z         Ang**2 cal/Ang**2/mol   kcal/mol 
----------------------------------------------- 
      H        226.661       0.000       0.000
      C        120.795     111.253      13.439
      N         17.117      46.223       0.791
      O         34.372     -63.418      -2.180
      F         24.335       0.000       0.000

 Subtotal:     423.281                  12.050
 -----------------------------------------------

  Elements    COT*SASA   Sigma Z,Z'     Total   
    Z,Z'       Ang**2  cal/Ang**2/mol kcal/mol  
 ---------------------------------------------- 
  H   C        127.446     -51.536      -6.568
  H   O          4.849     -27.476      -0.133
  C   C        114.626     -87.925     -10.079
  O   C         17.370     -22.247      -0.386
  O   O          0.000    -112.781      -0.000
  C   N         23.701    -141.360      -3.350
  N   C         73.340       0.000       0.000
  N  C(3)        0.000       0.000       0.000
  O   N          0.000      69.634       0.000

 Subtotal:                             -20.517
 ---------------------------------------------- 

 NONAQUEOUS SOLVENT CONTRIBUTION (kcal/mol):
 (proportional to SASA, atomic number independent)
 ---------------------------------------------- 
 Subtotal:                               9.153
 ---------------------------------------------- 

 CDS TOTAL (kcal/mol):                   0.686
...............................................................................
