----------------------------------------------- 
  Element       SASA      Sigma Z        Total  
     Z         Ang**2 cal/Ang**2/mol   kcal/mol 
----------------------------------------------- 
      H        172.511       0.000       0.000
      C         79.173     111.253       8.808
      N         21.189      46.223       0.979
      O         55.755     -63.418      -3.536

 Subtotal:     328.628                   6.252
 -----------------------------------------------

  Elements    COT*SASA   Sigma Z,Z'     Total   
    Z,Z'       Ang**2  cal/Ang**2/mol kcal/mol  
 ---------------------------------------------- 
  H   C         84.200     -51.536      -4.339
  H   O          7.024     -27.476      -0.193
  C   C         56.996     -87.925      -5.011
  O   C         28.413     -22.247      -0.632
  O   O          0.000    -112.781      -0.000
  C   N         24.126    -141.360      -3.410
  N   C         47.577       0.000       0.000
  N  C(3)        0.000       0.000       0.000
  O   N          0.000      69.634       0.000

 Subtotal:                             -13.586
 ---------------------------------------------- 

 NONAQUEOUS SOLVENT CONTRIBUTION (kcal/mol):
 (proportional to SASA, atomic number independent)
 ---------------------------------------------- 
 Subtotal:                               7.106
 ---------------------------------------------- 

 CDS TOTAL (kcal/mol):                  -0.228
...............................................................................
