----------------------------------------------- 
  Element       SASA      Sigma Z        Total  
     Z         Ang**2 cal/Ang**2/mol   kcal/mol 
----------------------------------------------- 
      H        174.724       0.000       0.000
      C         93.376     111.253      10.388
      N         49.745      46.223       2.299
      O         87.678     -63.418      -5.560

 Subtotal:     405.524                   7.127
 -----------------------------------------------

  Elements    COT*SASA   Sigma Z,Z'     Total   
    Z,Z'       Ang**2  cal/Ang**2/mol kcal/mol  
 ---------------------------------------------- 
  H   C        106.371     -51.536      -5.482
  H   O          6.525     -27.476      -0.179
  C   C         56.967     -87.925      -5.009
  O   C         47.990     -22.247      -1.068
  O   O          0.000    -112.781      -0.000
  C   N         23.812    -141.360      -3.366
  N   C        101.177       0.000       0.000
  N  C(3)        0.000       0.000       0.000
  O   N          0.000      69.634       0.000

 Subtotal:                             -15.104
 ---------------------------------------------- 

 NONAQUEOUS SOLVENT CONTRIBUTION (kcal/mol):
 (proportional to SASA, atomic number independent)
 ---------------------------------------------- 
 Subtotal:                               8.769
 ---------------------------------------------- 

 CDS TOTAL (kcal/mol):                   0.792
...............................................................................
