----------------------------------------------- 
  Element       SASA      Sigma Z        Total  
     Z         Ang**2 cal/Ang**2/mol   kcal/mol 
----------------------------------------------- 
      H        224.986       0.000       0.000
      C        105.170     111.253      11.701
      N         17.019      46.223       0.787
      O         52.816     -63.418      -3.349
      F         22.004       0.000       0.000

 Subtotal:     421.996                   9.138
 -----------------------------------------------

  Elements    COT*SASA   Sigma Z,Z'     Total   
    Z,Z'       Ang**2  cal/Ang**2/mol kcal/mol  
 ---------------------------------------------- 
  H   C        125.881     -51.536      -6.487
  H   O          4.577     -27.476      -0.126
  C   C        100.872     -87.925      -8.869
  O   C         27.836     -22.247      -0.619
  O   O          0.000    -112.781      -0.000
  C   N         23.571    -141.360      -3.332
  N   C         73.613       0.000       0.000
  N  C(3)        0.000       0.000       0.000
  O   N          0.000      69.634       0.000

 Subtotal:                             -19.434
 ---------------------------------------------- 

 NONAQUEOUS SOLVENT CONTRIBUTION (kcal/mol):
 (proportional to SASA, atomic number independent)
 ---------------------------------------------- 
 Subtotal:                               9.125
 ---------------------------------------------- 

 CDS TOTAL (kcal/mol):                  -1.171
...............................................................................
