----------------------------------------------- 
  Element       SASA      Sigma Z        Total  
     Z         Ang**2 cal/Ang**2/mol   kcal/mol 
----------------------------------------------- 
      H        170.926       0.000       0.000
      C         89.465     111.253       9.953
      N         43.882      46.223       2.028
      O         94.628     -63.418      -6.001

 Subtotal:     398.902                   5.981
 -----------------------------------------------

  Elements    COT*SASA   Sigma Z,Z'     Total   
    Z,Z'       Ang**2  cal/Ang**2/mol kcal/mol  
 ---------------------------------------------- 
  H   C        105.757     -51.536      -5.450
  H   O          4.615     -27.476      -0.127
  C   C         54.306     -87.925      -4.775
  O   C         52.513     -22.247      -1.168
  O   O          0.000    -112.781      -0.000
  C   N         23.213    -141.360      -3.281
  N   C         85.807       0.000       0.000
  N  C(3)        0.000       0.000       0.000
  O   N          0.000      69.634       0.000

 Subtotal:                             -14.802
 ---------------------------------------------- 

 NONAQUEOUS SOLVENT CONTRIBUTION (kcal/mol):
 (proportional to SASA, atomic number independent)
 ---------------------------------------------- 
 Subtotal:                               8.625
 ---------------------------------------------- 

 CDS TOTAL (kcal/mol):                  -0.196
...............................................................................
