----------------------------------------------- 
  Element       SASA      Sigma Z        Total  
     Z         Ang**2 cal/Ang**2/mol   kcal/mol 
----------------------------------------------- 
      H        229.736       0.000       0.000
      C        105.060     111.253      11.688
      N         16.836      46.223       0.778
      O         50.287     -63.418      -3.189
      F         24.397       0.000       0.000

 Subtotal:     426.317                   9.277
 -----------------------------------------------

  Elements    COT*SASA   Sigma Z,Z'     Total   
    Z,Z'       Ang**2  cal/Ang**2/mol kcal/mol  
 ---------------------------------------------- 
  H   C        127.864     -51.536      -6.590
  H   O          7.523     -27.476      -0.207
  C   C        104.163     -87.925      -9.159
  O   C         21.409     -22.247      -0.476
  O   O          0.000    -112.781      -0.000
  C   N         18.519    -141.360      -2.618
  N   C         80.651       0.000       0.000
  N  C(3)        0.000       0.000       0.000
  O   N          0.000      69.634       0.000

 Subtotal:                             -19.049
 ---------------------------------------------- 

 NONAQUEOUS SOLVENT CONTRIBUTION (kcal/mol):
 (proportional to SASA, atomic number independent)
 ---------------------------------------------- 
 Subtotal:                               9.218
 ---------------------------------------------- 

 CDS TOTAL (kcal/mol):                  -0.553
...............................................................................
