----------------------------------------------- 
  Element       SASA      Sigma Z        Total  
     Z         Ang**2 cal/Ang**2/mol   kcal/mol 
----------------------------------------------- 
      H        177.708       0.000       0.000
      C         93.467     111.253      10.399
      N         42.116      46.223       1.947
      O        101.570     -63.418      -6.441

 Subtotal:     414.861                   5.904
 -----------------------------------------------

  Elements    COT*SASA   Sigma Z,Z'     Total   
    Z,Z'       Ang**2  cal/Ang**2/mol kcal/mol  
 ---------------------------------------------- 
  H   C        108.698     -51.536      -5.602
  H   O          0.000     -27.476      -0.000
  C   C         55.496     -87.925      -4.879
  O   C         42.028     -22.247      -0.935
  O   O          0.000    -112.781      -0.000
  C   N         21.309    -141.360      -3.012
  N   C         79.862       0.000       0.000
  N  C(3)        0.000       0.000       0.000
  O   N          0.000      69.634       0.000

 Subtotal:                             -14.429
 ---------------------------------------------- 

 NONAQUEOUS SOLVENT CONTRIBUTION (kcal/mol):
 (proportional to SASA, atomic number independent)
 ---------------------------------------------- 
 Subtotal:                               8.971
 ---------------------------------------------- 

 CDS TOTAL (kcal/mol):                   0.446
...............................................................................
