----------------------------------------------- 
  Element       SASA      Sigma Z        Total  
     Z         Ang**2 cal/Ang**2/mol   kcal/mol 
----------------------------------------------- 
      H        174.315       0.000       0.000
      C         53.875     111.253       5.994
      N         14.918      46.223       0.690
      O         66.979     -63.418      -4.248

 Subtotal:     310.087                   2.436
 -----------------------------------------------

  Elements    COT*SASA   Sigma Z,Z'     Total   
    Z,Z'       Ang**2  cal/Ang**2/mol kcal/mol  
 ---------------------------------------------- 
  H   C         90.829     -51.536      -4.681
  H   O          5.350     -27.476      -0.147
  C   C         31.067     -87.925      -2.732
  O   C         31.620     -22.247      -0.703
  O   O          0.000    -112.781      -0.000
  C   N          9.964    -141.360      -1.409
  N   C         88.366       0.000       0.000
  N  C(3)        0.103       0.000       0.000
  O   N          0.000      69.634       0.000

 Subtotal:                              -9.671
 ---------------------------------------------- 

 NONAQUEOUS SOLVENT CONTRIBUTION (kcal/mol):
 (proportional to SASA, atomic number independent)
 ---------------------------------------------- 
 Subtotal:                               6.705
 ---------------------------------------------- 

 CDS TOTAL (kcal/mol):                  -0.531
...............................................................................
