----------------------------------------------- 
  Element       SASA      Sigma Z        Total  
     Z         Ang**2 cal/Ang**2/mol   kcal/mol 
----------------------------------------------- 
      H        224.927       0.000       0.000
      C        111.519     111.253      12.407
      N         20.333      46.223       0.940
      O         40.613     -63.418      -2.576
      F         24.433       0.000       0.000

 Subtotal:     421.826                  10.771
 -----------------------------------------------

  Elements    COT*SASA   Sigma Z,Z'     Total   
    Z,Z'       Ang**2  cal/Ang**2/mol kcal/mol  
 ---------------------------------------------- 
  H   C        125.363     -51.536      -6.461
  H   O          6.971     -27.476      -0.192
  C   C        104.816     -87.925      -9.216
  O   C         10.940     -22.247      -0.243
  O   O          0.000    -112.781      -0.000
  C   N         20.782    -141.360      -2.938
  N   C         90.814       0.000       0.000
  N  C(3)        0.000       0.000       0.000
  O   N          0.000      69.634       0.000

 Subtotal:                             -19.049
 ---------------------------------------------- 

 NONAQUEOUS SOLVENT CONTRIBUTION (kcal/mol):
 (proportional to SASA, atomic number independent)
 ---------------------------------------------- 
 Subtotal:                               9.121
 ---------------------------------------------- 

 CDS TOTAL (kcal/mol):                   0.843
...............................................................................
