----------------------------------------------- 
  Element       SASA      Sigma Z        Total  
     Z         Ang**2 cal/Ang**2/mol   kcal/mol 
----------------------------------------------- 
      H        175.557       0.000       0.000
      C         87.970     111.253       9.787
      N         45.233      46.223       2.091
      O        101.888     -63.418      -6.461

 Subtotal:     410.647                   5.416
 -----------------------------------------------

  Elements    COT*SASA   Sigma Z,Z'     Total   
    Z,Z'       Ang**2  cal/Ang**2/mol kcal/mol  
 ---------------------------------------------- 
  H   C        110.129     -51.536      -5.676
  H   O          0.000     -27.476      -0.000
  C   C         53.255     -87.925      -4.682
  O   C         61.264     -22.247      -1.363
  O   O          0.000    -112.781      -0.000
  C   N         21.280    -141.360      -3.008
  N   C         83.075       0.000       0.000
  N  C(3)        0.612       0.000       0.000
  O   N          0.000      69.634       0.000

 Subtotal:                             -14.729
 ---------------------------------------------- 

 NONAQUEOUS SOLVENT CONTRIBUTION (kcal/mol):
 (proportional to SASA, atomic number independent)
 ---------------------------------------------- 
 Subtotal:                               8.879
 ---------------------------------------------- 

 CDS TOTAL (kcal/mol):                  -0.434
...............................................................................
