----------------------------------------------- 
  Element       SASA      Sigma Z        Total  
     Z         Ang**2 cal/Ang**2/mol   kcal/mol 
----------------------------------------------- 
      H        175.378       0.000       0.000
      C         87.753     111.253       9.763
      N         45.281      46.223       2.093
      O        102.083     -63.418      -6.474

 Subtotal:     410.494                   5.382
 -----------------------------------------------

  Elements    COT*SASA   Sigma Z,Z'     Total   
    Z,Z'       Ang**2  cal/Ang**2/mol kcal/mol  
 ---------------------------------------------- 
  H   C        109.999     -51.536      -5.669
  H   O          0.000     -27.476      -0.000
  C   C         53.081     -87.925      -4.667
  O   C         61.400     -22.247      -1.366
  O   O          0.000    -112.781      -0.000
  C   N         21.229    -141.360      -3.001
  N   C         83.368       0.000       0.000
  N  C(3)        0.602       0.000       0.000
  O   N          0.000      69.634       0.000

 Subtotal:                             -14.703
 ---------------------------------------------- 

 NONAQUEOUS SOLVENT CONTRIBUTION (kcal/mol):
 (proportional to SASA, atomic number independent)
 ---------------------------------------------- 
 Subtotal:                               8.876
 ---------------------------------------------- 

 CDS TOTAL (kcal/mol):                  -0.445
...............................................................................
