----------------------------------------------- 
  Element       SASA      Sigma Z        Total  
     Z         Ang**2 cal/Ang**2/mol   kcal/mol 
----------------------------------------------- 
      H        184.182       0.000       0.000
      C         88.469     111.253       9.843
      N         46.961      46.223       2.171
      O        100.479     -63.418      -6.372

 Subtotal:     420.092                   5.641
 -----------------------------------------------

  Elements    COT*SASA   Sigma Z,Z'     Total   
    Z,Z'       Ang**2  cal/Ang**2/mol kcal/mol  
 ---------------------------------------------- 
  H   C        114.327     -51.536      -5.892
  H   O          6.451     -27.476      -0.177
  C   C         58.533     -87.925      -5.147
  O   C         43.705     -22.247      -0.972
  O   O          0.000    -112.781      -0.000
  C   N         22.677    -141.360      -3.206
  N   C        126.595       0.000       0.000
  N  C(3)        0.000       0.000       0.000
  O   N          0.000      69.634       0.000

 Subtotal:                             -15.394
 ---------------------------------------------- 

 NONAQUEOUS SOLVENT CONTRIBUTION (kcal/mol):
 (proportional to SASA, atomic number independent)
 ---------------------------------------------- 
 Subtotal:                               9.084
 ---------------------------------------------- 

 CDS TOTAL (kcal/mol):                  -0.669
...............................................................................
