----------------------------------------------- 
  Element       SASA      Sigma Z        Total  
     Z         Ang**2 cal/Ang**2/mol   kcal/mol 
----------------------------------------------- 
      H        154.805       0.000       0.000
      C         87.478     111.253       9.732
      N         46.372      46.223       2.143
      O        106.877     -63.418      -6.778

 Subtotal:     395.533                   5.098
 -----------------------------------------------

  Elements    COT*SASA   Sigma Z,Z'     Total   
    Z,Z'       Ang**2  cal/Ang**2/mol kcal/mol  
 ---------------------------------------------- 
  H   C         93.093     -51.536      -4.798
  H   O          0.000     -27.476      -0.000
  C   C         57.766     -87.925      -5.079
  O   C         61.270     -22.247      -1.363
  O   O          0.000    -112.781      -0.000
  C   N         21.917    -141.360      -3.098
  N   C         87.286       0.000       0.000
  N  C(3)        0.027       0.000       0.000
  O   N          0.000      69.634       0.000

 Subtotal:                             -14.338
 ---------------------------------------------- 

 NONAQUEOUS SOLVENT CONTRIBUTION (kcal/mol):
 (proportional to SASA, atomic number independent)
 ---------------------------------------------- 
 Subtotal:                               8.553
 ---------------------------------------------- 

 CDS TOTAL (kcal/mol):                  -0.688
...............................................................................
