----------------------------------------------- 
  Element       SASA      Sigma Z        Total  
     Z         Ang**2 cal/Ang**2/mol   kcal/mol 
----------------------------------------------- 
      H        219.712       0.000       0.000
      C        104.143     111.253      11.586
      N         16.467      46.223       0.761
      O         54.377     -63.418      -3.448
      F         24.765       0.000       0.000

 Subtotal:     419.463                   8.899
 -----------------------------------------------

  Elements    COT*SASA   Sigma Z,Z'     Total   
    Z,Z'       Ang**2  cal/Ang**2/mol kcal/mol  
 ---------------------------------------------- 
  H   C        124.781     -51.536      -6.431
  H   O          4.562     -27.476      -0.125
  C   C         98.654     -87.925      -8.674
  O   C         26.130     -22.247      -0.581
  O   O          0.000    -112.781      -0.000
  C   N         22.729    -141.360      -3.213
  N   C         71.101       0.000       0.000
  N  C(3)        0.000       0.000       0.000
  O   N          0.000      69.634       0.000

 Subtotal:                             -19.024
 ---------------------------------------------- 

 NONAQUEOUS SOLVENT CONTRIBUTION (kcal/mol):
 (proportional to SASA, atomic number independent)
 ---------------------------------------------- 
 Subtotal:                               9.070
 ---------------------------------------------- 

 CDS TOTAL (kcal/mol):                  -1.055
...............................................................................
