----------------------------------------------- 
  Element       SASA      Sigma Z        Total  
     Z         Ang**2 cal/Ang**2/mol   kcal/mol 
----------------------------------------------- 
      H         37.788       0.000       0.000
      C         33.137     111.253       3.687
      N         33.024      46.223       1.526
      O         36.884     -63.418      -2.339
      Cl        38.035     -34.447      -1.310

 Subtotal:     178.866                   1.564
 -----------------------------------------------

  Elements    COT*SASA   Sigma Z,Z'     Total   
    Z,Z'       Ang**2  cal/Ang**2/mol kcal/mol  
 ---------------------------------------------- 
  H   C         25.477     -51.536      -1.313
  H   O          0.000     -27.476      -0.000
  C   C         21.160     -87.925      -1.861
  O   C         23.766     -22.247      -0.529
  O   O          0.000    -112.781      -0.000
  C   N          7.501    -141.360      -1.060
  N   C         43.066       0.000       0.000
  N  C(3)        0.000       0.000       0.000
  O   N          0.000      69.634       0.000

 Subtotal:                              -4.763
 ---------------------------------------------- 

 NONAQUEOUS SOLVENT CONTRIBUTION (kcal/mol):
 (proportional to SASA, atomic number independent)
 ---------------------------------------------- 
 Subtotal:                               3.868
 ---------------------------------------------- 

 CDS TOTAL (kcal/mol):                   0.669
...............................................................................
