----------------------------------------------- 
  Element       SASA      Sigma Z        Total  
     Z         Ang**2 cal/Ang**2/mol   kcal/mol 
----------------------------------------------- 
      H        183.712       0.000       0.000
      C         87.028     111.253       9.682
      N         39.694      46.223       1.835
      O         92.218     -63.418      -5.848

 Subtotal:     402.652                   5.669
 -----------------------------------------------

  Elements    COT*SASA   Sigma Z,Z'     Total   
    Z,Z'       Ang**2  cal/Ang**2/mol kcal/mol  
 ---------------------------------------------- 
  H   C        106.181     -51.536      -5.472
  H   O          7.378     -27.476      -0.203
  C   C         52.704     -87.925      -4.634
  O   C         52.368     -22.247      -1.165
  O   O          0.000    -112.781      -0.000
  C   N         21.795    -141.360      -3.081
  N   C         72.239       0.000       0.000
  N  C(3)        0.000       0.000       0.000
  O   N          0.000      69.634       0.000

 Subtotal:                             -14.555
 ---------------------------------------------- 

 NONAQUEOUS SOLVENT CONTRIBUTION (kcal/mol):
 (proportional to SASA, atomic number independent)
 ---------------------------------------------- 
 Subtotal:                               8.707
 ---------------------------------------------- 

 CDS TOTAL (kcal/mol):                  -0.180
...............................................................................
