----------------------------------------------- 
  Element       SASA      Sigma Z        Total  
     Z         Ang**2 cal/Ang**2/mol   kcal/mol 
----------------------------------------------- 
      H        208.612       0.000       0.000
      C         99.221     111.253      11.039
      N         38.849      46.223       1.796
      O         87.505     -63.418      -5.549

 Subtotal:     434.186                   7.285
 -----------------------------------------------

  Elements    COT*SASA   Sigma Z,Z'     Total   
    Z,Z'       Ang**2  cal/Ang**2/mol kcal/mol  
 ---------------------------------------------- 
  H   C        128.894     -51.536      -6.643
  H   O          6.960     -27.476      -0.191
  C   C         54.551     -87.925      -4.796
  O   C         35.864     -22.247      -0.798
  O   O          0.000    -112.781      -0.000
  C   N         25.083    -141.360      -3.546
  N   C         84.725       0.000       0.000
  N  C(3)        0.000       0.000       0.000
  O   N          0.000      69.634       0.000

 Subtotal:                             -15.974
 ---------------------------------------------- 

 NONAQUEOUS SOLVENT CONTRIBUTION (kcal/mol):
 (proportional to SASA, atomic number independent)
 ---------------------------------------------- 
 Subtotal:                               9.388
 ---------------------------------------------- 

 CDS TOTAL (kcal/mol):                   0.699
...............................................................................
