----------------------------------------------- 
  Element       SASA      Sigma Z        Total  
     Z         Ang**2 cal/Ang**2/mol   kcal/mol 
----------------------------------------------- 
      H        181.350       0.000       0.000
      C         84.516     111.253       9.403
      N         52.693      46.223       2.436
      O         95.839     -63.418      -6.078

 Subtotal:     414.399                   5.760
 -----------------------------------------------

  Elements    COT*SASA   Sigma Z,Z'     Total   
    Z,Z'       Ang**2  cal/Ang**2/mol kcal/mol  
 ---------------------------------------------- 
  H   C        111.931     -51.536      -5.769
  H   O          6.961     -27.476      -0.191
  C   C         48.999     -87.925      -4.308
  O   C         50.572     -22.247      -1.125
  O   O          0.000    -112.781      -0.000
  C   N         21.023    -141.360      -2.972
  N   C        108.843       0.000       0.000
  N  C(3)        0.089       0.000       0.000
  O   N          0.000      69.634       0.000

 Subtotal:                             -14.365
 ---------------------------------------------- 

 NONAQUEOUS SOLVENT CONTRIBUTION (kcal/mol):
 (proportional to SASA, atomic number independent)
 ---------------------------------------------- 
 Subtotal:                               8.961
 ---------------------------------------------- 

 CDS TOTAL (kcal/mol):                   0.356
...............................................................................
