----------------------------------------------- 
  Element       SASA      Sigma Z        Total  
     Z         Ang**2 cal/Ang**2/mol   kcal/mol 
----------------------------------------------- 
      H        195.446       0.000       0.000
      C         85.183     111.253       9.477
      N         42.754      46.223       1.976
      O         97.329     -63.418      -6.172

 Subtotal:     420.711                   5.281
 -----------------------------------------------

  Elements    COT*SASA   Sigma Z,Z'     Total   
    Z,Z'       Ang**2  cal/Ang**2/mol kcal/mol  
 ---------------------------------------------- 
  H   C        115.952     -51.536      -5.976
  H   O          4.542     -27.476      -0.125
  C   C         55.791     -87.925      -4.905
  O   C         53.600     -22.247      -1.192
  O   O          0.000    -112.781      -0.000
  C   N         16.931    -141.360      -2.393
  N   C        105.398       0.000       0.000
  N  C(3)        0.000       0.000       0.000
  O   N          0.000      69.634       0.000

 Subtotal:                             -14.592
 ---------------------------------------------- 

 NONAQUEOUS SOLVENT CONTRIBUTION (kcal/mol):
 (proportional to SASA, atomic number independent)
 ---------------------------------------------- 
 Subtotal:                               9.097
 ---------------------------------------------- 

 CDS TOTAL (kcal/mol):                  -0.214
...............................................................................
