----------------------------------------------- 
  Element       SASA      Sigma Z        Total  
     Z         Ang**2 cal/Ang**2/mol   kcal/mol 
----------------------------------------------- 
      H        203.846       0.000       0.000
      C         84.707     111.253       9.424
      N         42.483      46.223       1.964
      O         84.003     -63.418      -5.327

 Subtotal:     415.039                   6.060
 -----------------------------------------------

  Elements    COT*SASA   Sigma Z,Z'     Total   
    Z,Z'       Ang**2  cal/Ang**2/mol kcal/mol  
 ---------------------------------------------- 
  H   C        124.554     -51.536      -6.419
  H   O          5.490     -27.476      -0.151
  C   C         44.872     -87.925      -3.945
  O   C         40.297     -22.247      -0.896
  O   O          0.000    -112.781      -0.000
  C   N         17.481    -141.360      -2.471
  N   C         94.174       0.000       0.000
  N  C(3)        0.302       0.000       0.000
  O   N          0.000      69.634       0.000

 Subtotal:                             -13.883
 ---------------------------------------------- 

 NONAQUEOUS SOLVENT CONTRIBUTION (kcal/mol):
 (proportional to SASA, atomic number independent)
 ---------------------------------------------- 
 Subtotal:                               8.974
 ---------------------------------------------- 

 CDS TOTAL (kcal/mol):                   1.152
...............................................................................
