----------------------------------------------- 
  Element       SASA      Sigma Z        Total  
     Z         Ang**2 cal/Ang**2/mol   kcal/mol 
----------------------------------------------- 
      H        175.724       0.000       0.000
      C         89.194     111.253       9.923
      N         45.024      46.223       2.081
      O         98.595     -63.418      -6.253

 Subtotal:     408.538                   5.752
 -----------------------------------------------

  Elements    COT*SASA   Sigma Z,Z'     Total   
    Z,Z'       Ang**2  cal/Ang**2/mol kcal/mol  
 ---------------------------------------------- 
  H   C        108.778     -51.536      -5.606
  H   O          7.036     -27.476      -0.193
  C   C         57.266     -87.925      -5.035
  O   C         54.739     -22.247      -1.218
  O   O          0.000    -112.781      -0.000
  C   N         16.706    -141.360      -2.362
  N   C        101.825       0.000       0.000
  N  C(3)        0.120       0.000       0.000
  O   N          0.000      69.634       0.000

 Subtotal:                             -14.414
 ---------------------------------------------- 

 NONAQUEOUS SOLVENT CONTRIBUTION (kcal/mol):
 (proportional to SASA, atomic number independent)
 ---------------------------------------------- 
 Subtotal:                               8.834
 ---------------------------------------------- 

 CDS TOTAL (kcal/mol):                   0.172
...............................................................................
