----------------------------------------------- 
  Element       SASA      Sigma Z        Total  
     Z         Ang**2 cal/Ang**2/mol   kcal/mol 
----------------------------------------------- 
      H         70.936       0.000       0.000
      C         31.641     111.253       3.520
      N         29.998      46.223       1.387
      O         34.318     -63.418      -2.176
      Cl        38.212     -34.447      -1.316

 Subtotal:     205.105                   1.414
 -----------------------------------------------

  Elements    COT*SASA   Sigma Z,Z'     Total   
    Z,Z'       Ang**2  cal/Ang**2/mol kcal/mol  
 ---------------------------------------------- 
  H   C         47.862     -51.536      -2.467
  H   O          0.000     -27.476      -0.000
  C   C         19.391     -87.925      -1.705
  O   C         21.549     -22.247      -0.479
  O   O          0.000    -112.781      -0.000
  C   N          3.422    -141.360      -0.484
  N   C         61.607       0.000       0.000
  N  C(3)        0.000       0.000       0.000
  O   N          0.000      69.634       0.000

 Subtotal:                              -5.135
 ---------------------------------------------- 

 NONAQUEOUS SOLVENT CONTRIBUTION (kcal/mol):
 (proportional to SASA, atomic number independent)
 ---------------------------------------------- 
 Subtotal:                               4.435
 ---------------------------------------------- 

 CDS TOTAL (kcal/mol):                   0.714
...............................................................................
