----------------------------------------------- 
  Element       SASA      Sigma Z        Total  
     Z         Ang**2 cal/Ang**2/mol   kcal/mol 
----------------------------------------------- 
      H        172.216       0.000       0.000
      C         82.910     111.253       9.224
      N         43.213      46.223       1.997
      O        105.817     -63.418      -6.711

 Subtotal:     404.155                   4.511
 -----------------------------------------------

  Elements    COT*SASA   Sigma Z,Z'     Total   
    Z,Z'       Ang**2  cal/Ang**2/mol kcal/mol  
 ---------------------------------------------- 
  H   C        106.990     -51.536      -5.514
  H   O          0.000     -27.476      -0.000
  C   C         52.513     -87.925      -4.617
  O   C         55.911     -22.247      -1.244
  O   O          0.000    -112.781      -0.000
  C   N         14.697    -141.360      -2.078
  N   C         90.907       0.000       0.000
  N  C(3)        0.000       0.000       0.000
  O   N          0.000      69.634       0.000

 Subtotal:                             -13.453
 ---------------------------------------------- 

 NONAQUEOUS SOLVENT CONTRIBUTION (kcal/mol):
 (proportional to SASA, atomic number independent)
 ---------------------------------------------- 
 Subtotal:                               8.739
 ---------------------------------------------- 

 CDS TOTAL (kcal/mol):                  -0.203
...............................................................................
