----------------------------------------------- 
  Element       SASA      Sigma Z        Total  
     Z         Ang**2 cal/Ang**2/mol   kcal/mol 
----------------------------------------------- 
      H        209.371       0.000       0.000
      C        100.484     111.253      11.179
      N         37.034      46.223       1.712
      O         82.306     -63.418      -5.220

 Subtotal:     429.194                   7.671
 -----------------------------------------------

  Elements    COT*SASA   Sigma Z,Z'     Total   
    Z,Z'       Ang**2  cal/Ang**2/mol kcal/mol  
 ---------------------------------------------- 
  H   C        131.734     -51.536      -6.789
  H   O          4.627     -27.476      -0.127
  C   C         55.486     -87.925      -4.879
  O   C         43.475     -22.247      -0.967
  O   O          0.000    -112.781      -0.000
  C   N         22.722    -141.360      -3.212
  N   C         76.830       0.000       0.000
  N  C(3)        0.000       0.000       0.000
  O   N          0.000      69.634       0.000

 Subtotal:                             -15.974
 ---------------------------------------------- 

 NONAQUEOUS SOLVENT CONTRIBUTION (kcal/mol):
 (proportional to SASA, atomic number independent)
 ---------------------------------------------- 
 Subtotal:                               9.280
 ---------------------------------------------- 

 CDS TOTAL (kcal/mol):                   0.978
...............................................................................
