----------------------------------------------- 
  Element       SASA      Sigma Z        Total  
     Z         Ang**2 cal/Ang**2/mol   kcal/mol 
----------------------------------------------- 
      H        210.655       0.000       0.000
      C        101.794     111.253      11.325
      N         30.367      46.223       1.404
      O         92.718     -63.418      -5.880

 Subtotal:     435.534                   6.849
 -----------------------------------------------

  Elements    COT*SASA   Sigma Z,Z'     Total   
    Z,Z'       Ang**2  cal/Ang**2/mol kcal/mol  
 ---------------------------------------------- 
  H   C        130.418     -51.536      -6.721
  H   O          6.924     -27.476      -0.190
  C   C         57.230     -87.925      -5.032
  O   C         43.160     -22.247      -0.960
  O   O          0.000    -112.781      -0.000
  C   N         29.495    -141.360      -4.169
  N   C        100.474       0.000       0.000
  N  C(3)        0.054       0.000       0.000
  O   N          0.000      69.634       0.000

 Subtotal:                             -17.073
 ---------------------------------------------- 

 NONAQUEOUS SOLVENT CONTRIBUTION (kcal/mol):
 (proportional to SASA, atomic number independent)
 ---------------------------------------------- 
 Subtotal:                               9.418
 ---------------------------------------------- 

 CDS TOTAL (kcal/mol):                  -0.807
...............................................................................
