----------------------------------------------- 
  Element       SASA      Sigma Z        Total  
     Z         Ang**2 cal/Ang**2/mol   kcal/mol 
----------------------------------------------- 
      H        172.783       0.000       0.000
      C         90.676     111.253      10.088
      N         40.545      46.223       1.874
      O        101.683     -63.418      -6.448

 Subtotal:     405.687                   5.514
 -----------------------------------------------

  Elements    COT*SASA   Sigma Z,Z'     Total   
    Z,Z'       Ang**2  cal/Ang**2/mol kcal/mol  
 ---------------------------------------------- 
  H   C        107.950     -51.536      -5.563
  H   O          0.000     -27.476      -0.000
  C   C         56.399     -87.925      -4.959
  O   C         60.260     -22.247      -1.341
  O   O          0.000    -112.781      -0.000
  C   N         24.052    -141.360      -3.400
  N   C         69.313       0.000       0.000
  N  C(3)        0.000       0.000       0.000
  O   N          0.000      69.634       0.000

 Subtotal:                             -15.263
 ---------------------------------------------- 

 NONAQUEOUS SOLVENT CONTRIBUTION (kcal/mol):
 (proportional to SASA, atomic number independent)
 ---------------------------------------------- 
 Subtotal:                               8.772
 ---------------------------------------------- 

 CDS TOTAL (kcal/mol):                  -0.977
...............................................................................
