----------------------------------------------- 
  Element       SASA      Sigma Z        Total  
     Z         Ang**2 cal/Ang**2/mol   kcal/mol 
----------------------------------------------- 
      H        220.467       0.000       0.000
      C        107.170     111.253      11.923
      N         18.717      46.223       0.865
      O         55.103     -63.418      -3.494
      F         24.414       0.000       0.000

 Subtotal:     425.870                   9.294
 -----------------------------------------------

  Elements    COT*SASA   Sigma Z,Z'     Total   
    Z,Z'       Ang**2  cal/Ang**2/mol kcal/mol  
 ---------------------------------------------- 
  H   C        124.393     -51.536      -6.411
  H   O          4.406     -27.476      -0.121
  C   C        109.935     -87.925      -9.666
  O   C         23.063     -22.247      -0.513
  O   O          0.000    -112.781      -0.000
  C   N         18.873    -141.360      -2.668
  N   C         92.624       0.000       0.000
  N  C(3)        0.000       0.000       0.000
  O   N          0.000      69.634       0.000

 Subtotal:                             -19.379
 ---------------------------------------------- 

 NONAQUEOUS SOLVENT CONTRIBUTION (kcal/mol):
 (proportional to SASA, atomic number independent)
 ---------------------------------------------- 
 Subtotal:                               9.209
 ---------------------------------------------- 

 CDS TOTAL (kcal/mol):                  -0.877
...............................................................................
