----------------------------------------------- 
  Element       SASA      Sigma Z        Total  
     Z         Ang**2 cal/Ang**2/mol   kcal/mol 
----------------------------------------------- 
      H        110.521       0.000       0.000
      C         40.215     111.253       4.474
      N         30.186      46.223       1.395
      O         42.295     -63.418      -2.682

 Subtotal:     223.217                   3.187
 -----------------------------------------------

  Elements    COT*SASA   Sigma Z,Z'     Total   
    Z,Z'       Ang**2  cal/Ang**2/mol kcal/mol  
 ---------------------------------------------- 
  H   C         74.445     -51.536      -3.837
  H   O          0.000     -27.476      -0.000
  C   C         18.968     -87.925      -1.668
  O   C         15.055     -22.247      -0.335
  O   O          0.000    -112.781      -0.000
  C   N          3.291    -141.360      -0.465
  N   C         61.675       0.000       0.000
  N  C(3)        0.059       0.000       0.000
  O   N          0.000      69.634       0.000

 Subtotal:                              -6.305
 ---------------------------------------------- 

 NONAQUEOUS SOLVENT CONTRIBUTION (kcal/mol):
 (proportional to SASA, atomic number independent)
 ---------------------------------------------- 
 Subtotal:                               4.827
 ---------------------------------------------- 

 CDS TOTAL (kcal/mol):                   1.709
...............................................................................
