----------------------------------------------- 
  Element       SASA      Sigma Z        Total  
     Z         Ang**2 cal/Ang**2/mol   kcal/mol 
----------------------------------------------- 
      H        179.129       0.000       0.000
      C         86.682     111.253       9.644
      N         47.587      46.223       2.200
      O         97.823     -63.418      -6.204

 Subtotal:     411.221                   5.640
 -----------------------------------------------

  Elements    COT*SASA   Sigma Z,Z'     Total   
    Z,Z'       Ang**2  cal/Ang**2/mol kcal/mol  
 ---------------------------------------------- 
  H   C        111.687     -51.536      -5.756
  H   O          6.376     -27.476      -0.175
  C   C         56.990     -87.925      -5.011
  O   C         47.485     -22.247      -1.056
  O   O          0.000    -112.781      -0.000
  C   N         21.292    -141.360      -3.010
  N   C        114.203       0.000       0.000
  N  C(3)        0.000       0.000       0.000
  O   N          0.000      69.634       0.000

 Subtotal:                             -15.008
 ---------------------------------------------- 

 NONAQUEOUS SOLVENT CONTRIBUTION (kcal/mol):
 (proportional to SASA, atomic number independent)
 ---------------------------------------------- 
 Subtotal:                               8.892
 ---------------------------------------------- 

 CDS TOTAL (kcal/mol):                  -0.477
...............................................................................
