----------------------------------------------- 
  Element       SASA      Sigma Z        Total  
     Z         Ang**2 cal/Ang**2/mol   kcal/mol 
----------------------------------------------- 
      H         39.647       0.000       0.000
      C         27.304     111.253       3.038

 Subtotal:      66.951                   3.038
 -----------------------------------------------

  Elements    COT*SASA   Sigma Z,Z'     Total   
    Z,Z'       Ang**2  cal/Ang**2/mol kcal/mol  
 ---------------------------------------------- 
  H   C         26.514     -51.536      -1.366

 Subtotal:                              -1.366
 ---------------------------------------------- 

 NONAQUEOUS SOLVENT CONTRIBUTION (kcal/mol):
 (proportional to SASA, atomic number independent)
 ---------------------------------------------- 
 Subtotal:                               1.448
 ---------------------------------------------- 

 CDS TOTAL (kcal/mol):                   3.119
...............................................................................
