----------------------------------------------- 
  Element       SASA      Sigma Z        Total  
     Z         Ang**2 cal/Ang**2/mol   kcal/mol 
----------------------------------------------- 
      H        225.232       0.000       0.000
      C        106.772     111.253      11.879
      N         17.532      46.223       0.810
      O         52.064     -63.418      -3.302
      F         21.861       0.000       0.000

 Subtotal:     423.461                   9.387
 -----------------------------------------------

  Elements    COT*SASA   Sigma Z,Z'     Total   
    Z,Z'       Ang**2  cal/Ang**2/mol kcal/mol  
 ---------------------------------------------- 
  H   C        126.069     -51.536      -6.497
  H   O          4.610     -27.476      -0.127
  C   C        102.525     -87.925      -9.015
  O   C         27.032     -22.247      -0.601
  O   O          0.000    -112.781      -0.000
  C   N         23.883    -141.360      -3.376
  N   C         75.668       0.000       0.000
  N  C(3)        0.000       0.000       0.000
  O   N          0.000      69.634       0.000

 Subtotal:                             -19.616
 ---------------------------------------------- 

 NONAQUEOUS SOLVENT CONTRIBUTION (kcal/mol):
 (proportional to SASA, atomic number independent)
 ---------------------------------------------- 
 Subtotal:                               9.156
 ---------------------------------------------- 

 CDS TOTAL (kcal/mol):                  -1.072
...............................................................................
