----------------------------------------------- 
  Element       SASA      Sigma Z        Total  
     Z         Ang**2 cal/Ang**2/mol   kcal/mol 
----------------------------------------------- 
      H        177.959       0.000       0.000
      C        101.507     111.253      11.293
      N         37.375      46.223       1.728
      O         90.025     -63.418      -5.709

 Subtotal:     406.866                   7.311
 -----------------------------------------------

  Elements    COT*SASA   Sigma Z,Z'     Total   
    Z,Z'       Ang**2  cal/Ang**2/mol kcal/mol  
 ---------------------------------------------- 
  H   C        112.152     -51.536      -5.780
  H   O          6.372     -27.476      -0.175
  C   C         59.818     -87.925      -5.260
  O   C         47.987     -22.247      -1.068
  O   O          0.000    -112.781      -0.000
  C   N         31.643    -141.360      -4.473
  N   C        102.788       0.000       0.000
  N  C(3)        0.000       0.000       0.000
  O   N          0.000      69.634       0.000

 Subtotal:                             -16.755
 ---------------------------------------------- 

 NONAQUEOUS SOLVENT CONTRIBUTION (kcal/mol):
 (proportional to SASA, atomic number independent)
 ---------------------------------------------- 
 Subtotal:                               8.798
 ---------------------------------------------- 

 CDS TOTAL (kcal/mol):                  -0.646
...............................................................................
