----------------------------------------------- 
  Element       SASA      Sigma Z        Total  
     Z         Ang**2 cal/Ang**2/mol   kcal/mol 
----------------------------------------------- 
      H        188.094       0.000       0.000
      C         98.238     111.253      10.929
      N         31.374      46.223       1.450
      O        102.691     -63.418      -6.512

 Subtotal:     420.397                   5.867
 -----------------------------------------------

  Elements    COT*SASA   Sigma Z,Z'     Total   
    Z,Z'       Ang**2  cal/Ang**2/mol kcal/mol  
 ---------------------------------------------- 
  H   C        115.543     -51.536      -5.955
  H   O          0.000     -27.476      -0.000
  C   C         57.693     -87.925      -5.073
  O   C         60.185     -22.247      -1.339
  O   O          0.000    -112.781      -0.000
  C   N         26.424    -141.360      -3.735
  N   C         81.813       0.000       0.000
  N  C(3)        0.016       0.000       0.000
  O   N          0.000      69.634       0.000

 Subtotal:                             -16.101
 ---------------------------------------------- 

 NONAQUEOUS SOLVENT CONTRIBUTION (kcal/mol):
 (proportional to SASA, atomic number independent)
 ---------------------------------------------- 
 Subtotal:                               9.090
 ---------------------------------------------- 

 CDS TOTAL (kcal/mol):                  -1.144
...............................................................................
