----------------------------------------------- 
  Element       SASA      Sigma Z        Total  
     Z         Ang**2 cal/Ang**2/mol   kcal/mol 
----------------------------------------------- 
      H        189.519       0.000       0.000
      C         84.835     111.253       9.438
      N         46.598      46.223       2.154
      O         96.890     -63.418      -6.145

 Subtotal:     417.842                   5.448
 -----------------------------------------------

  Elements    COT*SASA   Sigma Z,Z'     Total   
    Z,Z'       Ang**2  cal/Ang**2/mol kcal/mol  
 ---------------------------------------------- 
  H   C        113.557     -51.536      -5.852
  H   O          4.189     -27.476      -0.115
  C   C         50.213     -87.925      -4.415
  O   C         42.640     -22.247      -0.949
  O   O          0.000    -112.781      -0.000
  C   N         22.866    -141.360      -3.232
  N   C         88.666       0.000       0.000
  N  C(3)        0.007       0.000       0.000
  O   N          0.000      69.634       0.000

 Subtotal:                             -14.563
 ---------------------------------------------- 

 NONAQUEOUS SOLVENT CONTRIBUTION (kcal/mol):
 (proportional to SASA, atomic number independent)
 ---------------------------------------------- 
 Subtotal:                               9.035
 ---------------------------------------------- 

 CDS TOTAL (kcal/mol):                  -0.081
...............................................................................
