----------------------------------------------- 
  Element       SASA      Sigma Z        Total  
     Z         Ang**2 cal/Ang**2/mol   kcal/mol 
----------------------------------------------- 
      H        222.307       0.000       0.000
      C        105.326     111.253      11.718
      N         18.320      46.223       0.847
      O         55.096     -63.418      -3.494
      F         24.422       0.000       0.000

 Subtotal:     425.472                   9.071
 -----------------------------------------------

  Elements    COT*SASA   Sigma Z,Z'     Total   
    Z,Z'       Ang**2  cal/Ang**2/mol kcal/mol  
 ---------------------------------------------- 
  H   C        125.497     -51.536      -6.468
  H   O          4.611     -27.476      -0.127
  C   C        100.781     -87.925      -8.861
  O   C         26.965     -22.247      -0.600
  O   O          0.000    -112.781      -0.000
  C   N         23.410    -141.360      -3.309
  N   C         78.927       0.000       0.000
  N  C(3)        0.000       0.000       0.000
  O   N          0.000      69.634       0.000

 Subtotal:                             -19.365
 ---------------------------------------------- 

 NONAQUEOUS SOLVENT CONTRIBUTION (kcal/mol):
 (proportional to SASA, atomic number independent)
 ---------------------------------------------- 
 Subtotal:                               9.200
 ---------------------------------------------- 

 CDS TOTAL (kcal/mol):                  -1.094
...............................................................................
