----------------------------------------------- 
  Element       SASA      Sigma Z        Total  
     Z         Ang**2 cal/Ang**2/mol   kcal/mol 
----------------------------------------------- 
      H        170.326       0.000       0.000
      C         92.154     111.253      10.252
      N         44.612      46.223       2.062
      O         97.489     -63.418      -6.183

 Subtotal:     404.581                   6.132
 -----------------------------------------------

  Elements    COT*SASA   Sigma Z,Z'     Total   
    Z,Z'       Ang**2  cal/Ang**2/mol kcal/mol  
 ---------------------------------------------- 
  H   C        105.997     -51.536      -5.463
  H   O          4.548     -27.476      -0.125
  C   C         56.975     -87.925      -5.009
  O   C         39.973     -22.247      -0.889
  O   O          0.000    -112.781      -0.000
  C   N         26.397    -141.360      -3.732
  N   C         90.124       0.000       0.000
  N  C(3)        0.000       0.000       0.000
  O   N          0.000      69.634       0.000

 Subtotal:                             -15.218
 ---------------------------------------------- 

 NONAQUEOUS SOLVENT CONTRIBUTION (kcal/mol):
 (proportional to SASA, atomic number independent)
 ---------------------------------------------- 
 Subtotal:                               8.748
 ---------------------------------------------- 

 CDS TOTAL (kcal/mol):                  -0.338
...............................................................................
