----------------------------------------------- 
  Element       SASA      Sigma Z        Total  
     Z         Ang**2 cal/Ang**2/mol   kcal/mol 
----------------------------------------------- 
      H        207.575       0.000       0.000
      C         85.754     111.253       9.540
      N         40.891      46.223       1.890
      O         80.132     -63.418      -5.082

 Subtotal:     414.353                   6.349
 -----------------------------------------------

  Elements    COT*SASA   Sigma Z,Z'     Total   
    Z,Z'       Ang**2  cal/Ang**2/mol kcal/mol  
 ---------------------------------------------- 
  H   C        127.592     -51.536      -6.576
  H   O          7.227     -27.476      -0.199
  C   C         44.447     -87.925      -3.908
  O   C         48.174     -22.247      -1.072
  O   O          0.000    -112.781      -0.000
  C   N         18.199    -141.360      -2.573
  N   C         85.477       0.000       0.000
  N  C(3)        0.005       0.000       0.000
  O   N          0.000      69.634       0.000

 Subtotal:                             -14.327
 ---------------------------------------------- 

 NONAQUEOUS SOLVENT CONTRIBUTION (kcal/mol):
 (proportional to SASA, atomic number independent)
 ---------------------------------------------- 
 Subtotal:                               8.960
 ---------------------------------------------- 

 CDS TOTAL (kcal/mol):                   0.982
...............................................................................
