----------------------------------------------- 
  Element       SASA      Sigma Z        Total  
     Z         Ang**2 cal/Ang**2/mol   kcal/mol 
----------------------------------------------- 
      H        125.228       0.000       0.000
      C         64.537     111.253       7.180
      N          8.718      46.223       0.403
      F         36.326       0.000       0.000

 Subtotal:     234.809                   7.583
 -----------------------------------------------

  Elements    COT*SASA   Sigma Z,Z'     Total   
    Z,Z'       Ang**2  cal/Ang**2/mol kcal/mol  
 ---------------------------------------------- 
  H   C         65.937     -51.536      -3.398
  C   C         83.337     -87.925      -7.327
  C   N          1.770    -141.360      -0.250
  N   C         28.197       0.000       0.000
  N  C(3)        0.000       0.000       0.000

 Subtotal:                             -10.976
 ---------------------------------------------- 

 NONAQUEOUS SOLVENT CONTRIBUTION (kcal/mol):
 (proportional to SASA, atomic number independent)
 ---------------------------------------------- 
 Subtotal:                               5.077
 ---------------------------------------------- 

 CDS TOTAL (kcal/mol):                   1.684
...............................................................................
