----------------------------------------------- 
  Element       SASA      Sigma Z        Total  
     Z         Ang**2 cal/Ang**2/mol   kcal/mol 
----------------------------------------------- 
      H        174.361       0.000       0.000
      C         67.181     111.253       7.474
      N         14.371      46.223       0.664
      O         53.815     -63.418      -3.413

 Subtotal:     309.728                   4.726
 -----------------------------------------------

  Elements    COT*SASA   Sigma Z,Z'     Total   
    Z,Z'       Ang**2  cal/Ang**2/mol kcal/mol  
 ---------------------------------------------- 
  H   C         88.732     -51.536      -4.573
  H   O          7.038     -27.476      -0.193
  C   C         39.089     -87.925      -3.437
  O   C         28.271     -22.247      -0.629
  O   O          0.000    -112.781      -0.000
  C   N         15.517    -141.360      -2.193
  N   C         42.751       0.000       0.000
  N  C(3)        0.000       0.000       0.000
  O   N          0.000      69.634       0.000

 Subtotal:                             -11.026
 ---------------------------------------------- 

 NONAQUEOUS SOLVENT CONTRIBUTION (kcal/mol):
 (proportional to SASA, atomic number independent)
 ---------------------------------------------- 
 Subtotal:                               6.697
 ---------------------------------------------- 

 CDS TOTAL (kcal/mol):                   0.397
...............................................................................
