----------------------------------------------- 
  Element       SASA      Sigma Z        Total  
     Z         Ang**2 cal/Ang**2/mol   kcal/mol 
----------------------------------------------- 
      H        108.468       0.000       0.000
      C         41.023     111.253       4.564
      N         30.162      46.223       1.394
      O         45.217     -63.418      -2.868

 Subtotal:     224.871                   3.091
 -----------------------------------------------

  Elements    COT*SASA   Sigma Z,Z'     Total   
    Z,Z'       Ang**2  cal/Ang**2/mol kcal/mol  
 ---------------------------------------------- 
  H   C         73.076     -51.536      -3.766
  H   O          0.000     -27.476      -0.000
  C   C         19.773     -87.925      -1.739
  O   C         14.288     -22.247      -0.318
  O   O          0.000    -112.781      -0.000
  C   N          3.584    -141.360      -0.507
  N   C         61.674       0.000       0.000
  N  C(3)        0.000       0.000       0.000
  O   N          0.000      69.634       0.000

 Subtotal:                              -6.329
 ---------------------------------------------- 

 NONAQUEOUS SOLVENT CONTRIBUTION (kcal/mol):
 (proportional to SASA, atomic number independent)
 ---------------------------------------------- 
 Subtotal:                               4.862
 ---------------------------------------------- 

 CDS TOTAL (kcal/mol):                   1.624
...............................................................................
