----------------------------------------------- 
  Element       SASA      Sigma Z        Total  
     Z         Ang**2 cal/Ang**2/mol   kcal/mol 
----------------------------------------------- 
      H        150.894       0.000       0.000
      C         91.121     111.253      10.137
      N         49.484      46.223       2.287
      O        102.048     -63.418      -6.472

 Subtotal:     393.546                   5.953
 -----------------------------------------------

  Elements    COT*SASA   Sigma Z,Z'     Total   
    Z,Z'       Ang**2  cal/Ang**2/mol kcal/mol  
 ---------------------------------------------- 
  H   C         92.104     -51.536      -4.747
  H   O          6.474     -27.476      -0.178
  C   C         60.165     -87.925      -5.290
  O   C         53.333     -22.247      -1.186
  O   O          0.000    -112.781      -0.000
  C   N         26.908    -141.360      -3.804
  N   C        105.035       0.000       0.000
  N  C(3)        0.000       0.000       0.000
  O   N          0.000      69.634       0.000

 Subtotal:                             -15.205
 ---------------------------------------------- 

 NONAQUEOUS SOLVENT CONTRIBUTION (kcal/mol):
 (proportional to SASA, atomic number independent)
 ---------------------------------------------- 
 Subtotal:                               8.510
 ---------------------------------------------- 

 CDS TOTAL (kcal/mol):                  -0.742
...............................................................................
