----------------------------------------------- 
  Element       SASA      Sigma Z        Total  
     Z         Ang**2 cal/Ang**2/mol   kcal/mol 
----------------------------------------------- 
      H        190.698       0.000       0.000
      C         98.109     111.253      10.915
      N         32.162      46.223       1.487
      O        100.936     -63.418      -6.401

 Subtotal:     421.905                   6.000
 -----------------------------------------------

  Elements    COT*SASA   Sigma Z,Z'     Total   
    Z,Z'       Ang**2  cal/Ang**2/mol kcal/mol  
 ---------------------------------------------- 
  H   C        113.794     -51.536      -5.865
  H   O          4.282     -27.476      -0.118
  C   C         59.201     -87.925      -5.205
  O   C         44.202     -22.247      -0.983
  O   O          0.000    -112.781      -0.000
  C   N         28.719    -141.360      -4.060
  N   C         85.438       0.000       0.000
  N  C(3)        0.000       0.000       0.000
  O   N          0.000      69.634       0.000

 Subtotal:                             -16.231
 ---------------------------------------------- 

 NONAQUEOUS SOLVENT CONTRIBUTION (kcal/mol):
 (proportional to SASA, atomic number independent)
 ---------------------------------------------- 
 Subtotal:                               9.123
 ---------------------------------------------- 

 CDS TOTAL (kcal/mol):                  -1.107
...............................................................................
