----------------------------------------------- 
  Element       SASA      Sigma Z        Total  
     Z         Ang**2 cal/Ang**2/mol   kcal/mol 
----------------------------------------------- 
      H        181.899       0.000       0.000
      C        101.008     111.253      11.237
      N         43.812      46.223       2.025
      O         88.942     -63.418      -5.640

 Subtotal:     415.661                   7.622
 -----------------------------------------------

  Elements    COT*SASA   Sigma Z,Z'     Total   
    Z,Z'       Ang**2  cal/Ang**2/mol kcal/mol  
 ---------------------------------------------- 
  H   C        114.398     -51.536      -5.896
  H   O          0.000     -27.476      -0.000
  C   C         60.263     -87.925      -5.299
  O   C         50.263     -22.247      -1.118
  O   O          0.000    -112.781      -0.000
  C   N         26.765    -141.360      -3.784
  N   C         88.042       0.000       0.000
  N  C(3)        0.006       0.000       0.000
  O   N          0.000      69.634       0.000

 Subtotal:                             -16.096
 ---------------------------------------------- 

 NONAQUEOUS SOLVENT CONTRIBUTION (kcal/mol):
 (proportional to SASA, atomic number independent)
 ---------------------------------------------- 
 Subtotal:                               8.988
 ---------------------------------------------- 

 CDS TOTAL (kcal/mol):                   0.514
...............................................................................
