----------------------------------------------- 
  Element       SASA      Sigma Z        Total  
     Z         Ang**2 cal/Ang**2/mol   kcal/mol 
----------------------------------------------- 
      H        184.036       0.000       0.000
      C         89.462     111.253       9.953
      N         40.985      46.223       1.894
      O         95.703     -63.418      -6.069

 Subtotal:     410.186                   5.778
 -----------------------------------------------

  Elements    COT*SASA   Sigma Z,Z'     Total   
    Z,Z'       Ang**2  cal/Ang**2/mol kcal/mol  
 ---------------------------------------------- 
  H   C        117.770     -51.536      -6.069
  H   O          4.607     -27.476      -0.127
  C   C         52.435     -87.925      -4.610
  O   C         45.474     -22.247      -1.012
  O   O          0.000    -112.781      -0.000
  C   N         17.954    -141.360      -2.538
  N   C         87.411       0.000       0.000
  N  C(3)        0.000       0.000       0.000
  O   N          0.000      69.634       0.000

 Subtotal:                             -14.356
 ---------------------------------------------- 

 NONAQUEOUS SOLVENT CONTRIBUTION (kcal/mol):
 (proportional to SASA, atomic number independent)
 ---------------------------------------------- 
 Subtotal:                               8.869
 ---------------------------------------------- 

 CDS TOTAL (kcal/mol):                   0.292
...............................................................................
