----------------------------------------------- 
  Element       SASA      Sigma Z        Total  
     Z         Ang**2 cal/Ang**2/mol   kcal/mol 
----------------------------------------------- 
      H        192.307       0.000       0.000
      C         94.935     111.253      10.562
      N         41.993      46.223       1.941
      O         82.437     -63.418      -5.228

 Subtotal:     411.672                   7.275
 -----------------------------------------------

  Elements    COT*SASA   Sigma Z,Z'     Total   
    Z,Z'       Ang**2  cal/Ang**2/mol kcal/mol  
 ---------------------------------------------- 
  H   C        111.428     -51.536      -5.743
  H   O          7.054     -27.476      -0.194
  C   C         56.873     -87.925      -5.001
  O   C         45.994     -22.247      -1.023
  O   O          0.000    -112.781      -0.000
  C   N         20.622    -141.360      -2.915
  N   C         74.529       0.000       0.000
  N  C(3)        0.000       0.000       0.000
  O   N          0.000      69.634       0.000

 Subtotal:                             -14.875
 ---------------------------------------------- 

 NONAQUEOUS SOLVENT CONTRIBUTION (kcal/mol):
 (proportional to SASA, atomic number independent)
 ---------------------------------------------- 
 Subtotal:                               8.902
 ---------------------------------------------- 

 CDS TOTAL (kcal/mol):                   1.301
...............................................................................
