----------------------------------------------- 
  Element       SASA      Sigma Z        Total  
     Z         Ang**2 cal/Ang**2/mol   kcal/mol 
----------------------------------------------- 
      H        159.004       0.000       0.000
      C         62.536     111.253       6.957
      N         12.103      46.223       0.559
      O         65.112     -63.418      -4.129

 Subtotal:     298.755                   3.387
 -----------------------------------------------

  Elements    COT*SASA   Sigma Z,Z'     Total   
    Z,Z'       Ang**2  cal/Ang**2/mol kcal/mol  
 ---------------------------------------------- 
  H   C         82.162     -51.536      -4.234
  H   O          4.856     -27.476      -0.133
  C   C         37.120     -87.925      -3.264
  O   C         36.192     -22.247      -0.805
  O   O          0.000    -112.781      -0.000
  C   N         18.098    -141.360      -2.558
  N   C         47.232       0.000       0.000
  N  C(3)        0.000       0.000       0.000
  O   N          0.000      69.634       0.000

 Subtotal:                             -10.995
 ---------------------------------------------- 

 NONAQUEOUS SOLVENT CONTRIBUTION (kcal/mol):
 (proportional to SASA, atomic number independent)
 ---------------------------------------------- 
 Subtotal:                               6.460
 ---------------------------------------------- 

 CDS TOTAL (kcal/mol):                  -1.148
...............................................................................
