----------------------------------------------- 
  Element       SASA      Sigma Z        Total  
     Z         Ang**2 cal/Ang**2/mol   kcal/mol 
----------------------------------------------- 
      H        222.251       0.000       0.000
      C        132.038     111.253      14.690
      N         15.298      46.223       0.707
      O         43.406     -63.418      -2.753
      F         24.378       0.000       0.000

 Subtotal:     437.371                  12.644
 -----------------------------------------------

  Elements    COT*SASA   Sigma Z,Z'     Total   
    Z,Z'       Ang**2  cal/Ang**2/mol kcal/mol  
 ---------------------------------------------- 
  H   C        128.032     -51.536      -6.598
  H   O          6.882     -27.476      -0.189
  C   C        130.735     -87.925     -11.495
  O   C         22.211     -22.247      -0.494
  O   O          0.000    -112.781      -0.000
  C   N         30.822    -141.360      -4.357
  N   C         54.141       0.000       0.000
  N  C(3)        0.000       0.000       0.000
  O   N          0.000      69.634       0.000

 Subtotal:                             -23.133
 ---------------------------------------------- 

 NONAQUEOUS SOLVENT CONTRIBUTION (kcal/mol):
 (proportional to SASA, atomic number independent)
 ---------------------------------------------- 
 Subtotal:                               9.457
 ---------------------------------------------- 

 CDS TOTAL (kcal/mol):                  -1.032
...............................................................................
