----------------------------------------------- 
  Element       SASA      Sigma Z        Total  
     Z         Ang**2 cal/Ang**2/mol   kcal/mol 
----------------------------------------------- 
      H        222.598       0.000       0.000
      C        110.680     111.253      12.314
      N         14.426      46.223       0.667
      O         47.643     -63.418      -3.021
      F         24.319       0.000       0.000

 Subtotal:     419.666                   9.959
 -----------------------------------------------

  Elements    COT*SASA   Sigma Z,Z'     Total   
    Z,Z'       Ang**2  cal/Ang**2/mol kcal/mol  
 ---------------------------------------------- 
  H   C        125.443     -51.536      -6.465
  H   O          6.933     -27.476      -0.190
  C   C        105.715     -87.925      -9.295
  O   C         27.154     -22.247      -0.604
  O   O          0.000    -112.781      -0.000
  C   N         24.101    -141.360      -3.407
  N   C         55.164       0.000       0.000
  N  C(3)        0.000       0.000       0.000
  O   N          0.000      69.634       0.000

 Subtotal:                             -19.961
 ---------------------------------------------- 

 NONAQUEOUS SOLVENT CONTRIBUTION (kcal/mol):
 (proportional to SASA, atomic number independent)
 ---------------------------------------------- 
 Subtotal:                               9.074
 ---------------------------------------------- 

 CDS TOTAL (kcal/mol):                  -0.928
...............................................................................
