----------------------------------------------- 
  Element       SASA      Sigma Z        Total  
     Z         Ang**2 cal/Ang**2/mol   kcal/mol 
----------------------------------------------- 
      H        191.220       0.000       0.000
      C         92.721     111.253      10.316
      N         45.526      46.223       2.104
      O         89.770     -63.418      -5.693

 Subtotal:     419.237                   6.727
 -----------------------------------------------

  Elements    COT*SASA   Sigma Z,Z'     Total   
    Z,Z'       Ang**2  cal/Ang**2/mol kcal/mol  
 ---------------------------------------------- 
  H   C        116.080     -51.536      -5.982
  H   O          4.503     -27.476      -0.124
  C   C         55.035     -87.925      -4.839
  O   C         37.872     -22.247      -0.843
  O   O          0.000    -112.781      -0.000
  C   N         22.274    -141.360      -3.149
  N   C         95.058       0.000       0.000
  N  C(3)        0.000       0.000       0.000
  O   N          0.000      69.634       0.000

 Subtotal:                             -14.936
 ---------------------------------------------- 

 NONAQUEOUS SOLVENT CONTRIBUTION (kcal/mol):
 (proportional to SASA, atomic number independent)
 ---------------------------------------------- 
 Subtotal:                               9.065
 ---------------------------------------------- 

 CDS TOTAL (kcal/mol):                   0.856
...............................................................................
