----------------------------------------------- 
  Element       SASA      Sigma Z        Total  
     Z         Ang**2 cal/Ang**2/mol   kcal/mol 
----------------------------------------------- 
      H        107.972       0.000       0.000
      C         42.592     111.253       4.739
      N         30.034      46.223       1.388
      O         43.917     -63.418      -2.785

 Subtotal:     224.515                   3.342
 -----------------------------------------------

  Elements    COT*SASA   Sigma Z,Z'     Total   
    Z,Z'       Ang**2  cal/Ang**2/mol kcal/mol  
 ---------------------------------------------- 
  H   C         72.827     -51.536      -3.753
  H   O          0.000     -27.476      -0.000
  C   C         19.473     -87.925      -1.712
  O   C         25.554     -22.247      -0.569
  O   O          0.000    -112.781      -0.000
  C   N          3.473    -141.360      -0.491
  N   C         61.432       0.000       0.000
  N  C(3)        0.000       0.000       0.000
  O   N          0.000      69.634       0.000

 Subtotal:                              -6.525
 ---------------------------------------------- 

 NONAQUEOUS SOLVENT CONTRIBUTION (kcal/mol):
 (proportional to SASA, atomic number independent)
 ---------------------------------------------- 
 Subtotal:                               4.855
 ---------------------------------------------- 

 CDS TOTAL (kcal/mol):                   1.671
...............................................................................
