----------------------------------------------- 
  Element       SASA      Sigma Z        Total  
     Z         Ang**2 cal/Ang**2/mol   kcal/mol 
----------------------------------------------- 
      H        208.855       0.000       0.000
      C         93.265     111.253      10.376
      N         42.195      46.223       1.950
      O         83.252     -63.418      -5.280

 Subtotal:     427.567                   7.047
 -----------------------------------------------

  Elements    COT*SASA   Sigma Z,Z'     Total   
    Z,Z'       Ang**2  cal/Ang**2/mol kcal/mol  
 ---------------------------------------------- 
  H   C        128.653     -51.536      -6.630
  H   O          6.939     -27.476      -0.191
  C   C         52.000     -87.925      -4.572
  O   C         48.327     -22.247      -1.075
  O   O          0.000    -112.781      -0.000
  C   N         22.063    -141.360      -3.119
  N   C         80.638       0.000       0.000
  N  C(3)        0.000       0.000       0.000
  O   N          0.000      69.634       0.000

 Subtotal:                             -15.587
 ---------------------------------------------- 

 NONAQUEOUS SOLVENT CONTRIBUTION (kcal/mol):
 (proportional to SASA, atomic number independent)
 ---------------------------------------------- 
 Subtotal:                               9.245
 ---------------------------------------------- 

 CDS TOTAL (kcal/mol):                   0.705
...............................................................................
