----------------------------------------------- 
  Element       SASA      Sigma Z        Total  
     Z         Ang**2 cal/Ang**2/mol   kcal/mol 
----------------------------------------------- 
      H        166.704       0.000       0.000
      C         65.325     111.253       7.268
      N         18.498      46.223       0.855
      O         60.362     -63.418      -3.828

 Subtotal:     310.889                   4.295
 -----------------------------------------------

  Elements    COT*SASA   Sigma Z,Z'     Total   
    Z,Z'       Ang**2  cal/Ang**2/mol kcal/mol  
 ---------------------------------------------- 
  H   C         87.021     -51.536      -4.485
  H   O          7.439     -27.476      -0.204
  C   C         39.805     -87.925      -3.500
  O   C         30.503     -22.247      -0.679
  O   O          0.000    -112.781      -0.000
  C   N         13.733    -141.360      -1.941
  N   C         54.490       0.000       0.000
  N  C(3)        0.000       0.000       0.000
  O   N          0.000      69.634       0.000

 Subtotal:                             -10.809
 ---------------------------------------------- 

 NONAQUEOUS SOLVENT CONTRIBUTION (kcal/mol):
 (proportional to SASA, atomic number independent)
 ---------------------------------------------- 
 Subtotal:                               6.722
 ---------------------------------------------- 

 CDS TOTAL (kcal/mol):                   0.208
...............................................................................
