----------------------------------------------- 
  Element       SASA      Sigma Z        Total  
     Z         Ang**2 cal/Ang**2/mol   kcal/mol 
----------------------------------------------- 
      H        174.906       0.000       0.000
      C         65.683     111.253       7.307
      N         20.489      46.223       0.947
      O         56.977     -63.418      -3.613

 Subtotal:     318.054                   4.641
 -----------------------------------------------

  Elements    COT*SASA   Sigma Z,Z'     Total   
    Z,Z'       Ang**2  cal/Ang**2/mol kcal/mol  
 ---------------------------------------------- 
  H   C         92.731     -51.536      -4.779
  H   O          4.603     -27.476      -0.126
  C   C         38.120     -87.925      -3.352
  O   C         12.916     -22.247      -0.287
  O   O          0.000    -112.781      -0.000
  C   N         14.015    -141.360      -1.981
  N   C         59.557       0.000       0.000
  N  C(3)        0.222       0.000       0.000
  O   N          0.000      69.634       0.000

 Subtotal:                             -10.526
 ---------------------------------------------- 

 NONAQUEOUS SOLVENT CONTRIBUTION (kcal/mol):
 (proportional to SASA, atomic number independent)
 ---------------------------------------------- 
 Subtotal:                               6.877
 ---------------------------------------------- 

 CDS TOTAL (kcal/mol):                   0.993
...............................................................................
