----------------------------------------------- 
  Element       SASA      Sigma Z        Total  
     Z         Ang**2 cal/Ang**2/mol   kcal/mol 
----------------------------------------------- 
      H        215.179       0.000       0.000
      C        118.485     111.253      13.182
      N         10.494      46.223       0.485
      O         49.881     -63.418      -3.163
      F         24.376       0.000       0.000

 Subtotal:     418.415                  10.504
 -----------------------------------------------

  Elements    COT*SASA   Sigma Z,Z'     Total   
    Z,Z'       Ang**2  cal/Ang**2/mol kcal/mol  
 ---------------------------------------------- 
  H   C        121.920     -51.536      -6.283
  H   O          6.953     -27.476      -0.191
  C   C        113.900     -87.925     -10.015
  O   C         26.635     -22.247      -0.593
  O   O          0.000    -112.781      -0.000
  C   N         25.675    -141.360      -3.629
  N   C         57.825       0.000       0.000
  N  C(3)        0.000       0.000       0.000
  O   N          0.000      69.634       0.000

 Subtotal:                             -20.711
 ---------------------------------------------- 

 NONAQUEOUS SOLVENT CONTRIBUTION (kcal/mol):
 (proportional to SASA, atomic number independent)
 ---------------------------------------------- 
 Subtotal:                               9.047
 ---------------------------------------------- 

 CDS TOTAL (kcal/mol):                  -1.160
...............................................................................
