----------------------------------------------- 
  Element       SASA      Sigma Z        Total  
     Z         Ang**2 cal/Ang**2/mol   kcal/mol 
----------------------------------------------- 
      H        202.475       0.000       0.000
      C        102.949     111.253      11.453
      N         39.673      46.223       1.834
      O         82.157     -63.418      -5.210

 Subtotal:     427.255                   8.077
 -----------------------------------------------

  Elements    COT*SASA   Sigma Z,Z'     Total   
    Z,Z'       Ang**2  cal/Ang**2/mol kcal/mol  
 ---------------------------------------------- 
  H   C        126.809     -51.536      -6.535
  H   O          4.653     -27.476      -0.128
  C   C         57.017     -87.925      -5.013
  O   C         42.796     -22.247      -0.952
  O   O          0.000    -112.781      -0.000
  C   N         27.670    -141.360      -3.911
  N   C         80.559       0.000       0.000
  N  C(3)        0.100       0.000       0.000
  O   N          0.000      69.634       0.000

 Subtotal:                             -16.540
 ---------------------------------------------- 

 NONAQUEOUS SOLVENT CONTRIBUTION (kcal/mol):
 (proportional to SASA, atomic number independent)
 ---------------------------------------------- 
 Subtotal:                               9.239
 ---------------------------------------------- 

 CDS TOTAL (kcal/mol):                   0.776
...............................................................................
