----------------------------------------------- 
  Element       SASA      Sigma Z        Total  
     Z         Ang**2 cal/Ang**2/mol   kcal/mol 
----------------------------------------------- 
      H        107.682       0.000       0.000
      C         53.414     111.253       5.942
      N         33.871      46.223       1.566
      O         27.450     -63.418      -1.741

 Subtotal:     222.417                   5.767
 -----------------------------------------------

  Elements    COT*SASA   Sigma Z,Z'     Total   
    Z,Z'       Ang**2  cal/Ang**2/mol kcal/mol  
 ---------------------------------------------- 
  H   C         72.583     -51.536      -3.741
  H   O          0.000     -27.476      -0.000
  C   C         21.620     -87.925      -1.901
  O   C         16.665     -22.247      -0.371
  O   O          0.000    -112.781      -0.000
  C   N          8.143    -141.360      -1.151
  N   C         46.429       0.000       0.000
  N  C(3)        0.000       0.000       0.000
  O   N          0.000      69.634       0.000

 Subtotal:                              -7.163
 ---------------------------------------------- 

 NONAQUEOUS SOLVENT CONTRIBUTION (kcal/mol):
 (proportional to SASA, atomic number independent)
 ---------------------------------------------- 
 Subtotal:                               4.809
 ---------------------------------------------- 

 CDS TOTAL (kcal/mol):                   3.413
...............................................................................
