----------------------------------------------- 
  Element       SASA      Sigma Z        Total  
     Z         Ang**2 cal/Ang**2/mol   kcal/mol 
----------------------------------------------- 
      H        200.315       0.000       0.000
      C         90.481     111.253      10.066
      N         36.110      46.223       1.669
      O         93.403     -63.418      -5.923

 Subtotal:     420.309                   5.812
 -----------------------------------------------

  Elements    COT*SASA   Sigma Z,Z'     Total   
    Z,Z'       Ang**2  cal/Ang**2/mol kcal/mol  
 ---------------------------------------------- 
  H   C        125.885     -51.536      -6.488
  H   O          4.417     -27.476      -0.121
  C   C         44.814     -87.925      -3.940
  O   C         45.124     -22.247      -1.004
  O   O          0.000    -112.781      -0.000
  C   N         21.463    -141.360      -3.034
  N   C         62.647       0.000       0.000
  N  C(3)        0.000       0.000       0.000
  O   N          0.000      69.634       0.000

 Subtotal:                             -14.587
 ---------------------------------------------- 

 NONAQUEOUS SOLVENT CONTRIBUTION (kcal/mol):
 (proportional to SASA, atomic number independent)
 ---------------------------------------------- 
 Subtotal:                               9.088
 ---------------------------------------------- 

 CDS TOTAL (kcal/mol):                   0.313
...............................................................................
