----------------------------------------------- 
  Element       SASA      Sigma Z        Total  
     Z         Ang**2 cal/Ang**2/mol   kcal/mol 
----------------------------------------------- 
      H        216.859       0.000       0.000
      C        114.508     111.253      12.739
      N         15.389      46.223       0.711
      O         50.179     -63.418      -3.182
      F         24.338       0.000       0.000

 Subtotal:     421.272                  10.268
 -----------------------------------------------

  Elements    COT*SASA   Sigma Z,Z'     Total   
    Z,Z'       Ang**2  cal/Ang**2/mol kcal/mol  
 ---------------------------------------------- 
  H   C        115.087     -51.536      -5.931
  H   O         12.363     -27.476      -0.340
  C   C        117.924     -87.925     -10.368
  O   C         24.823     -22.247      -0.552
  O   O          0.000    -112.781      -0.000
  C   N         23.249    -141.360      -3.286
  N   C         63.986       0.000       0.000
  N  C(3)        0.000       0.000       0.000
  O   N          0.000      69.634       0.000

 Subtotal:                             -20.478
 ---------------------------------------------- 

 NONAQUEOUS SOLVENT CONTRIBUTION (kcal/mol):
 (proportional to SASA, atomic number independent)
 ---------------------------------------------- 
 Subtotal:                               9.109
 ---------------------------------------------- 

 CDS TOTAL (kcal/mol):                  -1.100
...............................................................................
