----------------------------------------------- 
  Element       SASA      Sigma Z        Total  
     Z         Ang**2 cal/Ang**2/mol   kcal/mol 
----------------------------------------------- 
      H        178.905       0.000       0.000
      C         85.764     111.253       9.541
      N         44.952      46.223       2.078
      O        106.524     -63.418      -6.756

 Subtotal:     416.145                   4.864
 -----------------------------------------------

  Elements    COT*SASA   Sigma Z,Z'     Total   
    Z,Z'       Ang**2  cal/Ang**2/mol kcal/mol  
 ---------------------------------------------- 
  H   C        111.773     -51.536      -5.760
  H   O          0.000     -27.476      -0.000
  C   C         50.633     -87.925      -4.452
  O   C         52.352     -22.247      -1.165
  O   O          0.000    -112.781      -0.000
  C   N         24.321    -141.360      -3.438
  N   C         88.543       0.000       0.000
  N  C(3)        0.003       0.000       0.000
  O   N          0.000      69.634       0.000

 Subtotal:                             -14.815
 ---------------------------------------------- 

 NONAQUEOUS SOLVENT CONTRIBUTION (kcal/mol):
 (proportional to SASA, atomic number independent)
 ---------------------------------------------- 
 Subtotal:                               8.998
 ---------------------------------------------- 

 CDS TOTAL (kcal/mol):                  -0.953
...............................................................................
