----------------------------------------------- 
  Element       SASA      Sigma Z        Total  
     Z         Ang**2 cal/Ang**2/mol   kcal/mol 
----------------------------------------------- 
      H        195.617       0.000       0.000
      C         75.498     111.253       8.399
      N         42.918      46.223       1.984
      O         84.764     -63.418      -5.376

 Subtotal:     398.796                   5.008
 -----------------------------------------------

  Elements    COT*SASA   Sigma Z,Z'     Total   
    Z,Z'       Ang**2  cal/Ang**2/mol kcal/mol  
 ---------------------------------------------- 
  H   C        122.631     -51.536      -6.320
  H   O          6.820     -27.476      -0.187
  C   C         37.398     -87.925      -3.288
  O   C         48.343     -22.247      -1.075
  O   O          0.000    -112.781      -0.000
  C   N         14.828    -141.360      -2.096
  N   C         96.715       0.000       0.000
  N  C(3)        0.274       0.000       0.000
  O   N          0.000      69.634       0.000

 Subtotal:                             -12.967
 ---------------------------------------------- 

 NONAQUEOUS SOLVENT CONTRIBUTION (kcal/mol):
 (proportional to SASA, atomic number independent)
 ---------------------------------------------- 
 Subtotal:                               8.623
 ---------------------------------------------- 

 CDS TOTAL (kcal/mol):                   0.664
...............................................................................
