----------------------------------------------- 
  Element       SASA      Sigma Z        Total  
     Z         Ang**2 cal/Ang**2/mol   kcal/mol 
----------------------------------------------- 
      H        132.402       0.000       0.000
      C         51.980     111.253       5.783
      N         11.880      46.223       0.549
      F         23.327       0.000       0.000

 Subtotal:     219.588                   6.332
 -----------------------------------------------

  Elements    COT*SASA   Sigma Z,Z'     Total   
    Z,Z'       Ang**2  cal/Ang**2/mol kcal/mol  
 ---------------------------------------------- 
  H   C         71.919     -51.536      -3.706
  C   C         63.314     -87.925      -5.567
  C   N          1.691    -141.360      -0.239
  N   C         37.932       0.000       0.000
  N  C(3)        0.000       0.000       0.000

 Subtotal:                              -9.512
 ---------------------------------------------- 

 NONAQUEOUS SOLVENT CONTRIBUTION (kcal/mol):
 (proportional to SASA, atomic number independent)
 ---------------------------------------------- 
 Subtotal:                               4.748
 ---------------------------------------------- 

 CDS TOTAL (kcal/mol):                   1.568
...............................................................................
