submitit INFO (2023-06-20 14:51:23,912) - Starting with JobEnvironment(job_id=40875060, hostname=node308.cluster, local_rank=0(1), node=0(1), global_rank=0(1))
submitit INFO (2023-06-20 14:51:23,913) - Loading pickle: /lustre/hpc/kemi/ree/PhD/git/ReactivityQM/submitit_results/RaltegravirCLI/40875060_submitted.pkl
WARNING! Input/output mismatch for RaltegravirCLI_reac01prodE01_conf04_gfn1.xyz
WARNING! Input/output mismatch for RaltegravirCLI_reac01prodE01_conf09_gfn1.xyz
WARNING! Input/output mismatch for RaltegravirCLI_reac01prodE01_conf08_gfn1.xyz
WARNING! Input/output mismatch for RaltegravirCLI_reac01prodE01_conf07_gfn1.xyz
WARNING! Input/output mismatch for RaltegravirCLI_reac01prodE01_conf02_gfn1.xyz
WARNING! Input/output mismatch for RaltegravirCLI_reac01prodE01_conf03_gfn1.xyz
WARNING! Input/output mismatch for RaltegravirCLI_reac01prodE01_conf05_gfn1.xyz
WARNING! Input/output mismatch for RaltegravirCLI_reac01prodE01_conf10_gfn1.xyz
WARNING! Input/output mismatch for RaltegravirCLI_reac01prodE01_conf01_gfn1.xyz
WARNING! Input/output mismatch for RaltegravirCLI_reac01prodE01_conf06_gfn1.xyz
WARNING! Input/output mismatch for RaltegravirCLI_reac01prodE03_conf10_gfn1.xyz
WARNING! Input/output mismatch for RaltegravirCLI_reac01prodE03_conf02_gfn1.xyz
WARNING! Input/output mismatch for RaltegravirCLI_reac01prodE05_conf07_gfn1.xyz
WARNING! Input/output mismatch for RaltegravirCLI_reac01prodE05_conf04_gfn1.xyz
WARNING! Input/output mismatch for RaltegravirCLI_reac01prodE05_conf06_gfn1.xyz
WARNING! Input/output mismatch for RaltegravirCLI_reac01prodE05_conf09_gfn1.xyz
WARNING! Input/output mismatch for RaltegravirCLI_reac01prodE05_conf03_gfn1.xyz
WARNING! Input/output mismatch for RaltegravirCLI_reac01prodE05_conf01_gfn1.xyz
WARNING! Input/output mismatch for RaltegravirCLI_reac01prodE05_conf02_gfn1.xyz
WARNING! Input/output mismatch for RaltegravirCLI_reac01prodE05_conf05_gfn1.xyz
WARNING! Input/output mismatch for RaltegravirCLI_reac01prodE05_conf10_gfn1.xyz
WARNING! Input/output mismatch for RaltegravirCLI_reac01prodE05_conf08_gfn1.xyz
WARNING! Input/output mismatch for RaltegravirCLI_reac01prodN06_conf10_gfn1.xyz
WARNING! Input/output mismatch for RaltegravirCLI_reac01prodN06_conf07_gfn1.xyz
WARNING! Input/output mismatch for RaltegravirCLI_reac01prodN06_conf02_gfn1.xyz
WARNING! Input/output mismatch for RaltegravirCLI_reac01prodN06_conf05_gfn1.xyz
WARNING! Input/output mismatch for RaltegravirCLI_reac01prodN06_conf08_gfn1.xyz
WARNING! Input/output mismatch for RaltegravirCLI_reac01prodN06_conf06_gfn1.xyz
WARNING! Input/output mismatch for RaltegravirCLI_reac01prodN06_conf04_gfn1.xyz
WARNING! Input/output mismatch for RaltegravirCLI_reac01prodN06_conf09_gfn1.xyz
WARNING! Input/output mismatch for RaltegravirCLI_reac01prodN06_conf01_gfn1.xyz
WARNING! Input/output mismatch for RaltegravirCLI_reac01prodN06_conf03_gfn1.xyz
WARNING! Input/output mismatch for RaltegravirCLI_reac02prodE01_conf13_gfn1.xyz
WARNING! Input/output mismatch for RaltegravirCLI_reac02prodE01_conf15_gfn1.xyz
WARNING! Input/output mismatch for RaltegravirCLI_reac02prodE09_conf10_gfn1.xyz
WARNING! Input/output mismatch for RaltegravirCLI_reac02prodE09_conf03_gfn1.xyz
WARNING! Input/output mismatch for RaltegravirCLI_reac02prodE09_conf14_gfn1.xyz
WARNING! Input/output mismatch for RaltegravirCLI_reac02prodE09_conf17_gfn1.xyz
WARNING! Input/output mismatch for RaltegravirCLI_reac02prodE09_conf20_gfn1.xyz
WARNING! Input/output mismatch for RaltegravirCLI_reac02prodE09_conf01_gfn1.xyz
WARNING! Input/output mismatch for RaltegravirCLI_reac02prodE09_conf19_gfn1.xyz
WARNING! Input/output mismatch for RaltegravirCLI_reac02prodE09_conf04_gfn1.xyz
WARNING! Input/output mismatch for RaltegravirCLI_reac02prodE09_conf05_gfn1.xyz
WARNING! Input/output mismatch for RaltegravirCLI_reac02prodE09_conf11_gfn1.xyz
WARNING! Input/output mismatch for RaltegravirCLI_reac02prodE09_conf09_gfn1.xyz
WARNING! Input/output mismatch for RaltegravirCLI_reac02prodE09_conf18_gfn1.xyz
WARNING! Input/output mismatch for RaltegravirCLI_reac02prodE09_conf08_gfn1.xyz
WARNING! Input/output mismatch for RaltegravirCLI_reac02prodE09_conf02_gfn1.xyz
WARNING! Input/output mismatch for RaltegravirCLI_reac02prodE09_conf16_gfn1.xyz
WARNING! Input/output mismatch for RaltegravirCLI_reac02prodE09_conf06_gfn1.xyz
WARNING! Input/output mismatch for RaltegravirCLI_reac02prodE11_conf11_gfn1.xyz
WARNING! Input/output mismatch for RaltegravirCLI_reac02prodE11_conf10_gfn1.xyz
WARNING! Input/output mismatch for RaltegravirCLI_reac02prodE11_conf08_gfn1.xyz
WARNING! Input/output mismatch for RaltegravirCLI_reac02prodE11_conf09_gfn1.xyz
WARNING! Input/output mismatch for RaltegravirCLI_reac02prodE11_conf17_gfn1.xyz
WARNING! Input/output mismatch for RaltegravirCLI_reac02prodE11_conf13_gfn1.xyz
WARNING! Input/output mismatch for RaltegravirCLI_reac02prodE11_conf05_gfn1.xyz
WARNING! Input/output mismatch for RaltegravirCLI_reac02prodE11_conf03_gfn1.xyz
WARNING! Input/output mismatch for RaltegravirCLI_reac02prodE11_conf20_gfn1.xyz
WARNING! Input/output mismatch for RaltegravirCLI_reac02prodE11_conf18_gfn1.xyz
WARNING! Input/output mismatch for RaltegravirCLI_reac02prodE11_conf12_gfn1.xyz
WARNING! Input/output mismatch for RaltegravirCLI_reac02prodE11_conf15_gfn1.xyz
WARNING! Input/output mismatch for RaltegravirCLI_reac02prodE11_conf01_gfn1.xyz
WARNING! Input/output mismatch for RaltegravirCLI_reac02prodE11_conf02_gfn1.xyz
WARNING! Input/output mismatch for RaltegravirCLI_reac02prodE11_conf19_gfn1.xyz
WARNING! Input/output mismatch for RaltegravirCLI_reac02prodN03_conf02_gfn1.xyz
WARNING! Input/output mismatch for RaltegravirCLI_reac02prodN03_conf15_gfn1.xyz
WARNING! Input/output mismatch for RaltegravirCLI_reac02prodN03_conf16_gfn1.xyz
WARNING! Input/output mismatch for RaltegravirCLI_reac02prodN03_conf08_gfn1.xyz
WARNING! Input/output mismatch for RaltegravirCLI_reac02prodN03_conf07_gfn1.xyz
WARNING! Input/output mismatch for RaltegravirCLI_reac02prodN03_conf18_gfn1.xyz
WARNING! Input/output mismatch for RaltegravirCLI_reac02prodN05_conf20_gfn1.xyz
WARNING! Input/output mismatch for RaltegravirCLI_reac02prodN05_conf10_gfn1.xyz
WARNING! Input/output mismatch for RaltegravirCLI_reac02prodN05_conf04_gfn1.xyz
WARNING! Input/output mismatch for RaltegravirCLI_reac02prodN05_conf16_gfn1.xyz
WARNING! Input/output mismatch for RaltegravirCLI_reac02prodN05_conf15_gfn1.xyz
WARNING! Input/output mismatch for RaltegravirCLI_reac02prodN05_conf18_gfn1.xyz
WARNING! Input/output mismatch for RaltegravirCLI_reac02prodN05_conf02_gfn1.xyz
WARNING! Input/output mismatch for RaltegravirCLI_reac02prodN05_conf13_gfn1.xyz
WARNING! Input/output mismatch for RaltegravirCLI_reac02prodN07_conf16_gfn1.xyz
WARNING! Input/output mismatch for RaltegravirCLI_reac02prodN07_conf08_gfn1.xyz
WARNING! Input/output mismatch for RaltegravirCLI_reac02prodN07_conf18_gfn1.xyz
WARNING! Input/output mismatch for RaltegravirCLI_reac02prodN07_conf19_gfn1.xyz
WARNING! Input/output mismatch for RaltegravirCLI_reac02prodN07_conf11_gfn1.xyz
WARNING! Input/output mismatch for RaltegravirCLI_reac02prodN09_conf03_gfn1.xyz
WARNING! Input/output mismatch for RaltegravirCLI_reac02prodN09_conf05_gfn1.xyz
WARNING! Input/output mismatch for RaltegravirCLI_reac02prodN09_conf11_gfn1.xyz
WARNING! Input/output mismatch for RaltegravirCLI_reac02prodN09_conf18_gfn1.xyz
WARNING! Input/output mismatch for RaltegravirCLI_reac02prodN09_conf14_gfn1.xyz
WARNING! Input/output mismatch for RaltegravirCLI_reac02prodN13_conf03_gfn1.xyz
WARNING! Input/output mismatch for RaltegravirCLI_reac02prodN13_conf17_gfn1.xyz
WARNING! Input/output mismatch for RaltegravirCLI_reac02prodN13_conf10_gfn1.xyz
WARNING! Input/output mismatch for RaltegravirCLI_reac02prodN13_conf13_gfn1.xyz
WARNING! Input/output mismatch for RaltegravirCLI_reac02prodN13_conf01_gfn1.xyz
WARNING! Input/output mismatch for RaltegravirCLI_reac02prodN13_conf02_gfn1.xyz
WARNING! Input/output mismatch for RaltegravirCLI_reac02prodN13_conf07_gfn1.xyz
WARNING! Input/output mismatch for RaltegravirCLI_reac02prodN13_conf18_gfn1.xyz
WARNING! Input/output mismatch for RaltegravirCLI_reac02prodN13_conf19_gfn1.xyz
WARNING! Input/output mismatch for RaltegravirCLI_reac02prodN13_conf05_gfn1.xyz
WARNING! Input/output mismatch for RaltegravirCLI_reac02prodN13_conf11_gfn1.xyz
WARNING! Input/output mismatch for RaltegravirCLI_reac02prodN13_conf15_gfn1.xyz
WARNING! Input/output mismatch for RaltegravirCLI_reac02prodN13_conf12_gfn1.xyz
WARNING! Input/output mismatch for RaltegravirCLI_reac02prodN13_conf09_gfn1.xyz
WARNING! Input/output mismatch for RaltegravirCLI_reac02prodN13_conf14_gfn1.xyz
WARNING! Input/output mismatch for RaltegravirCLI_reac02prodN13_conf20_gfn1.xyz
Reactant - #1
Electrophilic sites: 
 ['Acyl Halide', 'double_bond', 'double_bond', 'double_bond', 'double_bond', 'double_bond'] 
 [5, 1, 2, 3, 4, 6] 
 [395.42630775272846, 288.533224883955, 111.2082085357979, 201.21502543939278, 211.93258586898446, 129.55711374618113]
Nucleophilic sites: 
 ['Ether', 'Pyridine_like_nitrogen', 'Pyridine_like_nitrogen', 'double_bond', 'double_bond', 'double_bond', 'atom_with_lone_pair', 'atom_with_lone_pair'] 
 [8, 2, 3, 1, 4, 5, 6, 7] 
 [137.58656107541174, 393.04468018375337, 375.4324761577882, 179.1459780121222, 234.75979186641052, 159.7925527258776, 243.12722379434854, 176.05132709210739]
Reactant - #2
Electrophilic sites: 
 ['Amide', 'double_bond', 'double_bond', 'double_bond', 'double_bond', 'double_bond', 'double_bond', 'double_bond', 'double_bond', 'double_bond', 'double_bond', 'double_bond'] 
 [9, 2, 7, 8, 10, 13, 14, 15, 16, 20, 22, 23] 
 [186.05074114026502, 151.4300396363251, 0.41625777166336775, 106.81118629453704, -9.317431987263262, 60.26314982725307, 97.85114915575832, 76.75408476311713, 305.65083007887006, 156.85472001880407, 180.53662129910663, 0.6483997949399054]
Nucleophilic sites: 
 ['Amide', 'Amine', 'Phenol', 'Pyridine_like_nitrogen', 'double_bond', 'double_bond', 'double_bond', 'double_bond', 'double_bond', 'double_bond', 'double_bond', 'double_bond', 'double_bond', 'atom_with_lone_pair', 'atom_with_lone_pair', 'atom_with_lone_pair', 'atom_with_lone_pair'] 
 [10, 6, 21, 7, 2, 8, 9, 13, 14, 15, 16, 20, 22, 1, 11, 17, 23] 
 [323.50014304043725, 448.5232795588672, 329.956081696786, 333.8186803688295, 497.5009327060543, 278.5161401196383, 336.80977083416656, 293.5609026327729, 384.26334978220984, 298.65704905381426, 256.10191046027467, 282.1668859231286, 289.43651125440374, 261.2207889012061, 346.34988626651466, 130.80397698795423, 343.19637590274215]
submitit INFO (2023-06-20 15:43:20,651) - Job completed successfully
