----------------------------------------------- 
  Element       SASA      Sigma Z        Total  
     Z         Ang**2 cal/Ang**2/mol   kcal/mol 
----------------------------------------------- 
      H        171.965       0.000       0.000
      C         89.388     111.253       9.945
      N         40.331      46.223       1.864
      O        107.694     -63.418      -6.830

 Subtotal:     409.379                   4.979
 -----------------------------------------------

  Elements    COT*SASA   Sigma Z,Z'     Total   
    Z,Z'       Ang**2  cal/Ang**2/mol kcal/mol  
 ---------------------------------------------- 
  H   C        107.548     -51.536      -5.543
  H   O          0.000     -27.476      -0.000
  C   C         56.276     -87.925      -4.948
  O   C         65.730     -22.247      -1.462
  O   O          0.000    -112.781      -0.000
  C   N         17.032    -141.360      -2.408
  N   C         77.978       0.000       0.000
  N  C(3)        0.051       0.000       0.000
  O   N          0.000      69.634       0.000

 Subtotal:                             -14.361
 ---------------------------------------------- 

 NONAQUEOUS SOLVENT CONTRIBUTION (kcal/mol):
 (proportional to SASA, atomic number independent)
 ---------------------------------------------- 
 Subtotal:                               8.852
 ---------------------------------------------- 

 CDS TOTAL (kcal/mol):                  -0.529
...............................................................................
