----------------------------------------------- 
  Element       SASA      Sigma Z        Total  
     Z         Ang**2 cal/Ang**2/mol   kcal/mol 
----------------------------------------------- 
      H        194.990       0.000       0.000
      C         97.786     111.253      10.879
      N         31.012      46.223       1.433
      O         95.886     -63.418      -6.081

 Subtotal:     419.673                   6.232
 -----------------------------------------------

  Elements    COT*SASA   Sigma Z,Z'     Total   
    Z,Z'       Ang**2  cal/Ang**2/mol kcal/mol  
 ---------------------------------------------- 
  H   C        115.753     -51.536      -5.965
  H   O          4.543     -27.476      -0.125
  C   C         57.437     -87.925      -5.050
  O   C         53.534     -22.247      -1.191
  O   O          0.000    -112.781      -0.000
  C   N         25.932    -141.360      -3.666
  N   C         81.169       0.000       0.000
  N  C(3)        0.000       0.000       0.000
  O   N          0.000      69.634       0.000

 Subtotal:                             -15.997
 ---------------------------------------------- 

 NONAQUEOUS SOLVENT CONTRIBUTION (kcal/mol):
 (proportional to SASA, atomic number independent)
 ---------------------------------------------- 
 Subtotal:                               9.075
 ---------------------------------------------- 

 CDS TOTAL (kcal/mol):                  -0.691
...............................................................................
