----------------------------------------------- 
  Element       SASA      Sigma Z        Total  
     Z         Ang**2 cal/Ang**2/mol   kcal/mol 
----------------------------------------------- 
      H        213.078       0.000       0.000
      C        112.319     111.253      12.496
      N         10.760      46.223       0.497
      O         47.612     -63.418      -3.019
      F         24.374       0.000       0.000

 Subtotal:     408.144                   9.974
 -----------------------------------------------

  Elements    COT*SASA   Sigma Z,Z'     Total   
    Z,Z'       Ang**2  cal/Ang**2/mol kcal/mol  
 ---------------------------------------------- 
  H   C        115.696     -51.536      -5.963
  H   O          7.154     -27.476      -0.197
  C   C        111.522     -87.925      -9.806
  O   C         26.798     -22.247      -0.596
  O   O          0.000    -112.781      -0.000
  C   N         23.666    -141.360      -3.345
  N   C         58.822       0.000       0.000
  N  C(3)        0.000       0.000       0.000
  O   N          0.000      69.634       0.000

 Subtotal:                             -19.906
 ---------------------------------------------- 

 NONAQUEOUS SOLVENT CONTRIBUTION (kcal/mol):
 (proportional to SASA, atomic number independent)
 ---------------------------------------------- 
 Subtotal:                               8.825
 ---------------------------------------------- 

 CDS TOTAL (kcal/mol):                  -1.107
...............................................................................
