----------------------------------------------- 
  Element       SASA      Sigma Z        Total  
     Z         Ang**2 cal/Ang**2/mol   kcal/mol 
----------------------------------------------- 
      H        178.931       0.000       0.000
      C         85.761     111.253       9.541
      N         44.948      46.223       2.078
      O        106.496     -63.418      -6.754

 Subtotal:     416.136                   4.865
 -----------------------------------------------

  Elements    COT*SASA   Sigma Z,Z'     Total   
    Z,Z'       Ang**2  cal/Ang**2/mol kcal/mol  
 ---------------------------------------------- 
  H   C        111.779     -51.536      -5.761
  H   O          0.000     -27.476      -0.000
  C   C         50.644     -87.925      -4.453
  O   C         52.334     -22.247      -1.164
  O   O          0.000    -112.781      -0.000
  C   N         24.307    -141.360      -3.436
  N   C         88.533       0.000       0.000
  N  C(3)        0.003       0.000       0.000
  O   N          0.000      69.634       0.000

 Subtotal:                             -14.814
 ---------------------------------------------- 

 NONAQUEOUS SOLVENT CONTRIBUTION (kcal/mol):
 (proportional to SASA, atomic number independent)
 ---------------------------------------------- 
 Subtotal:                               8.998
 ---------------------------------------------- 

 CDS TOTAL (kcal/mol):                  -0.951
...............................................................................
