----------------------------------------------- 
  Element       SASA      Sigma Z        Total  
     Z         Ang**2 cal/Ang**2/mol   kcal/mol 
----------------------------------------------- 
      H        185.330       0.000       0.000
      C         92.584     111.253      10.300
      N         49.604      46.223       2.293
      O         92.678     -63.418      -5.877

 Subtotal:     420.196                   6.716
 -----------------------------------------------

  Elements    COT*SASA   Sigma Z,Z'     Total   
    Z,Z'       Ang**2  cal/Ang**2/mol kcal/mol  
 ---------------------------------------------- 
  H   C        113.753     -51.536      -5.862
  H   O          6.454     -27.476      -0.177
  C   C         54.855     -87.925      -4.823
  O   C         35.639     -22.247      -0.793
  O   O          0.000    -112.781      -0.000
  C   N         23.216    -141.360      -3.282
  N   C        112.173       0.000       0.000
  N  C(3)        0.000       0.000       0.000
  O   N          0.000      69.634       0.000

 Subtotal:                             -14.937
 ---------------------------------------------- 

 NONAQUEOUS SOLVENT CONTRIBUTION (kcal/mol):
 (proportional to SASA, atomic number independent)
 ---------------------------------------------- 
 Subtotal:                               9.086
 ---------------------------------------------- 

 CDS TOTAL (kcal/mol):                   0.864
...............................................................................
