----------------------------------------------- 
  Element       SASA      Sigma Z        Total  
     Z         Ang**2 cal/Ang**2/mol   kcal/mol 
----------------------------------------------- 
      H        180.796       0.000       0.000
      C         84.879     111.253       9.443
      N         41.596      46.223       1.923
      O        100.169     -63.418      -6.353

 Subtotal:     407.440                   5.013
 -----------------------------------------------

  Elements    COT*SASA   Sigma Z,Z'     Total   
    Z,Z'       Ang**2  cal/Ang**2/mol kcal/mol  
 ---------------------------------------------- 
  H   C        116.087     -51.536      -5.983
  H   O          0.837     -27.476      -0.023
  C   C         55.929     -87.925      -4.918
  O   C         51.594     -22.247      -1.148
  O   O          0.000    -112.781      -0.000
  C   N         19.593    -141.360      -2.770
  N   C         90.454       0.000       0.000
  N  C(3)        0.000       0.000       0.000
  O   N          0.000      69.634       0.000

 Subtotal:                             -14.841
 ---------------------------------------------- 

 NONAQUEOUS SOLVENT CONTRIBUTION (kcal/mol):
 (proportional to SASA, atomic number independent)
 ---------------------------------------------- 
 Subtotal:                               8.810
 ---------------------------------------------- 

 CDS TOTAL (kcal/mol):                  -1.017
...............................................................................
