----------------------------------------------- 
  Element       SASA      Sigma Z        Total  
     Z         Ang**2 cal/Ang**2/mol   kcal/mol 
----------------------------------------------- 
      H        204.173       0.000       0.000
      C         98.753     111.253      10.987
      N         39.096      46.223       1.807
      O         78.764     -63.418      -4.995

 Subtotal:     420.787                   7.799
 -----------------------------------------------

  Elements    COT*SASA   Sigma Z,Z'     Total   
    Z,Z'       Ang**2  cal/Ang**2/mol kcal/mol  
 ---------------------------------------------- 
  H   C        125.546     -51.536      -6.470
  H   O          6.933     -27.476      -0.190
  C   C         54.760     -87.925      -4.815
  O   C         43.447     -22.247      -0.967
  O   O          0.000    -112.781      -0.000
  C   N         22.518    -141.360      -3.183
  N   C         70.846       0.000       0.000
  N  C(3)        0.000       0.000       0.000
  O   N          0.000      69.634       0.000

 Subtotal:                             -15.625
 ---------------------------------------------- 

 NONAQUEOUS SOLVENT CONTRIBUTION (kcal/mol):
 (proportional to SASA, atomic number independent)
 ---------------------------------------------- 
 Subtotal:                               9.099
 ---------------------------------------------- 

 CDS TOTAL (kcal/mol):                   1.272
...............................................................................
