----------------------------------------------- 
  Element       SASA      Sigma Z        Total  
     Z         Ang**2 cal/Ang**2/mol   kcal/mol 
----------------------------------------------- 
      H        210.716       0.000       0.000
      C         93.137     111.253      10.362
      N         39.775      46.223       1.838
      O         92.202     -63.418      -5.847

 Subtotal:     435.830                   6.353
 -----------------------------------------------

  Elements    COT*SASA   Sigma Z,Z'     Total   
    Z,Z'       Ang**2  cal/Ang**2/mol kcal/mol  
 ---------------------------------------------- 
  H   C        130.536     -51.536      -6.727
  H   O          6.880     -27.476      -0.189
  C   C         56.958     -87.925      -5.008
  O   C         43.757     -22.247      -0.973
  O   O          0.000    -112.781      -0.000
  C   N         23.460    -141.360      -3.316
  N   C        104.320       0.000       0.000
  N  C(3)        0.000       0.000       0.000
  O   N          0.000      69.634       0.000

 Subtotal:                             -16.214
 ---------------------------------------------- 

 NONAQUEOUS SOLVENT CONTRIBUTION (kcal/mol):
 (proportional to SASA, atomic number independent)
 ---------------------------------------------- 
 Subtotal:                               9.424
 ---------------------------------------------- 

 CDS TOTAL (kcal/mol):                  -0.437
...............................................................................
