----------------------------------------------- 
  Element       SASA      Sigma Z        Total  
     Z         Ang**2 cal/Ang**2/mol   kcal/mol 
----------------------------------------------- 
      H        176.929       0.000       0.000
      C         67.937     111.253       7.558
      N         18.303      46.223       0.846
      O         52.069     -63.418      -3.302

 Subtotal:     315.238                   5.102
 -----------------------------------------------

  Elements    COT*SASA   Sigma Z,Z'     Total   
    Z,Z'       Ang**2  cal/Ang**2/mol kcal/mol  
 ---------------------------------------------- 
  H   C         93.289     -51.536      -4.808
  H   O          4.592     -27.476      -0.126
  C   C         39.032     -87.925      -3.432
  O   C         25.166     -22.247      -0.560
  O   O          0.000    -112.781      -0.000
  C   N         15.343    -141.360      -2.169
  N   C         54.573       0.000       0.000
  N  C(3)        0.000       0.000       0.000
  O   N          0.000      69.634       0.000

 Subtotal:                             -11.095
 ---------------------------------------------- 

 NONAQUEOUS SOLVENT CONTRIBUTION (kcal/mol):
 (proportional to SASA, atomic number independent)
 ---------------------------------------------- 
 Subtotal:                               6.816
 ---------------------------------------------- 

 CDS TOTAL (kcal/mol):                   0.824
...............................................................................
