----------------------------------------------- 
  Element       SASA      Sigma Z        Total  
     Z         Ang**2 cal/Ang**2/mol   kcal/mol 
----------------------------------------------- 
      H        175.234       0.000       0.000
      C         64.674     111.253       7.195
      N         16.732      46.223       0.773
      O         62.128     -63.418      -3.940

 Subtotal:     318.768                   4.029
 -----------------------------------------------

  Elements    COT*SASA   Sigma Z,Z'     Total   
    Z,Z'       Ang**2  cal/Ang**2/mol kcal/mol  
 ---------------------------------------------- 
  H   C         91.241     -51.536      -4.702
  H   O          4.833     -27.476      -0.133
  C   C         37.141     -87.925      -3.266
  O   C         14.816     -22.247      -0.330
  O   O          0.000    -112.781      -0.000
  C   N         15.351    -141.360      -2.170
  N   C         49.438       0.000       0.000
  N  C(3)        0.000       0.000       0.000
  O   N          0.000      69.634       0.000

 Subtotal:                             -10.600
 ---------------------------------------------- 

 NONAQUEOUS SOLVENT CONTRIBUTION (kcal/mol):
 (proportional to SASA, atomic number independent)
 ---------------------------------------------- 
 Subtotal:                               6.893
 ---------------------------------------------- 

 CDS TOTAL (kcal/mol):                   0.321
...............................................................................
