----------------------------------------------- 
  Element       SASA      Sigma Z        Total  
     Z         Ang**2 cal/Ang**2/mol   kcal/mol 
----------------------------------------------- 
      H         68.873       0.000       0.000
      C         39.950     111.253       4.445
      N         25.734      46.223       1.189
      O         39.663     -63.418      -2.515
      Cl        51.009     -34.447      -1.757

 Subtotal:     225.229                   1.362
 -----------------------------------------------

  Elements    COT*SASA   Sigma Z,Z'     Total   
    Z,Z'       Ang**2  cal/Ang**2/mol kcal/mol  
 ---------------------------------------------- 
  H   C         46.446     -51.536      -2.394
  H   O          0.000     -27.476      -0.000
  C   C         27.155     -87.925      -2.388
  O   C         20.973     -22.247      -0.467
  O   O          0.000    -112.781      -0.000
  C   N          9.309    -141.360      -1.316
  N   C         72.692       0.000       0.000
  N  C(3)        0.354       0.000       0.000
  O   N          0.000      69.634       0.000

 Subtotal:                              -6.564
 ---------------------------------------------- 

 NONAQUEOUS SOLVENT CONTRIBUTION (kcal/mol):
 (proportional to SASA, atomic number independent)
 ---------------------------------------------- 
 Subtotal:                               4.870
 ---------------------------------------------- 

 CDS TOTAL (kcal/mol):                  -0.332
...............................................................................
