----------------------------------------------- 
  Element       SASA      Sigma Z        Total  
     Z         Ang**2 cal/Ang**2/mol   kcal/mol 
----------------------------------------------- 
      H        130.920       0.000       0.000
      C         52.722     111.253       5.865
      N          7.905      46.223       0.365
      F         24.483       0.000       0.000

 Subtotal:     216.030                   6.231
 -----------------------------------------------

  Elements    COT*SASA   Sigma Z,Z'     Total   
    Z,Z'       Ang**2  cal/Ang**2/mol kcal/mol  
 ---------------------------------------------- 
  H   C         69.798     -51.536      -3.597
  C   C         64.220     -87.925      -5.646
  C   N          1.549    -141.360      -0.219
  N   C         25.114       0.000       0.000
  N  C(3)        0.000       0.000       0.000

 Subtotal:                              -9.463
 ---------------------------------------------- 

 NONAQUEOUS SOLVENT CONTRIBUTION (kcal/mol):
 (proportional to SASA, atomic number independent)
 ---------------------------------------------- 
 Subtotal:                               4.671
 ---------------------------------------------- 

 CDS TOTAL (kcal/mol):                   1.440
...............................................................................
