----------------------------------------------- 
  Element       SASA      Sigma Z        Total  
     Z         Ang**2 cal/Ang**2/mol   kcal/mol 
----------------------------------------------- 
      H        190.902       0.000       0.000
      C         92.467     111.253      10.287
      N         38.036      46.223       1.758
      O         93.431     -63.418      -5.925

 Subtotal:     414.837                   6.120
 -----------------------------------------------

  Elements    COT*SASA   Sigma Z,Z'     Total   
    Z,Z'       Ang**2  cal/Ang**2/mol kcal/mol  
 ---------------------------------------------- 
  H   C        118.971     -51.536      -6.131
  H   O          4.734     -27.476      -0.130
  C   C         55.867     -87.925      -4.912
  O   C         46.728     -22.247      -1.040
  O   O          0.000    -112.781      -0.000
  C   N         24.805    -141.360      -3.506
  N   C         84.046       0.000       0.000
  N  C(3)        0.000       0.000       0.000
  O   N          0.000      69.634       0.000

 Subtotal:                             -15.719
 ---------------------------------------------- 

 NONAQUEOUS SOLVENT CONTRIBUTION (kcal/mol):
 (proportional to SASA, atomic number independent)
 ---------------------------------------------- 
 Subtotal:                               8.970
 ---------------------------------------------- 

 CDS TOTAL (kcal/mol):                  -0.629
...............................................................................
