----------------------------------------------- 
  Element       SASA      Sigma Z        Total  
     Z         Ang**2 cal/Ang**2/mol   kcal/mol 
----------------------------------------------- 
      H        165.227       0.000       0.000
      C         64.732     111.253       7.202
      N          9.494      46.223       0.439
      O         70.346     -63.418      -4.461

 Subtotal:     309.800                   3.179
 -----------------------------------------------

  Elements    COT*SASA   Sigma Z,Z'     Total   
    Z,Z'       Ang**2  cal/Ang**2/mol kcal/mol  
 ---------------------------------------------- 
  H   C         88.603     -51.536      -4.566
  H   O          4.573     -27.476      -0.126
  C   C         37.945     -87.925      -3.336
  O   C         37.203     -22.247      -0.828
  O   O          0.000    -112.781      -0.000
  C   N         16.549    -141.360      -2.339
  N   C         31.881       0.000       0.000
  N  C(3)        0.000       0.000       0.000
  O   N          0.000      69.634       0.000

 Subtotal:                             -11.195
 ---------------------------------------------- 

 NONAQUEOUS SOLVENT CONTRIBUTION (kcal/mol):
 (proportional to SASA, atomic number independent)
 ---------------------------------------------- 
 Subtotal:                               6.699
 ---------------------------------------------- 

 CDS TOTAL (kcal/mol):                  -1.317
...............................................................................
