----------------------------------------------- 
  Element       SASA      Sigma Z        Total  
     Z         Ang**2 cal/Ang**2/mol   kcal/mol 
----------------------------------------------- 
      H        161.428       0.000       0.000
      C         65.821     111.253       7.323
      N         10.082      46.223       0.466
      O         66.587     -63.418      -4.223

 Subtotal:     303.919                   3.566
 -----------------------------------------------

  Elements    COT*SASA   Sigma Z,Z'     Total   
    Z,Z'       Ang**2  cal/Ang**2/mol kcal/mol  
 ---------------------------------------------- 
  H   C         83.754     -51.536      -4.316
  H   O          4.642     -27.476      -0.128
  C   C         39.034     -87.925      -3.432
  O   C         34.694     -22.247      -0.772
  O   O          0.000    -112.781      -0.000
  C   N         18.539    -141.360      -2.621
  N   C         42.991       0.000       0.000
  N  C(3)        0.000       0.000       0.000
  O   N          0.000      69.634       0.000

 Subtotal:                             -11.268
 ---------------------------------------------- 

 NONAQUEOUS SOLVENT CONTRIBUTION (kcal/mol):
 (proportional to SASA, atomic number independent)
 ---------------------------------------------- 
 Subtotal:                               6.572
 ---------------------------------------------- 

 CDS TOTAL (kcal/mol):                  -1.131
...............................................................................
