----------------------------------------------- 
  Element       SASA      Sigma Z        Total  
     Z         Ang**2 cal/Ang**2/mol   kcal/mol 
----------------------------------------------- 
      H         72.013       0.000       0.000
      C         42.465     111.253       4.724
      N         32.933      46.223       1.522
      O         31.319     -63.418      -1.986
      Cl        25.558     -34.447      -0.880

 Subtotal:     204.288                   3.380
 -----------------------------------------------

  Elements    COT*SASA   Sigma Z,Z'     Total   
    Z,Z'       Ang**2  cal/Ang**2/mol kcal/mol  
 ---------------------------------------------- 
  H   C         48.576     -51.536      -2.503
  H   O          0.000     -27.476      -0.000
  C   C         21.489     -87.925      -1.889
  O   C         20.767     -22.247      -0.462
  O   O          0.000    -112.781      -0.000
  C   N          7.392    -141.360      -1.045
  N   C         43.461       0.000       0.000
  N  C(3)        0.000       0.000       0.000
  O   N          0.000      69.634       0.000

 Subtotal:                              -5.900
 ---------------------------------------------- 

 NONAQUEOUS SOLVENT CONTRIBUTION (kcal/mol):
 (proportional to SASA, atomic number independent)
 ---------------------------------------------- 
 Subtotal:                               4.417
 ---------------------------------------------- 

 CDS TOTAL (kcal/mol):                   1.898
...............................................................................
