----------------------------------------------- 
  Element       SASA      Sigma Z        Total  
     Z         Ang**2 cal/Ang**2/mol   kcal/mol 
----------------------------------------------- 
      H         71.687       0.000       0.000
      C         30.854     111.253       3.433
      N         30.112      46.223       1.392
      O         35.615     -63.418      -2.259
      Cl        38.562     -34.447      -1.328

 Subtotal:     206.830                   1.237
 -----------------------------------------------

  Elements    COT*SASA   Sigma Z,Z'     Total   
    Z,Z'       Ang**2  cal/Ang**2/mol kcal/mol  
 ---------------------------------------------- 
  H   C         48.351     -51.536      -2.492
  H   O          0.000     -27.476      -0.000
  C   C         19.845     -87.925      -1.745
  O   C         16.158     -22.247      -0.359
  O   O          0.000    -112.781      -0.000
  C   N          3.444    -141.360      -0.487
  N   C         61.828       0.000       0.000
  N  C(3)        0.000       0.000       0.000
  O   N          0.000      69.634       0.000

 Subtotal:                              -5.083
 ---------------------------------------------- 

 NONAQUEOUS SOLVENT CONTRIBUTION (kcal/mol):
 (proportional to SASA, atomic number independent)
 ---------------------------------------------- 
 Subtotal:                               4.472
 ---------------------------------------------- 

 CDS TOTAL (kcal/mol):                   0.627
...............................................................................
