----------------------------------------------- 
  Element       SASA      Sigma Z        Total  
     Z         Ang**2 cal/Ang**2/mol   kcal/mol 
----------------------------------------------- 
      H        191.892       0.000       0.000
      C        111.514     111.253      12.406
      N         17.607      46.223       0.814
      O         53.087     -63.418      -3.367
      F         24.375       0.000       0.000

 Subtotal:     398.474                   9.853
 -----------------------------------------------

  Elements    COT*SASA   Sigma Z,Z'     Total   
    Z,Z'       Ang**2  cal/Ang**2/mol kcal/mol  
 ---------------------------------------------- 
  H   C        104.049     -51.536      -5.362
  H   O          4.386     -27.476      -0.121
  C   C        115.301     -87.925     -10.138
  O   C         27.289     -22.247      -0.607
  O   O          0.000    -112.781      -0.000
  C   N         23.769    -141.360      -3.360
  N   C         75.418       0.000       0.000
  N  C(3)        0.000       0.000       0.000
  O   N          0.000      69.634       0.000

 Subtotal:                             -19.588
 ---------------------------------------------- 

 NONAQUEOUS SOLVENT CONTRIBUTION (kcal/mol):
 (proportional to SASA, atomic number independent)
 ---------------------------------------------- 
 Subtotal:                               8.616
 ---------------------------------------------- 

 CDS TOTAL (kcal/mol):                  -1.118
...............................................................................
