----------------------------------------------- 
  Element       SASA      Sigma Z        Total  
     Z         Ang**2 cal/Ang**2/mol   kcal/mol 
----------------------------------------------- 
      H        181.903       0.000       0.000
      C        100.998     111.253      11.236
      N         43.790      46.223       2.024
      O         88.943     -63.418      -5.641

 Subtotal:     415.634                   7.620
 -----------------------------------------------

  Elements    COT*SASA   Sigma Z,Z'     Total   
    Z,Z'       Ang**2  cal/Ang**2/mol kcal/mol  
 ---------------------------------------------- 
  H   C        114.406     -51.536      -5.896
  H   O          0.000     -27.476      -0.000
  C   C         60.257     -87.925      -5.298
  O   C         50.263     -22.247      -1.118
  O   O          0.000    -112.781      -0.000
  C   N         26.751    -141.360      -3.782
  N   C         88.044       0.000       0.000
  N  C(3)        0.006       0.000       0.000
  O   N          0.000      69.634       0.000

 Subtotal:                             -16.094
 ---------------------------------------------- 

 NONAQUEOUS SOLVENT CONTRIBUTION (kcal/mol):
 (proportional to SASA, atomic number independent)
 ---------------------------------------------- 
 Subtotal:                               8.987
 ---------------------------------------------- 

 CDS TOTAL (kcal/mol):                   0.513
...............................................................................
