----------------------------------------------- 
  Element       SASA      Sigma Z        Total  
     Z         Ang**2 cal/Ang**2/mol   kcal/mol 
----------------------------------------------- 
      H        195.925       0.000       0.000
      C         96.486     111.253      10.734
      N         30.480      46.223       1.409
      O         99.502     -63.418      -6.310

 Subtotal:     422.393                   5.833
 -----------------------------------------------

  Elements    COT*SASA   Sigma Z,Z'     Total   
    Z,Z'       Ang**2  cal/Ang**2/mol kcal/mol  
 ---------------------------------------------- 
  H   C        116.373     -51.536      -5.997
  H   O          4.585     -27.476      -0.126
  C   C         56.872     -87.925      -5.000
  O   C         55.777     -22.247      -1.241
  O   O          0.000    -112.781      -0.000
  C   N         25.521    -141.360      -3.608
  N   C         80.352       0.000       0.000
  N  C(3)        0.000       0.000       0.000
  O   N          0.000      69.634       0.000

 Subtotal:                             -15.972
 ---------------------------------------------- 

 NONAQUEOUS SOLVENT CONTRIBUTION (kcal/mol):
 (proportional to SASA, atomic number independent)
 ---------------------------------------------- 
 Subtotal:                               9.133
 ---------------------------------------------- 

 CDS TOTAL (kcal/mol):                  -1.006
...............................................................................
