----------------------------------------------- 
  Element       SASA      Sigma Z        Total  
     Z         Ang**2 cal/Ang**2/mol   kcal/mol 
----------------------------------------------- 
      H        180.394       0.000       0.000
      C         98.206     111.253      10.926
      N         36.635      46.223       1.693
      O        104.241     -63.418      -6.611

 Subtotal:     419.476                   6.008
 -----------------------------------------------

  Elements    COT*SASA   Sigma Z,Z'     Total   
    Z,Z'       Ang**2  cal/Ang**2/mol kcal/mol  
 ---------------------------------------------- 
  H   C        113.987     -51.536      -5.874
  H   O          4.474     -27.476      -0.123
  C   C         59.256     -87.925      -5.210
  O   C         43.115     -22.247      -0.959
  O   O          0.000    -112.781      -0.000
  C   N         29.778    -141.360      -4.209
  N   C        108.132       0.000       0.000
  N  C(3)        0.000       0.000       0.000
  O   N          0.000      69.634       0.000

 Subtotal:                             -16.376
 ---------------------------------------------- 

 NONAQUEOUS SOLVENT CONTRIBUTION (kcal/mol):
 (proportional to SASA, atomic number independent)
 ---------------------------------------------- 
 Subtotal:                               9.070
 ---------------------------------------------- 

 CDS TOTAL (kcal/mol):                  -1.297
...............................................................................
