----------------------------------------------- 
  Element       SASA      Sigma Z        Total  
     Z         Ang**2 cal/Ang**2/mol   kcal/mol 
----------------------------------------------- 
      H        127.443       0.000       0.000
      C         61.168     111.253       6.805
      N          7.220      46.223       0.334
      F         24.341       0.000       0.000

 Subtotal:     220.171                   7.139
 -----------------------------------------------

  Elements    COT*SASA   Sigma Z,Z'     Total   
    Z,Z'       Ang**2  cal/Ang**2/mol kcal/mol  
 ---------------------------------------------- 
  H   C         67.474     -51.536      -3.477
  C   C         63.777     -87.925      -5.608
  C   N          5.110    -141.360      -0.722
  N   C         10.095       0.000       0.000
  N  C(3)        0.007       0.000       0.000

 Subtotal:                              -9.807
 ---------------------------------------------- 

 NONAQUEOUS SOLVENT CONTRIBUTION (kcal/mol):
 (proportional to SASA, atomic number independent)
 ---------------------------------------------- 
 Subtotal:                               4.761
 ---------------------------------------------- 

 CDS TOTAL (kcal/mol):                   2.092
...............................................................................
