----------------------------------------------- 
  Element       SASA      Sigma Z        Total  
     Z         Ang**2 cal/Ang**2/mol   kcal/mol 
----------------------------------------------- 
      H        194.666       0.000       0.000
      C         92.971     111.253      10.343
      N         34.582      46.223       1.598
      O         97.470     -63.418      -6.181

 Subtotal:     419.688                   5.760
 -----------------------------------------------

  Elements    COT*SASA   Sigma Z,Z'     Total   
    Z,Z'       Ang**2  cal/Ang**2/mol kcal/mol  
 ---------------------------------------------- 
  H   C        116.101     -51.536      -5.983
  H   O          4.453     -27.476      -0.122
  C   C         56.126     -87.925      -4.935
  O   C         45.864     -22.247      -1.020
  O   O          0.000    -112.781      -0.000
  C   N         22.764    -141.360      -3.218
  N   C        105.088       0.000       0.000
  N  C(3)        0.058       0.000       0.000
  O   N          0.000      69.634       0.000

 Subtotal:                             -15.279
 ---------------------------------------------- 

 NONAQUEOUS SOLVENT CONTRIBUTION (kcal/mol):
 (proportional to SASA, atomic number independent)
 ---------------------------------------------- 
 Subtotal:                               9.075
 ---------------------------------------------- 

 CDS TOTAL (kcal/mol):                  -0.444
...............................................................................
