----------------------------------------------- 
  Element       SASA      Sigma Z        Total  
     Z         Ang**2 cal/Ang**2/mol   kcal/mol 
----------------------------------------------- 
      H        192.352       0.000       0.000
      C         95.264     111.253      10.598
      N         42.183      46.223       1.950
      O         87.155     -63.418      -5.527

 Subtotal:     416.955                   7.021
 -----------------------------------------------

  Elements    COT*SASA   Sigma Z,Z'     Total   
    Z,Z'       Ang**2  cal/Ang**2/mol kcal/mol  
 ---------------------------------------------- 
  H   C        111.044     -51.536      -5.723
  H   O          7.481     -27.476      -0.206
  C   C         58.698     -87.925      -5.161
  O   C         47.603     -22.247      -1.059
  O   O          0.000    -112.781      -0.000
  C   N         21.219    -141.360      -3.000
  N   C         75.663       0.000       0.000
  N  C(3)        0.000       0.000       0.000
  O   N          0.000      69.634       0.000

 Subtotal:                             -15.148
 ---------------------------------------------- 

 NONAQUEOUS SOLVENT CONTRIBUTION (kcal/mol):
 (proportional to SASA, atomic number independent)
 ---------------------------------------------- 
 Subtotal:                               9.016
 ---------------------------------------------- 

 CDS TOTAL (kcal/mol):                   0.889
...............................................................................
