----------------------------------------------- 
  Element       SASA      Sigma Z        Total  
     Z         Ang**2 cal/Ang**2/mol   kcal/mol 
----------------------------------------------- 
      H        206.073       0.000       0.000
      C         88.853     111.253       9.885
      N         39.554      46.223       1.828
      O         91.747     -63.418      -5.818

 Subtotal:     426.228                   5.895
 -----------------------------------------------

  Elements    COT*SASA   Sigma Z,Z'     Total   
    Z,Z'       Ang**2  cal/Ang**2/mol kcal/mol  
 ---------------------------------------------- 
  H   C        129.757     -51.536      -6.687
  H   O          4.626     -27.476      -0.127
  C   C         54.714     -87.925      -4.811
  O   C         49.567     -22.247      -1.103
  O   O          0.000    -112.781      -0.000
  C   N         17.746    -141.360      -2.509
  N   C        100.605       0.000       0.000
  N  C(3)        0.000       0.000       0.000
  O   N          0.000      69.634       0.000

 Subtotal:                             -15.236
 ---------------------------------------------- 

 NONAQUEOUS SOLVENT CONTRIBUTION (kcal/mol):
 (proportional to SASA, atomic number independent)
 ---------------------------------------------- 
 Subtotal:                               9.216
 ---------------------------------------------- 

 CDS TOTAL (kcal/mol):                  -0.125
...............................................................................
