----------------------------------------------- 
  Element       SASA      Sigma Z        Total  
     Z         Ang**2 cal/Ang**2/mol   kcal/mol 
----------------------------------------------- 
      H        123.657       0.000       0.000
      C         51.792     111.253       5.762
      N         11.190      46.223       0.517
      F         24.227       0.000       0.000

 Subtotal:     210.866                   6.279
 -----------------------------------------------

  Elements    COT*SASA   Sigma Z,Z'     Total   
    Z,Z'       Ang**2  cal/Ang**2/mol kcal/mol  
 ---------------------------------------------- 
  H   C         68.064     -51.536      -3.508
  C   C         61.277     -87.925      -5.388
  C   N          2.240    -141.360      -0.317
  N   C         37.300       0.000       0.000
  N  C(3)        0.000       0.000       0.000

 Subtotal:                              -9.212
 ---------------------------------------------- 

 NONAQUEOUS SOLVENT CONTRIBUTION (kcal/mol):
 (proportional to SASA, atomic number independent)
 ---------------------------------------------- 
 Subtotal:                               4.560
 ---------------------------------------------- 

 CDS TOTAL (kcal/mol):                   1.627
...............................................................................
