----------------------------------------------- 
  Element       SASA      Sigma Z        Total  
     Z         Ang**2 cal/Ang**2/mol   kcal/mol 
----------------------------------------------- 
      H        183.810       0.000       0.000
      C         96.109     111.253      10.692
      N         48.194      46.223       2.228
      O         88.380     -63.418      -5.605

 Subtotal:     416.492                   7.315
 -----------------------------------------------

  Elements    COT*SASA   Sigma Z,Z'     Total   
    Z,Z'       Ang**2  cal/Ang**2/mol kcal/mol  
 ---------------------------------------------- 
  H   C        107.363     -51.536      -5.533
  H   O         13.887     -27.476      -0.382
  C   C         64.596     -87.925      -5.680
  O   C         39.479     -22.247      -0.878
  O   O          0.000    -112.781      -0.000
  C   N         21.406    -141.360      -3.026
  N   C        124.519       0.000       0.000
  N  C(3)        0.000       0.000       0.000
  O   N          0.000      69.634       0.000

 Subtotal:                             -15.499
 ---------------------------------------------- 

 NONAQUEOUS SOLVENT CONTRIBUTION (kcal/mol):
 (proportional to SASA, atomic number independent)
 ---------------------------------------------- 
 Subtotal:                               9.006
 ---------------------------------------------- 

 CDS TOTAL (kcal/mol):                   0.823
...............................................................................
