----------------------------------------------- 
  Element       SASA      Sigma Z        Total  
     Z         Ang**2 cal/Ang**2/mol   kcal/mol 
----------------------------------------------- 
      H         72.187       0.000       0.000
      C         42.739     111.253       4.755
      N         17.883      46.223       0.827
      O         32.591     -63.418      -2.067
      Cl        38.305     -34.447      -1.320

 Subtotal:     203.706                   2.195
 -----------------------------------------------

  Elements    COT*SASA   Sigma Z,Z'     Total   
    Z,Z'       Ang**2  cal/Ang**2/mol kcal/mol  
 ---------------------------------------------- 
  H   C         48.667     -51.536      -2.508
  H   O          0.000     -27.476      -0.000
  C   C         20.953     -87.925      -1.842
  O   C         22.068     -22.247      -0.491
  O   O          0.000    -112.781      -0.000
  C   N         11.516    -141.360      -1.628
  N   C         37.151       0.000       0.000
  N  C(3)        0.000       0.000       0.000
  O   N          0.000      69.634       0.000

 Subtotal:                              -6.469
 ---------------------------------------------- 

 NONAQUEOUS SOLVENT CONTRIBUTION (kcal/mol):
 (proportional to SASA, atomic number independent)
 ---------------------------------------------- 
 Subtotal:                               4.405
 ---------------------------------------------- 

 CDS TOTAL (kcal/mol):                   0.131
...............................................................................
