----------------------------------------------- 
  Element       SASA      Sigma Z        Total  
     Z         Ang**2 cal/Ang**2/mol   kcal/mol 
----------------------------------------------- 
      H        185.796       0.000       0.000
      C         92.241     111.253      10.262
      N         48.256      46.223       2.231
      O         91.662     -63.418      -5.813

 Subtotal:     417.956                   6.680
 -----------------------------------------------

  Elements    COT*SASA   Sigma Z,Z'     Total   
    Z,Z'       Ang**2  cal/Ang**2/mol kcal/mol  
 ---------------------------------------------- 
  H   C        116.460     -51.536      -6.002
  H   O          0.000     -27.476      -0.000
  C   C         54.970     -87.925      -4.833
  O   C         38.056     -22.247      -0.847
  O   O          0.000    -112.781      -0.000
  C   N         19.333    -141.360      -2.733
  N   C         98.445       0.000       0.000
  N  C(3)        0.014       0.000       0.000
  O   N          0.000      69.634       0.000

 Subtotal:                             -14.415
 ---------------------------------------------- 

 NONAQUEOUS SOLVENT CONTRIBUTION (kcal/mol):
 (proportional to SASA, atomic number independent)
 ---------------------------------------------- 
 Subtotal:                               9.037
 ---------------------------------------------- 

 CDS TOTAL (kcal/mol):                   1.302
...............................................................................
