----------------------------------------------- 
  Element       SASA      Sigma Z        Total  
     Z         Ang**2 cal/Ang**2/mol   kcal/mol 
----------------------------------------------- 
      H         62.771       0.000       0.000
      B         17.435       0.000       0.000
      C          8.688     111.253       0.967
      O         31.055     -63.418      -1.969

 Subtotal:     119.948                  -1.003
 -----------------------------------------------

  Elements    COT*SASA   Sigma Z,Z'     Total   
    Z,Z'       Ang**2  cal/Ang**2/mol kcal/mol  
 ---------------------------------------------- 
  H   C         24.957     -51.536      -1.286
  H   O         18.414     -27.476      -0.506
  O   C          0.000     -22.247      -0.000
  O   O          0.000    -112.781      -0.000

 Subtotal:                              -1.792
 ---------------------------------------------- 

 NONAQUEOUS SOLVENT CONTRIBUTION (kcal/mol):
 (proportional to SASA, atomic number independent)
 ---------------------------------------------- 
 Subtotal:                               2.594
 ---------------------------------------------- 

 CDS TOTAL (kcal/mol):                  -0.201
...............................................................................
