----------------------------------------------- 
  Element       SASA      Sigma Z        Total  
     Z         Ang**2 cal/Ang**2/mol   kcal/mol 
----------------------------------------------- 
      H         39.101       0.000       0.000
      C         27.455     111.253       3.055

 Subtotal:      66.557                   3.055
 -----------------------------------------------

  Elements    COT*SASA   Sigma Z,Z'     Total   
    Z,Z'       Ang**2  cal/Ang**2/mol kcal/mol  
 ---------------------------------------------- 
  H   C         26.347     -51.536      -1.358

 Subtotal:                              -1.358
 ---------------------------------------------- 

 NONAQUEOUS SOLVENT CONTRIBUTION (kcal/mol):
 (proportional to SASA, atomic number independent)
 ---------------------------------------------- 
 Subtotal:                               1.439
 ---------------------------------------------- 

 CDS TOTAL (kcal/mol):                   3.136
...............................................................................
