----------------------------------------------- 
  Element       SASA      Sigma Z        Total  
     Z         Ang**2 cal/Ang**2/mol   kcal/mol 
----------------------------------------------- 
      H        189.033       0.000       0.000
      C         83.931     111.253       9.338
      N         48.649      46.223       2.249
      O         93.257     -63.418      -5.914

 Subtotal:     414.869                   5.672
 -----------------------------------------------

  Elements    COT*SASA   Sigma Z,Z'     Total   
    Z,Z'       Ang**2  cal/Ang**2/mol kcal/mol  
 ---------------------------------------------- 
  H   C        113.680     -51.536      -5.859
  H   O          8.990     -27.476      -0.247
  C   C         48.578     -87.925      -4.271
  O   C         50.301     -22.247      -1.119
  O   O          0.000    -112.781      -0.000
  C   N         22.019    -141.360      -3.113
  N   C         97.450       0.000       0.000
  N  C(3)        0.000       0.000       0.000
  O   N          0.000      69.634       0.000

 Subtotal:                             -14.609
 ---------------------------------------------- 

 NONAQUEOUS SOLVENT CONTRIBUTION (kcal/mol):
 (proportional to SASA, atomic number independent)
 ---------------------------------------------- 
 Subtotal:                               8.971
 ---------------------------------------------- 

 CDS TOTAL (kcal/mol):                   0.034
...............................................................................
