----------------------------------------------- 
  Element       SASA      Sigma Z        Total  
     Z         Ang**2 cal/Ang**2/mol   kcal/mol 
----------------------------------------------- 
      H        190.093       0.000       0.000
      C         84.980     111.253       9.454
      N         42.476      46.223       1.963
      O         98.500     -63.418      -6.247

 Subtotal:     416.049                   5.171
 -----------------------------------------------

  Elements    COT*SASA   Sigma Z,Z'     Total   
    Z,Z'       Ang**2  cal/Ang**2/mol kcal/mol  
 ---------------------------------------------- 
  H   C        112.234     -51.536      -5.784
  H   O          5.424     -27.476      -0.149
  C   C         49.545     -87.925      -4.356
  O   C         53.315     -22.247      -1.186
  O   O          0.000    -112.781      -0.000
  C   N         21.186    -141.360      -2.995
  N   C         80.487       0.000       0.000
  N  C(3)        0.000       0.000       0.000
  O   N          0.000      69.634       0.000

 Subtotal:                             -14.470
 ---------------------------------------------- 

 NONAQUEOUS SOLVENT CONTRIBUTION (kcal/mol):
 (proportional to SASA, atomic number independent)
 ---------------------------------------------- 
 Subtotal:                               8.996
 ---------------------------------------------- 

 CDS TOTAL (kcal/mol):                  -0.303
...............................................................................
