----------------------------------------------- 
  Element       SASA      Sigma Z        Total  
     Z         Ang**2 cal/Ang**2/mol   kcal/mol 
----------------------------------------------- 
      H        188.910       0.000       0.000
      C         78.724     111.253       8.758
      N         44.401      46.223       2.052
      O        103.163     -63.418      -6.542

 Subtotal:     415.198                   4.268
 -----------------------------------------------

  Elements    COT*SASA   Sigma Z,Z'     Total   
    Z,Z'       Ang**2  cal/Ang**2/mol kcal/mol  
 ---------------------------------------------- 
  H   C        115.983     -51.536      -5.977
  H   O          0.000     -27.476      -0.000
  C   C         45.493     -87.925      -4.000
  O   C         63.747     -22.247      -1.418
  O   O          0.000    -112.781      -0.000
  C   N         13.781    -141.360      -1.948
  N   C         93.681       0.000       0.000
  N  C(3)        0.439       0.000       0.000
  O   N          0.000      69.634       0.000

 Subtotal:                             -13.344
 ---------------------------------------------- 

 NONAQUEOUS SOLVENT CONTRIBUTION (kcal/mol):
 (proportional to SASA, atomic number independent)
 ---------------------------------------------- 
 Subtotal:                               8.978
 ---------------------------------------------- 

 CDS TOTAL (kcal/mol):                  -0.098
...............................................................................
