----------------------------------------------- 
  Element       SASA      Sigma Z        Total  
     Z         Ang**2 cal/Ang**2/mol   kcal/mol 
----------------------------------------------- 
      H        174.147       0.000       0.000
      C        100.599     111.253      11.192
      N         48.949      46.223       2.263
      O         83.761     -63.418      -5.312

 Subtotal:     407.456                   8.143
 -----------------------------------------------

  Elements    COT*SASA   Sigma Z,Z'     Total   
    Z,Z'       Ang**2  cal/Ang**2/mol kcal/mol  
 ---------------------------------------------- 
  H   C        108.034     -51.536      -5.568
  H   O          6.337     -27.476      -0.174
  C   C         60.117     -87.925      -5.286
  O   C         44.897     -22.247      -0.999
  O   O          0.000    -112.781      -0.000
  C   N         26.937    -141.360      -3.808
  N   C         99.263       0.000       0.000
  N  C(3)        0.000       0.000       0.000
  O   N          0.000      69.634       0.000

 Subtotal:                             -15.834
 ---------------------------------------------- 

 NONAQUEOUS SOLVENT CONTRIBUTION (kcal/mol):
 (proportional to SASA, atomic number independent)
 ---------------------------------------------- 
 Subtotal:                               8.810
 ---------------------------------------------- 

 CDS TOTAL (kcal/mol):                   1.119
...............................................................................
