----------------------------------------------- 
  Element       SASA      Sigma Z        Total  
     Z         Ang**2 cal/Ang**2/mol   kcal/mol 
----------------------------------------------- 
      H        178.975       0.000       0.000
      C         50.453     111.253       5.613
      N         18.436      46.223       0.852
      O         65.936     -63.418      -4.182

 Subtotal:     313.800                   2.284
 -----------------------------------------------

  Elements    COT*SASA   Sigma Z,Z'     Total   
    Z,Z'       Ang**2  cal/Ang**2/mol kcal/mol  
 ---------------------------------------------- 
  H   C         91.379     -51.536      -4.709
  H   O          7.672     -27.476      -0.211
  C   C         28.337     -87.925      -2.492
  O   C         26.804     -22.247      -0.596
  O   O          0.000    -112.781      -0.000
  C   N          8.817    -141.360      -1.246
  N   C         67.367       0.000       0.000
  N  C(3)        0.003       0.000       0.000
  O   N          0.000      69.634       0.000

 Subtotal:                              -9.254
 ---------------------------------------------- 

 NONAQUEOUS SOLVENT CONTRIBUTION (kcal/mol):
 (proportional to SASA, atomic number independent)
 ---------------------------------------------- 
 Subtotal:                               6.785
 ---------------------------------------------- 

 CDS TOTAL (kcal/mol):                  -0.185
...............................................................................
