----------------------------------------------- 
  Element       SASA      Sigma Z        Total  
     Z         Ang**2 cal/Ang**2/mol   kcal/mol 
----------------------------------------------- 
      H        185.803       0.000       0.000
      C         86.538     111.253       9.628
      N         45.833      46.223       2.119
      O         94.783     -63.418      -6.011

 Subtotal:     412.957                   5.735
 -----------------------------------------------

  Elements    COT*SASA   Sigma Z,Z'     Total   
    Z,Z'       Ang**2  cal/Ang**2/mol kcal/mol  
 ---------------------------------------------- 
  H   C        114.549     -51.536      -5.903
  H   O          4.574     -27.476      -0.126
  C   C         55.567     -87.925      -4.886
  O   C         47.378     -22.247      -1.054
  O   O          0.000    -112.781      -0.000
  C   N         20.755    -141.360      -2.934
  N   C        101.441       0.000       0.000
  N  C(3)        0.000       0.000       0.000
  O   N          0.000      69.634       0.000

 Subtotal:                             -14.903
 ---------------------------------------------- 

 NONAQUEOUS SOLVENT CONTRIBUTION (kcal/mol):
 (proportional to SASA, atomic number independent)
 ---------------------------------------------- 
 Subtotal:                               8.929
 ---------------------------------------------- 

 CDS TOTAL (kcal/mol):                  -0.238
...............................................................................
