----------------------------------------------- 
  Element       SASA      Sigma Z        Total  
     Z         Ang**2 cal/Ang**2/mol   kcal/mol 
----------------------------------------------- 
      H         71.368       0.000       0.000
      C         42.787     111.253       4.760
      N         30.705      46.223       1.419
      O         25.211     -63.418      -1.599
      Cl        36.654     -34.447      -1.263

 Subtotal:     206.724                   3.318
 -----------------------------------------------

  Elements    COT*SASA   Sigma Z,Z'     Total   
    Z,Z'       Ang**2  cal/Ang**2/mol kcal/mol  
 ---------------------------------------------- 
  H   C         48.031     -51.536      -2.475
  H   O          0.000     -27.476      -0.000
  C   C         20.987     -87.925      -1.845
  O   C          6.590     -22.247      -0.147
  O   O          0.000    -112.781      -0.000
  C   N          6.611    -141.360      -0.935
  N   C         39.916       0.000       0.000
  N  C(3)        0.000       0.000       0.000
  O   N          0.000      69.634       0.000

 Subtotal:                              -5.402
 ---------------------------------------------- 

 NONAQUEOUS SOLVENT CONTRIBUTION (kcal/mol):
 (proportional to SASA, atomic number independent)
 ---------------------------------------------- 
 Subtotal:                               4.470
 ---------------------------------------------- 

 CDS TOTAL (kcal/mol):                   2.386
...............................................................................
