----------------------------------------------- 
  Element       SASA      Sigma Z        Total  
     Z         Ang**2 cal/Ang**2/mol   kcal/mol 
----------------------------------------------- 
      H        180.852       0.000       0.000
      C         90.750     111.253      10.096
      N         41.232      46.223       1.906
      O         95.896     -63.418      -6.082

 Subtotal:     408.730                   5.921
 -----------------------------------------------

  Elements    COT*SASA   Sigma Z,Z'     Total   
    Z,Z'       Ang**2  cal/Ang**2/mol kcal/mol  
 ---------------------------------------------- 
  H   C        105.445     -51.536      -5.434
  H   O          7.663     -27.476      -0.211
  C   C         55.200     -87.925      -4.853
  O   C         40.743     -22.247      -0.906
  O   O          0.000    -112.781      -0.000
  C   N         25.281    -141.360      -3.574
  N   C         80.074       0.000       0.000
  N  C(3)        0.000       0.000       0.000
  O   N          0.000      69.634       0.000

 Subtotal:                             -14.978
 ---------------------------------------------- 

 NONAQUEOUS SOLVENT CONTRIBUTION (kcal/mol):
 (proportional to SASA, atomic number independent)
 ---------------------------------------------- 
 Subtotal:                               8.838
 ---------------------------------------------- 

 CDS TOTAL (kcal/mol):                  -0.220
...............................................................................
