----------------------------------------------- 
  Element       SASA      Sigma Z        Total  
     Z         Ang**2 cal/Ang**2/mol   kcal/mol 
----------------------------------------------- 
      H        181.029       0.000       0.000
      C         98.341     111.253      10.941
      N         50.752      46.223       2.346
      O         87.216     -63.418      -5.531

 Subtotal:     417.338                   7.756
 -----------------------------------------------

  Elements    COT*SASA   Sigma Z,Z'     Total   
    Z,Z'       Ang**2  cal/Ang**2/mol kcal/mol  
 ---------------------------------------------- 
  H   C        115.037     -51.536      -5.929
  H   O          4.629     -27.476      -0.127
  C   C         59.846     -87.925      -5.262
  O   C         27.759     -22.247      -0.618
  O   O          0.000    -112.781      -0.000
  C   N         26.106    -141.360      -3.690
  N   C        109.190       0.000       0.000
  N  C(3)        0.000       0.000       0.000
  O   N          0.000      69.634       0.000

 Subtotal:                             -15.626
 ---------------------------------------------- 

 NONAQUEOUS SOLVENT CONTRIBUTION (kcal/mol):
 (proportional to SASA, atomic number independent)
 ---------------------------------------------- 
 Subtotal:                               9.024
 ---------------------------------------------- 

 CDS TOTAL (kcal/mol):                   1.154
...............................................................................
