----------------------------------------------- 
  Element       SASA      Sigma Z        Total  
     Z         Ang**2 cal/Ang**2/mol   kcal/mol 
----------------------------------------------- 
      H        185.046       0.000       0.000
      C         84.118     111.253       9.358
      N         49.208      46.223       2.275
      O         99.380     -63.418      -6.302

 Subtotal:     417.752                   5.330
 -----------------------------------------------

  Elements    COT*SASA   Sigma Z,Z'     Total   
    Z,Z'       Ang**2  cal/Ang**2/mol kcal/mol  
 ---------------------------------------------- 
  H   C        114.666     -51.536      -5.909
  H   O          7.003     -27.476      -0.192
  C   C         49.656     -87.925      -4.366
  O   C         44.885     -22.247      -0.999
  O   O          0.000    -112.781      -0.000
  C   N         21.208    -141.360      -2.998
  N   C        114.592       0.000       0.000
  N  C(3)        0.000       0.000       0.000
  O   N          0.000      69.634       0.000

 Subtotal:                             -14.464
 ---------------------------------------------- 

 NONAQUEOUS SOLVENT CONTRIBUTION (kcal/mol):
 (proportional to SASA, atomic number independent)
 ---------------------------------------------- 
 Subtotal:                               9.033
 ---------------------------------------------- 

 CDS TOTAL (kcal/mol):                  -0.101
...............................................................................
