----------------------------------------------- 
  Element       SASA      Sigma Z        Total  
     Z         Ang**2 cal/Ang**2/mol   kcal/mol 
----------------------------------------------- 
      H        179.441       0.000       0.000
      C        100.952     111.253      11.231
      N         49.189      46.223       2.274
      O         94.441     -63.418      -5.989

 Subtotal:     424.023                   7.516
 -----------------------------------------------

  Elements    COT*SASA   Sigma Z,Z'     Total   
    Z,Z'       Ang**2  cal/Ang**2/mol kcal/mol  
 ---------------------------------------------- 
  H   C        111.854     -51.536      -5.765
  H   O          5.078     -27.476      -0.140
  C   C         71.244     -87.925      -6.264
  O   C         52.802     -22.247      -1.175
  O   O          0.000    -112.781      -0.000
  C   N         31.113    -141.360      -4.398
  N   C        179.484       0.000       0.000
  N  C(3)        0.000       0.000       0.000
  O   N          0.000      69.634       0.000

 Subtotal:                             -17.741
 ---------------------------------------------- 

 NONAQUEOUS SOLVENT CONTRIBUTION (kcal/mol):
 (proportional to SASA, atomic number independent)
 ---------------------------------------------- 
 Subtotal:                               9.169
 ---------------------------------------------- 

 CDS TOTAL (kcal/mol):                  -1.057
...............................................................................
