----------------------------------------------- 
  Element       SASA      Sigma Z        Total  
     Z         Ang**2 cal/Ang**2/mol   kcal/mol 
----------------------------------------------- 
      H        175.716       0.000       0.000
      C         55.320     111.253       6.155
      N         17.771      46.223       0.821
      O         68.069     -63.418      -4.317

 Subtotal:     316.876                   2.659
 -----------------------------------------------

  Elements    COT*SASA   Sigma Z,Z'     Total   
    Z,Z'       Ang**2  cal/Ang**2/mol kcal/mol  
 ---------------------------------------------- 
  H   C         92.643     -51.536      -4.774
  H   O          4.453     -27.476      -0.122
  C   C         35.710     -87.925      -3.140
  O   C         29.936     -22.247      -0.666
  O   O          0.000    -112.781      -0.000
  C   N         11.525    -141.360      -1.629
  N   C         57.649       0.000       0.000
  N  C(3)        0.000       0.000       0.000
  O   N          0.000      69.634       0.000

 Subtotal:                             -10.332
 ---------------------------------------------- 

 NONAQUEOUS SOLVENT CONTRIBUTION (kcal/mol):
 (proportional to SASA, atomic number independent)
 ---------------------------------------------- 
 Subtotal:                               6.852
 ---------------------------------------------- 

 CDS TOTAL (kcal/mol):                  -0.821
...............................................................................
