----------------------------------------------- 
  Element       SASA      Sigma Z        Total  
     Z         Ang**2 cal/Ang**2/mol   kcal/mol 
----------------------------------------------- 
      H         94.324       0.000       0.000
      B         17.016       0.000       0.000
      C         18.468     111.253       2.055
      O         17.882     -63.418      -1.134

 Subtotal:     147.691                   0.921
 -----------------------------------------------

  Elements    COT*SASA   Sigma Z,Z'     Total   
    Z,Z'       Ang**2  cal/Ang**2/mol kcal/mol  
 ---------------------------------------------- 
  H   C         46.733     -51.536      -2.408
  H   O         17.848     -27.476      -0.490
  C   C          0.000     -87.925      -0.000
  O   C          0.000     -22.247      -0.000
  O   O          0.000    -112.781      -0.000

 Subtotal:                              -2.899
 ---------------------------------------------- 

 NONAQUEOUS SOLVENT CONTRIBUTION (kcal/mol):
 (proportional to SASA, atomic number independent)
 ---------------------------------------------- 
 Subtotal:                               3.194
 ---------------------------------------------- 

 CDS TOTAL (kcal/mol):                   1.215
...............................................................................
