----------------------------------------------- 
  Element       SASA      Sigma Z        Total  
     Z         Ang**2 cal/Ang**2/mol   kcal/mol 
----------------------------------------------- 
      H        212.171       0.000       0.000
      C         84.180     111.253       9.365
      N         41.537      46.223       1.920
      O         82.580     -63.418      -5.237

 Subtotal:     420.469                   6.048
 -----------------------------------------------

  Elements    COT*SASA   Sigma Z,Z'     Total   
    Z,Z'       Ang**2  cal/Ang**2/mol kcal/mol  
 ---------------------------------------------- 
  H   C        130.052     -51.536      -6.702
  H   O          5.511     -27.476      -0.151
  C   C         45.340     -87.925      -3.987
  O   C         39.650     -22.247      -0.882
  O   O          0.000    -112.781      -0.000
  C   N         17.164    -141.360      -2.426
  N   C         92.373       0.000       0.000
  N  C(3)        0.253       0.000       0.000
  O   N          0.000      69.634       0.000

 Subtotal:                             -14.149
 ---------------------------------------------- 

 NONAQUEOUS SOLVENT CONTRIBUTION (kcal/mol):
 (proportional to SASA, atomic number independent)
 ---------------------------------------------- 
 Subtotal:                               9.092
 ---------------------------------------------- 

 CDS TOTAL (kcal/mol):                   0.991
...............................................................................
