----------------------------------------------- 
  Element       SASA      Sigma Z        Total  
     Z         Ang**2 cal/Ang**2/mol   kcal/mol 
----------------------------------------------- 
      H        190.185       0.000       0.000
      C         85.218     111.253       9.481
      N         42.753      46.223       1.976
      O        101.584     -63.418      -6.442

 Subtotal:     419.740                   5.015
 -----------------------------------------------

  Elements    COT*SASA   Sigma Z,Z'     Total   
    Z,Z'       Ang**2  cal/Ang**2/mol kcal/mol  
 ---------------------------------------------- 
  H   C        117.094     -51.536      -6.035
  H   O          0.000     -27.476      -0.000
  C   C         55.921     -87.925      -4.917
  O   C         58.777     -22.247      -1.308
  O   O          0.000    -112.781      -0.000
  C   N         16.200    -141.360      -2.290
  N   C        103.667       0.000       0.000
  N  C(3)        0.000       0.000       0.000
  O   N          0.000      69.634       0.000

 Subtotal:                             -14.549
 ---------------------------------------------- 

 NONAQUEOUS SOLVENT CONTRIBUTION (kcal/mol):
 (proportional to SASA, atomic number independent)
 ---------------------------------------------- 
 Subtotal:                               9.076
 ---------------------------------------------- 

 CDS TOTAL (kcal/mol):                  -0.458
...............................................................................
