----------------------------------------------- 
  Element       SASA      Sigma Z        Total  
     Z         Ang**2 cal/Ang**2/mol   kcal/mol 
----------------------------------------------- 
      H        177.272       0.000       0.000
      C         68.188     111.253       7.586
      N         18.141      46.223       0.839
      O         51.028     -63.418      -3.236

 Subtotal:     314.628                   5.189
 -----------------------------------------------

  Elements    COT*SASA   Sigma Z,Z'     Total   
    Z,Z'       Ang**2  cal/Ang**2/mol kcal/mol  
 ---------------------------------------------- 
  H   C         92.792     -51.536      -4.782
  H   O          4.894     -27.476      -0.134
  C   C         39.063     -87.925      -3.435
  O   C         27.102     -22.247      -0.603
  O   O          0.000    -112.781      -0.000
  C   N         15.400    -141.360      -2.177
  N   C         54.299       0.000       0.000
  N  C(3)        0.000       0.000       0.000
  O   N          0.000      69.634       0.000

 Subtotal:                             -11.131
 ---------------------------------------------- 

 NONAQUEOUS SOLVENT CONTRIBUTION (kcal/mol):
 (proportional to SASA, atomic number independent)
 ---------------------------------------------- 
 Subtotal:                               6.803
 ---------------------------------------------- 

 CDS TOTAL (kcal/mol):                   0.861
...............................................................................
