----------------------------------------------- 
  Element       SASA      Sigma Z        Total  
     Z         Ang**2 cal/Ang**2/mol   kcal/mol 
----------------------------------------------- 
      H        178.631       0.000       0.000
      C         90.993     111.253      10.123
      N         43.529      46.223       2.012
      O         93.346     -63.418      -5.920

 Subtotal:     406.500                   6.216
 -----------------------------------------------

  Elements    COT*SASA   Sigma Z,Z'     Total   
    Z,Z'       Ang**2  cal/Ang**2/mol kcal/mol  
 ---------------------------------------------- 
  H   C        108.118     -51.536      -5.572
  H   O          7.051     -27.476      -0.194
  C   C         56.124     -87.925      -4.935
  O   C         51.431     -22.247      -1.144
  O   O          0.000    -112.781      -0.000
  C   N         22.006    -141.360      -3.111
  N   C         82.611       0.000       0.000
  N  C(3)        0.000       0.000       0.000
  O   N          0.000      69.634       0.000

 Subtotal:                             -14.955
 ---------------------------------------------- 

 NONAQUEOUS SOLVENT CONTRIBUTION (kcal/mol):
 (proportional to SASA, atomic number independent)
 ---------------------------------------------- 
 Subtotal:                               8.790
 ---------------------------------------------- 

 CDS TOTAL (kcal/mol):                   0.050
...............................................................................
