----------------------------------------------- 
  Element       SASA      Sigma Z        Total  
     Z         Ang**2 cal/Ang**2/mol   kcal/mol 
----------------------------------------------- 
      H        187.277       0.000       0.000
      C         82.767     111.253       9.208
      N         45.603      46.223       2.108
      O         97.414     -63.418      -6.178

 Subtotal:     413.061                   5.138
 -----------------------------------------------

  Elements    COT*SASA   Sigma Z,Z'     Total   
    Z,Z'       Ang**2  cal/Ang**2/mol kcal/mol  
 ---------------------------------------------- 
  H   C        115.222     -51.536      -5.938
  H   O          0.000     -27.476      -0.000
  C   C         49.399     -87.925      -4.343
  O   C         49.175     -22.247      -1.094
  O   O          0.000    -112.781      -0.000
  C   N         17.701    -141.360      -2.502
  N   C        100.955       0.000       0.000
  N  C(3)        0.138       0.000       0.000
  O   N          0.000      69.634       0.000

 Subtotal:                             -13.878
 ---------------------------------------------- 

 NONAQUEOUS SOLVENT CONTRIBUTION (kcal/mol):
 (proportional to SASA, atomic number independent)
 ---------------------------------------------- 
 Subtotal:                               8.932
 ---------------------------------------------- 

 CDS TOTAL (kcal/mol):                   0.192
...............................................................................
