----------------------------------------------- 
  Element       SASA      Sigma Z        Total  
     Z         Ang**2 cal/Ang**2/mol   kcal/mol 
----------------------------------------------- 
      H        186.126       0.000       0.000
      C         88.311     111.253       9.825
      N         40.046      46.223       1.851
      O        106.054     -63.418      -6.726

 Subtotal:     420.537                   4.950
 -----------------------------------------------

  Elements    COT*SASA   Sigma Z,Z'     Total   
    Z,Z'       Ang**2  cal/Ang**2/mol kcal/mol  
 ---------------------------------------------- 
  H   C        115.339     -51.536      -5.944
  H   O          0.000     -27.476      -0.000
  C   C         57.944     -87.925      -5.095
  O   C         54.254     -22.247      -1.207
  O   O          0.000    -112.781      -0.000
  C   N         22.019    -141.360      -3.113
  N   C         97.980       0.000       0.000
  N  C(3)        0.557       0.000       0.000
  O   N          0.000      69.634       0.000

 Subtotal:                             -15.358
 ---------------------------------------------- 

 NONAQUEOUS SOLVENT CONTRIBUTION (kcal/mol):
 (proportional to SASA, atomic number independent)
 ---------------------------------------------- 
 Subtotal:                               9.093
 ---------------------------------------------- 

 CDS TOTAL (kcal/mol):                  -1.315
...............................................................................
