----------------------------------------------- 
  Element       SASA      Sigma Z        Total  
     Z         Ang**2 cal/Ang**2/mol   kcal/mol 
----------------------------------------------- 
      H        181.481       0.000       0.000
      C         95.142     111.253      10.585
      N         42.222      46.223       1.952
      O         91.850     -63.418      -5.825

 Subtotal:     410.695                   6.712
 -----------------------------------------------

  Elements    COT*SASA   Sigma Z,Z'     Total   
    Z,Z'       Ang**2  cal/Ang**2/mol kcal/mol  
 ---------------------------------------------- 
  H   C        111.129     -51.536      -5.727
  H   O          0.000     -27.476      -0.000
  C   C         57.060     -87.925      -5.017
  O   C         53.137     -22.247      -1.182
  O   O          0.000    -112.781      -0.000
  C   N         21.262    -141.360      -3.006
  N   C         74.630       0.000       0.000
  N  C(3)        0.018       0.000       0.000
  O   N          0.000      69.634       0.000

 Subtotal:                             -14.932
 ---------------------------------------------- 

 NONAQUEOUS SOLVENT CONTRIBUTION (kcal/mol):
 (proportional to SASA, atomic number independent)
 ---------------------------------------------- 
 Subtotal:                               8.880
 ---------------------------------------------- 

 CDS TOTAL (kcal/mol):                   0.660
...............................................................................
