----------------------------------------------- 
  Element       SASA      Sigma Z        Total  
     Z         Ang**2 cal/Ang**2/mol   kcal/mol 
----------------------------------------------- 
      H        199.288       0.000       0.000
      C         97.049     111.253      10.797
      N         40.914      46.223       1.891
      O         88.320     -63.418      -5.601

 Subtotal:     425.570                   7.087
 -----------------------------------------------

  Elements    COT*SASA   Sigma Z,Z'     Total   
    Z,Z'       Ang**2  cal/Ang**2/mol kcal/mol  
 ---------------------------------------------- 
  H   C        124.590     -51.536      -6.421
  H   O          4.798     -27.476      -0.132
  C   C         54.069     -87.925      -4.754
  O   C         31.295     -22.247      -0.696
  O   O          0.000    -112.781      -0.000
  C   N         23.199    -141.360      -3.279
  N   C         79.844       0.000       0.000
  N  C(3)        0.000       0.000       0.000
  O   N          0.000      69.634       0.000

 Subtotal:                             -15.282
 ---------------------------------------------- 

 NONAQUEOUS SOLVENT CONTRIBUTION (kcal/mol):
 (proportional to SASA, atomic number independent)
 ---------------------------------------------- 
 Subtotal:                               9.202
 ---------------------------------------------- 

 CDS TOTAL (kcal/mol):                   1.007
...............................................................................
