----------------------------------------------- 
  Element       SASA      Sigma Z        Total  
     Z         Ang**2 cal/Ang**2/mol   kcal/mol 
----------------------------------------------- 
      H         98.816       0.000       0.000
      C         58.053     111.253       6.459
      N          8.686      46.223       0.401
      F         24.402       0.000       0.000

 Subtotal:     189.957                   6.860
 -----------------------------------------------

  Elements    COT*SASA   Sigma Z,Z'     Total   
    Z,Z'       Ang**2  cal/Ang**2/mol kcal/mol  
 ---------------------------------------------- 
  H   C         48.202     -51.536      -2.484
  C   C         77.981     -87.925      -6.856
  C   N          1.782    -141.360      -0.252
  N   C         28.189       0.000       0.000
  N  C(3)        0.000       0.000       0.000

 Subtotal:                              -9.593
 ---------------------------------------------- 

 NONAQUEOUS SOLVENT CONTRIBUTION (kcal/mol):
 (proportional to SASA, atomic number independent)
 ---------------------------------------------- 
 Subtotal:                               4.107
 ---------------------------------------------- 

 CDS TOTAL (kcal/mol):                   1.375
...............................................................................
