----------------------------------------------- 
  Element       SASA      Sigma Z        Total  
     Z         Ang**2 cal/Ang**2/mol   kcal/mol 
----------------------------------------------- 
      H        176.120       0.000       0.000
      C         99.854     111.253      11.109
      N         44.581      46.223       2.061
      O         92.154     -63.418      -5.844

 Subtotal:     412.708                   7.326
 -----------------------------------------------

  Elements    COT*SASA   Sigma Z,Z'     Total   
    Z,Z'       Ang**2  cal/Ang**2/mol kcal/mol  
 ---------------------------------------------- 
  H   C        110.119     -51.536      -5.675
  H   O          0.000     -27.476      -0.000
  C   C         59.347     -87.925      -5.218
  O   C         51.527     -22.247      -1.146
  O   O          0.000    -112.781      -0.000
  C   N         27.114    -141.360      -3.833
  N   C         88.378       0.000       0.000
  N  C(3)        0.243       0.000       0.000
  O   N          0.000      69.634       0.000

 Subtotal:                             -15.872
 ---------------------------------------------- 

 NONAQUEOUS SOLVENT CONTRIBUTION (kcal/mol):
 (proportional to SASA, atomic number independent)
 ---------------------------------------------- 
 Subtotal:                               8.924
 ---------------------------------------------- 

 CDS TOTAL (kcal/mol):                   0.377
...............................................................................
