----------------------------------------------- 
  Element       SASA      Sigma Z        Total  
     Z         Ang**2 cal/Ang**2/mol   kcal/mol 
----------------------------------------------- 
      H        132.961       0.000       0.000
      C         66.677     111.253       7.418
      N         12.237      46.223       0.566
      F         10.516       0.000       0.000

 Subtotal:     222.390                   7.984
 -----------------------------------------------

  Elements    COT*SASA   Sigma Z,Z'     Total   
    Z,Z'       Ang**2  cal/Ang**2/mol kcal/mol  
 ---------------------------------------------- 
  H   C         73.175     -51.536      -3.771
  C   C         71.953     -87.925      -6.326
  C   N          1.991    -141.360      -0.281
  N   C         39.943       0.000       0.000
  N  C(3)        0.000       0.000       0.000

 Subtotal:                             -10.379
 ---------------------------------------------- 

 NONAQUEOUS SOLVENT CONTRIBUTION (kcal/mol):
 (proportional to SASA, atomic number independent)
 ---------------------------------------------- 
 Subtotal:                               4.809
 ---------------------------------------------- 

 CDS TOTAL (kcal/mol):                   2.413
...............................................................................
