----------------------------------------------- 
  Element       SASA      Sigma Z        Total  
     Z         Ang**2 cal/Ang**2/mol   kcal/mol 
----------------------------------------------- 
      H        229.127       0.000       0.000
      C        121.538     111.253      13.522
      N         17.799      46.223       0.823
      O         52.490     -63.418      -3.329
      F         10.325       0.000       0.000

 Subtotal:     431.279                  11.015
 -----------------------------------------------

  Elements    COT*SASA   Sigma Z,Z'     Total   
    Z,Z'       Ang**2  cal/Ang**2/mol kcal/mol  
 ---------------------------------------------- 
  H   C        129.127     -51.536      -6.655
  H   O          4.512     -27.476      -0.124
  C   C        111.693     -87.925      -9.821
  O   C         27.090     -22.247      -0.603
  O   O          0.000    -112.781      -0.000
  C   N         23.625    -141.360      -3.340
  N   C         76.517       0.000       0.000
  N  C(3)        0.000       0.000       0.000
  O   N          0.000      69.634       0.000

 Subtotal:                             -20.542
 ---------------------------------------------- 

 NONAQUEOUS SOLVENT CONTRIBUTION (kcal/mol):
 (proportional to SASA, atomic number independent)
 ---------------------------------------------- 
 Subtotal:                               9.326
 ---------------------------------------------- 

 CDS TOTAL (kcal/mol):                  -0.201
...............................................................................
