----------------------------------------------- 
  Element       SASA      Sigma Z        Total  
     Z         Ang**2 cal/Ang**2/mol   kcal/mol 
----------------------------------------------- 
      H        180.803       0.000       0.000
      C         84.873     111.253       9.442
      N         41.575      46.223       1.922
      O        100.213     -63.418      -6.355

 Subtotal:     407.465                   5.009
 -----------------------------------------------

  Elements    COT*SASA   Sigma Z,Z'     Total   
    Z,Z'       Ang**2  cal/Ang**2/mol kcal/mol  
 ---------------------------------------------- 
  H   C        116.095     -51.536      -5.983
  H   O          0.839     -27.476      -0.023
  C   C         55.926     -87.925      -4.917
  O   C         51.601     -22.247      -1.148
  O   O          0.000    -112.781      -0.000
  C   N         19.579    -141.360      -2.768
  N   C         90.351       0.000       0.000
  N  C(3)        0.000       0.000       0.000
  O   N          0.000      69.634       0.000

 Subtotal:                             -14.839
 ---------------------------------------------- 

 NONAQUEOUS SOLVENT CONTRIBUTION (kcal/mol):
 (proportional to SASA, atomic number independent)
 ---------------------------------------------- 
 Subtotal:                               8.811
 ---------------------------------------------- 

 CDS TOTAL (kcal/mol):                  -1.020
...............................................................................
