----------------------------------------------- 
  Element       SASA      Sigma Z        Total  
     Z         Ang**2 cal/Ang**2/mol   kcal/mol 
----------------------------------------------- 
      H        226.552       0.000       0.000
      C        113.218     111.253      12.596
      N         21.444      46.223       0.991
      O         40.346     -63.418      -2.559
      F         24.424       0.000       0.000

 Subtotal:     425.984                  11.028
 -----------------------------------------------

  Elements    COT*SASA   Sigma Z,Z'     Total   
    Z,Z'       Ang**2  cal/Ang**2/mol kcal/mol  
 ---------------------------------------------- 
  H   C        128.847     -51.536      -6.640
  H   O          4.532     -27.476      -0.125
  C   C        108.895     -87.925      -9.575
  O   C         10.400     -22.247      -0.231
  O   O          0.000    -112.781      -0.000
  C   N         18.575    -141.360      -2.626
  N   C         97.442       0.000       0.000
  N  C(3)        0.025       0.000       0.000
  O   N          0.000      69.634       0.000

 Subtotal:                             -19.197
 ---------------------------------------------- 

 NONAQUEOUS SOLVENT CONTRIBUTION (kcal/mol):
 (proportional to SASA, atomic number independent)
 ---------------------------------------------- 
 Subtotal:                               9.211
 ---------------------------------------------- 

 CDS TOTAL (kcal/mol):                   1.043
...............................................................................
