----------------------------------------------- 
  Element       SASA      Sigma Z        Total  
     Z         Ang**2 cal/Ang**2/mol   kcal/mol 
----------------------------------------------- 
      H        218.121       0.000       0.000
      C        119.072     111.253      13.247
      N         16.747      46.223       0.774
      O         53.231     -63.418      -3.376
      F         36.182       0.000       0.000

 Subtotal:     443.354                  10.646
 -----------------------------------------------

  Elements    COT*SASA   Sigma Z,Z'     Total   
    Z,Z'       Ang**2  cal/Ang**2/mol kcal/mol  
 ---------------------------------------------- 
  H   C        121.717     -51.536      -6.273
  H   O          4.430     -27.476      -0.122
  C   C        120.367     -87.925     -10.583
  O   C         27.311     -22.247      -0.608
  O   O          0.000    -112.781      -0.000
  C   N         24.357    -141.360      -3.443
  N   C         73.112       0.000       0.000
  N  C(3)        0.000       0.000       0.000
  O   N          0.000      69.634       0.000

 Subtotal:                             -21.029
 ---------------------------------------------- 

 NONAQUEOUS SOLVENT CONTRIBUTION (kcal/mol):
 (proportional to SASA, atomic number independent)
 ---------------------------------------------- 
 Subtotal:                               9.587
 ---------------------------------------------- 

 CDS TOTAL (kcal/mol):                  -0.796
...............................................................................
