----------------------------------------------- 
  Element       SASA      Sigma Z        Total  
     Z         Ang**2 cal/Ang**2/mol   kcal/mol 
----------------------------------------------- 
      H        218.402       0.000       0.000
      C        104.622     111.253      11.639
      N         15.632      46.223       0.723
      O         52.946     -63.418      -3.358
      F         23.976       0.000       0.000

 Subtotal:     415.578                   9.004
 -----------------------------------------------

  Elements    COT*SASA   Sigma Z,Z'     Total   
    Z,Z'       Ang**2  cal/Ang**2/mol kcal/mol  
 ---------------------------------------------- 
  H   C        123.200     -51.536      -6.349
  H   O          4.781     -27.476      -0.131
  C   C         98.775     -87.925      -8.685
  O   C         28.077     -22.247      -0.625
  O   O          0.000    -112.781      -0.000
  C   N         22.767    -141.360      -3.218
  N   C         66.769       0.000       0.000
  N  C(3)        0.000       0.000       0.000
  O   N          0.000      69.634       0.000

 Subtotal:                             -19.008
 ---------------------------------------------- 

 NONAQUEOUS SOLVENT CONTRIBUTION (kcal/mol):
 (proportional to SASA, atomic number independent)
 ---------------------------------------------- 
 Subtotal:                               8.986
 ---------------------------------------------- 

 CDS TOTAL (kcal/mol):                  -1.018
...............................................................................
