----------------------------------------------- 
  Element       SASA      Sigma Z        Total  
     Z         Ang**2 cal/Ang**2/mol   kcal/mol 
----------------------------------------------- 
      H        172.238       0.000       0.000
      C         82.824     111.253       9.214
      N         43.238      46.223       1.999
      O        105.863     -63.418      -6.714

 Subtotal:     404.163                   4.499
 -----------------------------------------------

  Elements    COT*SASA   Sigma Z,Z'     Total   
    Z,Z'       Ang**2  cal/Ang**2/mol kcal/mol  
 ---------------------------------------------- 
  H   C        106.960     -51.536      -5.512
  H   O          0.000     -27.476      -0.000
  C   C         52.416     -87.925      -4.609
  O   C         55.939     -22.247      -1.244
  O   O          0.000    -112.781      -0.000
  C   N         14.684    -141.360      -2.076
  N   C         91.006       0.000       0.000
  N  C(3)        0.000       0.000       0.000
  O   N          0.000      69.634       0.000

 Subtotal:                             -13.441
 ---------------------------------------------- 

 NONAQUEOUS SOLVENT CONTRIBUTION (kcal/mol):
 (proportional to SASA, atomic number independent)
 ---------------------------------------------- 
 Subtotal:                               8.739
 ---------------------------------------------- 

 CDS TOTAL (kcal/mol):                  -0.202
...............................................................................
