----------------------------------------------- 
  Element       SASA      Sigma Z        Total  
     Z         Ang**2 cal/Ang**2/mol   kcal/mol 
----------------------------------------------- 
      H        195.468       0.000       0.000
      C         96.385     111.253      10.723
      N         40.661      46.223       1.879
      O         86.064     -63.418      -5.458

 Subtotal:     418.578                   7.145
 -----------------------------------------------

  Elements    COT*SASA   Sigma Z,Z'     Total   
    Z,Z'       Ang**2  cal/Ang**2/mol kcal/mol  
 ---------------------------------------------- 
  H   C        116.084     -51.536      -5.983
  H   O          4.539     -27.476      -0.125
  C   C         57.399     -87.925      -5.047
  O   C         46.087     -22.247      -1.025
  O   O          0.000    -112.781      -0.000
  C   N         21.013    -141.360      -2.970
  N   C         80.199       0.000       0.000
  N  C(3)        0.000       0.000       0.000
  O   N          0.000      69.634       0.000

 Subtotal:                             -15.150
 ---------------------------------------------- 

 NONAQUEOUS SOLVENT CONTRIBUTION (kcal/mol):
 (proportional to SASA, atomic number independent)
 ---------------------------------------------- 
 Subtotal:                               9.051
 ---------------------------------------------- 

 CDS TOTAL (kcal/mol):                   1.046
...............................................................................
