----------------------------------------------- 
  Element       SASA      Sigma Z        Total  
     Z         Ang**2 cal/Ang**2/mol   kcal/mol 
----------------------------------------------- 
      H        160.623       0.000       0.000
      C         60.071     111.253       6.683
      N         14.528      46.223       0.672
      O         68.905     -63.418      -4.370

 Subtotal:     304.127                   2.985
 -----------------------------------------------

  Elements    COT*SASA   Sigma Z,Z'     Total   
    Z,Z'       Ang**2  cal/Ang**2/mol kcal/mol  
 ---------------------------------------------- 
  H   C         82.842     -51.536      -4.269
  H   O          5.798     -27.476      -0.159
  C   C         35.217     -87.925      -3.096
  O   C         23.701     -22.247      -0.527
  O   O          0.000    -112.781      -0.000
  C   N         15.949    -141.360      -2.255
  N   C         53.835       0.000       0.000
  N  C(3)        0.000       0.000       0.000
  O   N          0.000      69.634       0.000

 Subtotal:                             -10.307
 ---------------------------------------------- 

 NONAQUEOUS SOLVENT CONTRIBUTION (kcal/mol):
 (proportional to SASA, atomic number independent)
 ---------------------------------------------- 
 Subtotal:                               6.576
 ---------------------------------------------- 

 CDS TOTAL (kcal/mol):                  -0.746
...............................................................................
