----------------------------------------------- 
  Element       SASA      Sigma Z        Total  
     Z         Ang**2 cal/Ang**2/mol   kcal/mol 
----------------------------------------------- 
      H        127.117       0.000       0.000
      C         62.132     111.253       6.912
      N          0.895      46.223       0.041
      F         24.310       0.000       0.000

 Subtotal:     214.453                   6.954
 -----------------------------------------------

  Elements    COT*SASA   Sigma Z,Z'     Total   
    Z,Z'       Ang**2  cal/Ang**2/mol kcal/mol  
 ---------------------------------------------- 
  H   C         69.909     -51.536      -3.603
  C   C         70.422     -87.925      -6.192
  C   N          5.183    -141.360      -0.733
  N   C          7.305       0.000       0.000
  N  C(3)        0.000       0.000       0.000

 Subtotal:                             -10.527
 ---------------------------------------------- 

 NONAQUEOUS SOLVENT CONTRIBUTION (kcal/mol):
 (proportional to SASA, atomic number independent)
 ---------------------------------------------- 
 Subtotal:                               4.637
 ---------------------------------------------- 

 CDS TOTAL (kcal/mol):                   1.064
...............................................................................
