----------------------------------------------- 
  Element       SASA      Sigma Z        Total  
     Z         Ang**2 cal/Ang**2/mol   kcal/mol 
----------------------------------------------- 
      H        184.864       0.000       0.000
      C         90.624     111.253      10.082
      N         39.497      46.223       1.826
      O         91.157     -63.418      -5.781

 Subtotal:     406.142                   6.127
 -----------------------------------------------

  Elements    COT*SASA   Sigma Z,Z'     Total   
    Z,Z'       Ang**2  cal/Ang**2/mol kcal/mol  
 ---------------------------------------------- 
  H   C        109.555     -51.536      -5.646
  H   O          7.248     -27.476      -0.199
  C   C         55.980     -87.925      -4.922
  O   C         51.486     -22.247      -1.145
  O   O          0.000    -112.781      -0.000
  C   N         21.828    -141.360      -3.086
  N   C         71.853       0.000       0.000
  N  C(3)        0.000       0.000       0.000
  O   N          0.000      69.634       0.000

 Subtotal:                             -14.998
 ---------------------------------------------- 

 NONAQUEOUS SOLVENT CONTRIBUTION (kcal/mol):
 (proportional to SASA, atomic number independent)
 ---------------------------------------------- 
 Subtotal:                               8.782
 ---------------------------------------------- 

 CDS TOTAL (kcal/mol):                  -0.089
...............................................................................
