----------------------------------------------- 
  Element       SASA      Sigma Z        Total  
     Z         Ang**2 cal/Ang**2/mol   kcal/mol 
----------------------------------------------- 
      H        146.349       0.000       0.000
      C         58.824     111.253       6.544
      N         17.982      46.223       0.831
      O         69.121     -63.418      -4.384

 Subtotal:     292.277                   2.992
 -----------------------------------------------

  Elements    COT*SASA   Sigma Z,Z'     Total   
    Z,Z'       Ang**2  cal/Ang**2/mol kcal/mol  
 ---------------------------------------------- 
  H   C         69.684     -51.536      -3.591
  H   O          7.076     -27.476      -0.194
  C   C         39.613     -87.925      -3.483
  O   C         35.507     -22.247      -0.790
  O   O          0.000    -112.781      -0.000
  C   N         15.667    -141.360      -2.215
  N   C         53.444       0.000       0.000
  N  C(3)        0.000       0.000       0.000
  O   N          0.000      69.634       0.000

 Subtotal:                             -10.273
 ---------------------------------------------- 

 NONAQUEOUS SOLVENT CONTRIBUTION (kcal/mol):
 (proportional to SASA, atomic number independent)
 ---------------------------------------------- 
 Subtotal:                               6.320
 ---------------------------------------------- 

 CDS TOTAL (kcal/mol):                  -0.961
...............................................................................
