----------------------------------------------- 
  Element       SASA      Sigma Z        Total  
     Z         Ang**2 cal/Ang**2/mol   kcal/mol 
----------------------------------------------- 
      H        182.536       0.000       0.000
      C        100.882     111.253      11.224
      N         36.727      46.223       1.698
      O         96.488     -63.418      -6.119

 Subtotal:     416.633                   6.802
 -----------------------------------------------

  Elements    COT*SASA   Sigma Z,Z'     Total   
    Z,Z'       Ang**2  cal/Ang**2/mol kcal/mol  
 ---------------------------------------------- 
  H   C        115.253     -51.536      -5.940
  H   O          4.638     -27.476      -0.127
  C   C         60.093     -87.925      -5.284
  O   C         51.091     -22.247      -1.137
  O   O          0.000    -112.781      -0.000
  C   N         30.975    -141.360      -4.379
  N   C        102.259       0.000       0.000
  N  C(3)        0.000       0.000       0.000
  O   N          0.000      69.634       0.000

 Subtotal:                             -16.866
 ---------------------------------------------- 

 NONAQUEOUS SOLVENT CONTRIBUTION (kcal/mol):
 (proportional to SASA, atomic number independent)
 ---------------------------------------------- 
 Subtotal:                               9.009
 ---------------------------------------------- 

 CDS TOTAL (kcal/mol):                  -1.055
...............................................................................
