----------------------------------------------- 
  Element       SASA      Sigma Z        Total  
     Z         Ang**2 cal/Ang**2/mol   kcal/mol 
----------------------------------------------- 
      H        177.175       0.000       0.000
      C         90.815     111.253      10.103
      N         37.993      46.223       1.756
      O        104.083     -63.418      -6.601

 Subtotal:     410.066                   5.259
 -----------------------------------------------

  Elements    COT*SASA   Sigma Z,Z'     Total   
    Z,Z'       Ang**2  cal/Ang**2/mol kcal/mol  
 ---------------------------------------------- 
  H   C        112.894     -51.536      -5.818
  H   O          0.474     -27.476      -0.013
  C   C         54.384     -87.925      -4.782
  O   C         62.290     -22.247      -1.386
  O   O          0.000    -112.781      -0.000
  C   N         22.476    -141.360      -3.177
  N   C         64.662       0.000       0.000
  N  C(3)        0.579       0.000       0.000
  O   N          0.000      69.634       0.000

 Subtotal:                             -15.176
 ---------------------------------------------- 

 NONAQUEOUS SOLVENT CONTRIBUTION (kcal/mol):
 (proportional to SASA, atomic number independent)
 ---------------------------------------------- 
 Subtotal:                               8.867
 ---------------------------------------------- 

 CDS TOTAL (kcal/mol):                  -1.050
...............................................................................
