----------------------------------------------- 
  Element       SASA      Sigma Z        Total  
     Z         Ang**2 cal/Ang**2/mol   kcal/mol 
----------------------------------------------- 
      H        221.652       0.000       0.000
      C        118.849     111.253      13.222
      N         14.996      46.223       0.693
      O         38.282     -63.418      -2.428
      F         24.339       0.000       0.000

 Subtotal:     418.118                  11.488
 -----------------------------------------------

  Elements    COT*SASA   Sigma Z,Z'     Total   
    Z,Z'       Ang**2  cal/Ang**2/mol kcal/mol  
 ---------------------------------------------- 
  H   C        121.901     -51.536      -6.282
  H   O          6.994     -27.476      -0.192
  C   C        113.714     -87.925      -9.998
  O   C         18.984     -22.247      -0.422
  O   O          0.000    -112.781      -0.000
  C   N         23.002    -141.360      -3.252
  N   C         65.327       0.000       0.000
  N  C(3)        0.000       0.000       0.000
  O   N          0.000      69.634       0.000

 Subtotal:                             -20.147
 ---------------------------------------------- 

 NONAQUEOUS SOLVENT CONTRIBUTION (kcal/mol):
 (proportional to SASA, atomic number independent)
 ---------------------------------------------- 
 Subtotal:                               9.041
 ---------------------------------------------- 

 CDS TOTAL (kcal/mol):                   0.382
...............................................................................
