----------------------------------------------- 
  Element       SASA      Sigma Z        Total  
     Z         Ang**2 cal/Ang**2/mol   kcal/mol 
----------------------------------------------- 
      H        186.060       0.000       0.000
      C         81.985     111.253       9.121
      N         46.299      46.223       2.140
      O         87.998     -63.418      -5.581

 Subtotal:     402.342                   5.681
 -----------------------------------------------

  Elements    COT*SASA   Sigma Z,Z'     Total   
    Z,Z'       Ang**2  cal/Ang**2/mol kcal/mol  
 ---------------------------------------------- 
  H   C        113.645     -51.536      -5.857
  H   O          4.616     -27.476      -0.127
  C   C         54.137     -87.925      -4.760
  O   C         34.706     -22.247      -0.772
  O   O          0.000    -112.781      -0.000
  C   N         12.594    -141.360      -1.780
  N   C        127.763       0.000       0.000
  N  C(3)        0.000       0.000       0.000
  O   N          0.000      69.634       0.000

 Subtotal:                             -13.296
 ---------------------------------------------- 

 NONAQUEOUS SOLVENT CONTRIBUTION (kcal/mol):
 (proportional to SASA, atomic number independent)
 ---------------------------------------------- 
 Subtotal:                               8.700
 ---------------------------------------------- 

 CDS TOTAL (kcal/mol):                   1.084
...............................................................................
