----------------------------------------------- 
  Element       SASA      Sigma Z        Total  
     Z         Ang**2 cal/Ang**2/mol   kcal/mol 
----------------------------------------------- 
      H        208.628       0.000       0.000
      C        104.627     111.253      11.640
      N         42.304      46.223       1.955
      O         76.211     -63.418      -4.833

 Subtotal:     431.770                   8.762
 -----------------------------------------------

  Elements    COT*SASA   Sigma Z,Z'     Total   
    Z,Z'       Ang**2  cal/Ang**2/mol kcal/mol  
 ---------------------------------------------- 
  H   C        131.355     -51.536      -6.770
  H   O          4.910     -27.476      -0.135
  C   C         58.079     -87.925      -5.107
  O   C         42.502     -22.247      -0.946
  O   O          0.000    -112.781      -0.000
  C   N         27.419    -141.360      -3.876
  N   C         84.618       0.000       0.000
  N  C(3)        0.000       0.000       0.000
  O   N          0.000      69.634       0.000

 Subtotal:                             -16.833
 ---------------------------------------------- 

 NONAQUEOUS SOLVENT CONTRIBUTION (kcal/mol):
 (proportional to SASA, atomic number independent)
 ---------------------------------------------- 
 Subtotal:                               9.336
 ---------------------------------------------- 

 CDS TOTAL (kcal/mol):                   1.266
...............................................................................
