----------------------------------------------- 
  Element       SASA      Sigma Z        Total  
     Z         Ang**2 cal/Ang**2/mol   kcal/mol 
----------------------------------------------- 
      H        102.635       0.000       0.000
      C         52.176     111.253       5.805
      N         31.985      46.223       1.478
      O         30.858     -63.418      -1.957

 Subtotal:     217.654                   5.326
 -----------------------------------------------

  Elements    COT*SASA   Sigma Z,Z'     Total   
    Z,Z'       Ang**2  cal/Ang**2/mol kcal/mol  
 ---------------------------------------------- 
  H   C         69.196     -51.536      -3.566
  H   O          0.000     -27.476      -0.000
  C   C         20.192     -87.925      -1.775
  O   C         16.270     -22.247      -0.362
  O   O          0.000    -112.781      -0.000
  C   N          7.746    -141.360      -1.095
  N   C         40.256       0.000       0.000
  N  C(3)        0.078       0.000       0.000
  O   N          0.000      69.634       0.000

 Subtotal:                              -6.798
 ---------------------------------------------- 

 NONAQUEOUS SOLVENT CONTRIBUTION (kcal/mol):
 (proportional to SASA, atomic number independent)
 ---------------------------------------------- 
 Subtotal:                               4.706
 ---------------------------------------------- 

 CDS TOTAL (kcal/mol):                   3.234
...............................................................................
