----------------------------------------------- 
  Element       SASA      Sigma Z        Total  
     Z         Ang**2 cal/Ang**2/mol   kcal/mol 
----------------------------------------------- 
      H        176.939       0.000       0.000
      C         88.934     111.253       9.894
      N         36.751      46.223       1.699
      O        103.011     -63.418      -6.533

 Subtotal:     405.635                   5.060
 -----------------------------------------------

  Elements    COT*SASA   Sigma Z,Z'     Total   
    Z,Z'       Ang**2  cal/Ang**2/mol kcal/mol  
 ---------------------------------------------- 
  H   C        107.431     -51.536      -5.537
  H   O          4.649     -27.476      -0.128
  C   C         54.220     -87.925      -4.767
  O   C         59.036     -22.247      -1.313
  O   O          0.000    -112.781      -0.000
  C   N         23.277    -141.360      -3.290
  N   C         64.276       0.000       0.000
  N  C(3)        0.000       0.000       0.000
  O   N          0.000      69.634       0.000

 Subtotal:                             -15.035
 ---------------------------------------------- 

 NONAQUEOUS SOLVENT CONTRIBUTION (kcal/mol):
 (proportional to SASA, atomic number independent)
 ---------------------------------------------- 
 Subtotal:                               8.771
 ---------------------------------------------- 

 CDS TOTAL (kcal/mol):                  -1.204
...............................................................................
