----------------------------------------------- 
  Element       SASA      Sigma Z        Total  
     Z         Ang**2 cal/Ang**2/mol   kcal/mol 
----------------------------------------------- 
      H        103.113       0.000       0.000
      C         50.904     111.253       5.663
      N         32.692      46.223       1.511
      O         31.658     -63.418      -2.008

 Subtotal:     218.368                   5.167
 -----------------------------------------------

  Elements    COT*SASA   Sigma Z,Z'     Total   
    Z,Z'       Ang**2  cal/Ang**2/mol kcal/mol  
 ---------------------------------------------- 
  H   C         69.558     -51.536      -3.585
  H   O          0.000     -27.476      -0.000
  C   C         21.010     -87.925      -1.847
  O   C         18.911     -22.247      -0.421
  O   O          0.000    -112.781      -0.000
  C   N          7.171    -141.360      -1.014
  N   C         42.975       0.000       0.000
  N  C(3)        0.000       0.000       0.000
  O   N          0.000      69.634       0.000

 Subtotal:                              -6.867
 ---------------------------------------------- 

 NONAQUEOUS SOLVENT CONTRIBUTION (kcal/mol):
 (proportional to SASA, atomic number independent)
 ---------------------------------------------- 
 Subtotal:                               4.722
 ---------------------------------------------- 

 CDS TOTAL (kcal/mol):                   3.022
...............................................................................
