----------------------------------------------- 
  Element       SASA      Sigma Z        Total  
     Z         Ang**2 cal/Ang**2/mol   kcal/mol 
----------------------------------------------- 
      H        184.519       0.000       0.000
      C         83.808     111.253       9.324
      N         51.191      46.223       2.366
      O         95.286     -63.418      -6.043

 Subtotal:     414.805                   5.647
 -----------------------------------------------

  Elements    COT*SASA   Sigma Z,Z'     Total   
    Z,Z'       Ang**2  cal/Ang**2/mol kcal/mol  
 ---------------------------------------------- 
  H   C        114.680     -51.536      -5.910
  H   O          6.544     -27.476      -0.180
  C   C         48.515     -87.925      -4.266
  O   C         55.843     -22.247      -1.242
  O   O          0.000    -112.781      -0.000
  C   N         20.242    -141.360      -2.861
  N   C        116.525       0.000       0.000
  N  C(3)        0.000       0.000       0.000
  O   N          0.000      69.634       0.000

 Subtotal:                             -14.459
 ---------------------------------------------- 

 NONAQUEOUS SOLVENT CONTRIBUTION (kcal/mol):
 (proportional to SASA, atomic number independent)
 ---------------------------------------------- 
 Subtotal:                               8.969
 ---------------------------------------------- 

 CDS TOTAL (kcal/mol):                   0.157
...............................................................................
