----------------------------------------------- 
  Element       SASA      Sigma Z        Total  
     Z         Ang**2 cal/Ang**2/mol   kcal/mol 
----------------------------------------------- 
      H        206.052       0.000       0.000
      C         89.675     111.253       9.977
      N         39.348      46.223       1.819
      O         97.390     -63.418      -6.176

 Subtotal:     432.465                   5.619
 -----------------------------------------------

  Elements    COT*SASA   Sigma Z,Z'     Total   
    Z,Z'       Ang**2  cal/Ang**2/mol kcal/mol  
 ---------------------------------------------- 
  H   C        130.471     -51.536      -6.724
  H   O          5.850     -27.476      -0.161
  C   C         51.380     -87.925      -4.518
  O   C         46.065     -22.247      -1.025
  O   O          0.000    -112.781      -0.000
  C   N         18.450    -141.360      -2.608
  N   C         78.341       0.000       0.000
  N  C(3)        0.126       0.000       0.000
  O   N          0.000      69.634       0.000

 Subtotal:                             -15.035
 ---------------------------------------------- 

 NONAQUEOUS SOLVENT CONTRIBUTION (kcal/mol):
 (proportional to SASA, atomic number independent)
 ---------------------------------------------- 
 Subtotal:                               9.351
 ---------------------------------------------- 

 CDS TOTAL (kcal/mol):                  -0.065
...............................................................................
