----------------------------------------------- 
  Element       SASA      Sigma Z        Total  
     Z         Ang**2 cal/Ang**2/mol   kcal/mol 
----------------------------------------------- 
      H        173.497       0.000       0.000
      C         53.481     111.253       5.950
      N         14.952      46.223       0.691
      O         67.174     -63.418      -4.260

 Subtotal:     309.105                   2.381
 -----------------------------------------------

  Elements    COT*SASA   Sigma Z,Z'     Total   
    Z,Z'       Ang**2  cal/Ang**2/mol kcal/mol  
 ---------------------------------------------- 
  H   C         90.159     -51.536      -4.646
  H   O          5.375     -27.476      -0.148
  C   C         30.523     -87.925      -2.684
  O   C         31.777     -22.247      -0.707
  O   O          0.000    -112.781      -0.000
  C   N          9.698    -141.360      -1.371
  N   C         88.535       0.000       0.000
  N  C(3)        0.101       0.000       0.000
  O   N          0.000      69.634       0.000

 Subtotal:                              -9.556
 ---------------------------------------------- 

 NONAQUEOUS SOLVENT CONTRIBUTION (kcal/mol):
 (proportional to SASA, atomic number independent)
 ---------------------------------------------- 
 Subtotal:                               6.684
 ---------------------------------------------- 

 CDS TOTAL (kcal/mol):                  -0.491
...............................................................................
