----------------------------------------------- 
  Element       SASA      Sigma Z        Total  
     Z         Ang**2 cal/Ang**2/mol   kcal/mol 
----------------------------------------------- 
      H        193.999       0.000       0.000
      C         81.397     111.253       9.056
      N         44.687      46.223       2.066
      O         83.605     -63.418      -5.302

 Subtotal:     403.688                   5.819
 -----------------------------------------------

  Elements    COT*SASA   Sigma Z,Z'     Total   
    Z,Z'       Ang**2  cal/Ang**2/mol kcal/mol  
 ---------------------------------------------- 
  H   C        112.201     -51.536      -5.782
  H   O          7.468     -27.476      -0.205
  C   C         46.369     -87.925      -4.077
  O   C         50.728     -22.247      -1.129
  O   O          0.000    -112.781      -0.000
  C   N         16.445    -141.360      -2.325
  N   C         94.099       0.000       0.000
  N  C(3)        0.057       0.000       0.000
  O   N          0.000      69.634       0.000

 Subtotal:                             -13.518
 ---------------------------------------------- 

 NONAQUEOUS SOLVENT CONTRIBUTION (kcal/mol):
 (proportional to SASA, atomic number independent)
 ---------------------------------------------- 
 Subtotal:                               8.729
 ---------------------------------------------- 

 CDS TOTAL (kcal/mol):                   1.030
...............................................................................
