----------------------------------------------- 
  Element       SASA      Sigma Z        Total  
     Z         Ang**2 cal/Ang**2/mol   kcal/mol 
----------------------------------------------- 
      H        189.961       0.000       0.000
      C         95.321     111.253      10.605
      N         43.175      46.223       1.996
      O         86.155     -63.418      -5.464

 Subtotal:     414.612                   7.137
 -----------------------------------------------

  Elements    COT*SASA   Sigma Z,Z'     Total   
    Z,Z'       Ang**2  cal/Ang**2/mol kcal/mol  
 ---------------------------------------------- 
  H   C        112.338     -51.536      -5.789
  H   O          4.534     -27.476      -0.125
  C   C         56.585     -87.925      -4.975
  O   C         45.390     -22.247      -1.010
  O   O          0.000    -112.781      -0.000
  C   N         22.066    -141.360      -3.119
  N   C         81.936       0.000       0.000
  N  C(3)        0.092       0.000       0.000
  O   N          0.000      69.634       0.000

 Subtotal:                             -15.018
 ---------------------------------------------- 

 NONAQUEOUS SOLVENT CONTRIBUTION (kcal/mol):
 (proportional to SASA, atomic number independent)
 ---------------------------------------------- 
 Subtotal:                               8.965
 ---------------------------------------------- 

 CDS TOTAL (kcal/mol):                   1.083
...............................................................................
