----------------------------------------------- 
  Element       SASA      Sigma Z        Total  
     Z         Ang**2 cal/Ang**2/mol   kcal/mol 
----------------------------------------------- 
      H         73.996       0.000       0.000
      C         42.689     111.253       4.749
      N         32.556      46.223       1.505
      O         23.101     -63.418      -1.465
      Cl        34.289     -34.447      -1.181

 Subtotal:     206.631                   3.608
 -----------------------------------------------

  Elements    COT*SASA   Sigma Z,Z'     Total   
    Z,Z'       Ang**2  cal/Ang**2/mol kcal/mol  
 ---------------------------------------------- 
  H   C         49.874     -51.536      -2.570
  H   O          0.000     -27.476      -0.000
  C   C         20.889     -87.925      -1.837
  O   C         13.636     -22.247      -0.303
  O   O          0.000    -112.781      -0.000
  C   N          7.335    -141.360      -1.037
  N   C         43.007       0.000       0.000
  N  C(3)        0.000       0.000       0.000
  O   N          0.000      69.634       0.000

 Subtotal:                              -5.747
 ---------------------------------------------- 

 NONAQUEOUS SOLVENT CONTRIBUTION (kcal/mol):
 (proportional to SASA, atomic number independent)
 ---------------------------------------------- 
 Subtotal:                               4.468
 ---------------------------------------------- 

 CDS TOTAL (kcal/mol):                   2.329
...............................................................................
