----------------------------------------------- 
  Element       SASA      Sigma Z        Total  
     Z         Ang**2 cal/Ang**2/mol   kcal/mol 
----------------------------------------------- 
      H        109.623       0.000       0.000
      C         41.485     111.253       4.615
      N         30.420      46.223       1.406
      O         39.980     -63.418      -2.535

 Subtotal:     221.508                   3.486
 -----------------------------------------------

  Elements    COT*SASA   Sigma Z,Z'     Total   
    Z,Z'       Ang**2  cal/Ang**2/mol kcal/mol  
 ---------------------------------------------- 
  H   C         73.894     -51.536      -3.808
  H   O          0.000     -27.476      -0.000
  C   C         18.955     -87.925      -1.667
  O   C         23.749     -22.247      -0.528
  O   O          0.000    -112.781      -0.000
  C   N          2.807    -141.360      -0.397
  N   C         61.843       0.000       0.000
  N  C(3)        0.000       0.000       0.000
  O   N          0.000      69.634       0.000

 Subtotal:                              -6.400
 ---------------------------------------------- 

 NONAQUEOUS SOLVENT CONTRIBUTION (kcal/mol):
 (proportional to SASA, atomic number independent)
 ---------------------------------------------- 
 Subtotal:                               4.790
 ---------------------------------------------- 

 CDS TOTAL (kcal/mol):                   1.876
...............................................................................
