----------------------------------------------- 
  Element       SASA      Sigma Z        Total  
     Z         Ang**2 cal/Ang**2/mol   kcal/mol 
----------------------------------------------- 
      H        185.889       0.000       0.000
      C         78.556     111.253       8.740
      N         46.486      46.223       2.149
      O        102.962     -63.418      -6.530

 Subtotal:     413.892                   4.359
 -----------------------------------------------

  Elements    COT*SASA   Sigma Z,Z'     Total   
    Z,Z'       Ang**2  cal/Ang**2/mol kcal/mol  
 ---------------------------------------------- 
  H   C        114.275     -51.536      -5.889
  H   O          0.000     -27.476      -0.000
  C   C         46.587     -87.925      -4.096
  O   C         52.595     -22.247      -1.170
  O   O          0.000    -112.781      -0.000
  C   N         14.258    -141.360      -2.016
  N   C        101.777       0.000       0.000
  N  C(3)        0.001       0.000       0.000
  O   N          0.000      69.634       0.000

 Subtotal:                             -13.171
 ---------------------------------------------- 

 NONAQUEOUS SOLVENT CONTRIBUTION (kcal/mol):
 (proportional to SASA, atomic number independent)
 ---------------------------------------------- 
 Subtotal:                               8.950
 ---------------------------------------------- 

 CDS TOTAL (kcal/mol):                   0.137
...............................................................................
