----------------------------------------------- 
  Element       SASA      Sigma Z        Total  
     Z         Ang**2 cal/Ang**2/mol   kcal/mol 
----------------------------------------------- 
      H        179.339       0.000       0.000
      C         51.875     111.253       5.771
      N         16.749      46.223       0.774
      O         63.862     -63.418      -4.050

 Subtotal:     311.824                   2.495
 -----------------------------------------------

  Elements    COT*SASA   Sigma Z,Z'     Total   
    Z,Z'       Ang**2  cal/Ang**2/mol kcal/mol  
 ---------------------------------------------- 
  H   C         91.721     -51.536      -4.727
  H   O          7.399     -27.476      -0.203
  C   C         28.054     -87.925      -2.467
  O   C         38.381     -22.247      -0.854
  O   O          0.000    -112.781      -0.000
  C   N          9.475    -141.360      -1.339
  N   C         61.710       0.000       0.000
  N  C(3)        0.025       0.000       0.000
  O   N          0.000      69.634       0.000

 Subtotal:                              -9.590
 ---------------------------------------------- 

 NONAQUEOUS SOLVENT CONTRIBUTION (kcal/mol):
 (proportional to SASA, atomic number independent)
 ---------------------------------------------- 
 Subtotal:                               6.743
 ---------------------------------------------- 

 CDS TOTAL (kcal/mol):                  -0.352
...............................................................................
