----------------------------------------------- 
  Element       SASA      Sigma Z        Total  
     Z         Ang**2 cal/Ang**2/mol   kcal/mol 
----------------------------------------------- 
      H        188.074       0.000       0.000
      C         98.242     111.253      10.930
      N         31.373      46.223       1.450
      O        102.708     -63.418      -6.514

 Subtotal:     420.397                   5.866
 -----------------------------------------------

  Elements    COT*SASA   Sigma Z,Z'     Total   
    Z,Z'       Ang**2  cal/Ang**2/mol kcal/mol  
 ---------------------------------------------- 
  H   C        115.527     -51.536      -5.954
  H   O          0.000     -27.476      -0.000
  C   C         57.693     -87.925      -5.073
  O   C         60.184     -22.247      -1.339
  O   O          0.000    -112.781      -0.000
  C   N         26.428    -141.360      -3.736
  N   C         81.821       0.000       0.000
  N  C(3)        0.017       0.000       0.000
  O   N          0.000      69.634       0.000

 Subtotal:                             -16.101
 ---------------------------------------------- 

 NONAQUEOUS SOLVENT CONTRIBUTION (kcal/mol):
 (proportional to SASA, atomic number independent)
 ---------------------------------------------- 
 Subtotal:                               9.090
 ---------------------------------------------- 

 CDS TOTAL (kcal/mol):                  -1.145
...............................................................................
