----------------------------------------------- 
  Element       SASA      Sigma Z        Total  
     Z         Ang**2 cal/Ang**2/mol   kcal/mol 
----------------------------------------------- 
      H        224.006       0.000       0.000
      C        104.918     111.253      11.672
      N         19.746      46.223       0.913
      O         48.681     -63.418      -3.087
      F         24.417       0.000       0.000

 Subtotal:     421.767                   9.498
 -----------------------------------------------

  Elements    COT*SASA   Sigma Z,Z'     Total   
    Z,Z'       Ang**2  cal/Ang**2/mol kcal/mol  
 ---------------------------------------------- 
  H   C        125.455     -51.536      -6.465
  H   O          5.809     -27.476      -0.160
  C   C        108.026     -87.925      -9.498
  O   C         19.925     -22.247      -0.443
  O   O          0.000    -112.781      -0.000
  C   N         15.388    -141.360      -2.175
  N   C         95.119       0.000       0.000
  N  C(3)        0.004       0.000       0.000
  O   N          0.000      69.634       0.000

 Subtotal:                             -18.742
 ---------------------------------------------- 

 NONAQUEOUS SOLVENT CONTRIBUTION (kcal/mol):
 (proportional to SASA, atomic number independent)
 ---------------------------------------------- 
 Subtotal:                               9.120
 ---------------------------------------------- 

 CDS TOTAL (kcal/mol):                  -0.124
...............................................................................
