----------------------------------------------- 
  Element       SASA      Sigma Z        Total  
     Z         Ang**2 cal/Ang**2/mol   kcal/mol 
----------------------------------------------- 
      H        210.789       0.000       0.000
      C         82.868     111.253       9.219
      N         41.868      46.223       1.935
      O         92.559     -63.418      -5.870

 Subtotal:     428.084                   5.285
 -----------------------------------------------

  Elements    COT*SASA   Sigma Z,Z'     Total   
    Z,Z'       Ang**2  cal/Ang**2/mol kcal/mol  
 ---------------------------------------------- 
  H   C        129.925     -51.536      -6.696
  H   O          7.581     -27.476      -0.208
  C   C         44.371     -87.925      -3.901
  O   C         43.600     -22.247      -0.970
  O   O          0.000    -112.781      -0.000
  C   N         16.607    -141.360      -2.348
  N   C         90.872       0.000       0.000
  N  C(3)        0.000       0.000       0.000
  O   N          0.000      69.634       0.000

 Subtotal:                             -14.123
 ---------------------------------------------- 

 NONAQUEOUS SOLVENT CONTRIBUTION (kcal/mol):
 (proportional to SASA, atomic number independent)
 ---------------------------------------------- 
 Subtotal:                               9.256
 ---------------------------------------------- 

 CDS TOTAL (kcal/mol):                   0.418
...............................................................................
