----------------------------------------------- 
  Element       SASA      Sigma Z        Total  
     Z         Ang**2 cal/Ang**2/mol   kcal/mol 
----------------------------------------------- 
      H        176.246       0.000       0.000
      C         99.483     111.253      11.068
      N         49.179      46.223       2.273
      O         86.706     -63.418      -5.499

 Subtotal:     411.615                   7.842
 -----------------------------------------------

  Elements    COT*SASA   Sigma Z,Z'     Total   
    Z,Z'       Ang**2  cal/Ang**2/mol kcal/mol  
 ---------------------------------------------- 
  H   C        111.029     -51.536      -5.722
  H   O          4.633     -27.476      -0.127
  C   C         59.273     -87.925      -5.212
  O   C         42.757     -22.247      -0.951
  O   O          0.000    -112.781      -0.000
  C   N         27.135    -141.360      -3.836
  N   C        103.188       0.000       0.000
  N  C(3)        0.213       0.000       0.000
  O   N          0.000      69.634       0.000

 Subtotal:                             -15.848
 ---------------------------------------------- 

 NONAQUEOUS SOLVENT CONTRIBUTION (kcal/mol):
 (proportional to SASA, atomic number independent)
 ---------------------------------------------- 
 Subtotal:                               8.900
 ---------------------------------------------- 

 CDS TOTAL (kcal/mol):                   0.895
...............................................................................
