----------------------------------------------- 
  Element       SASA      Sigma Z        Total  
     Z         Ang**2 cal/Ang**2/mol   kcal/mol 
----------------------------------------------- 
      H        171.294       0.000       0.000
      C         88.843     111.253       9.884
      N         39.704      46.223       1.835
      O         99.780     -63.418      -6.328

 Subtotal:     399.621                   5.392
 -----------------------------------------------

  Elements    COT*SASA   Sigma Z,Z'     Total   
    Z,Z'       Ang**2  cal/Ang**2/mol kcal/mol  
 ---------------------------------------------- 
  H   C        105.124     -51.536      -5.418
  H   O          0.000     -27.476      -0.000
  C   C         53.911     -87.925      -4.740
  O   C         59.124     -22.247      -1.315
  O   O          0.000    -112.781      -0.000
  C   N         22.825    -141.360      -3.226
  N   C         71.921       0.000       0.000
  N  C(3)        0.000       0.000       0.000
  O   N          0.000      69.634       0.000

 Subtotal:                             -14.700
 ---------------------------------------------- 

 NONAQUEOUS SOLVENT CONTRIBUTION (kcal/mol):
 (proportional to SASA, atomic number independent)
 ---------------------------------------------- 
 Subtotal:                               8.641
 ---------------------------------------------- 

 CDS TOTAL (kcal/mol):                  -0.667
...............................................................................
