----------------------------------------------- 
  Element       SASA      Sigma Z        Total  
     Z         Ang**2 cal/Ang**2/mol   kcal/mol 
----------------------------------------------- 
      H        174.972       0.000       0.000
      C         53.781     111.253       5.983
      N         18.749      46.223       0.867
      O         66.714     -63.418      -4.231

 Subtotal:     314.216                   2.619
 -----------------------------------------------

  Elements    COT*SASA   Sigma Z,Z'     Total   
    Z,Z'       Ang**2  cal/Ang**2/mol kcal/mol  
 ---------------------------------------------- 
  H   C         91.306     -51.536      -4.706
  H   O          4.730     -27.476      -0.130
  C   C         30.560     -87.925      -2.687
  O   C         23.661     -22.247      -0.526
  O   O          0.000    -112.781      -0.000
  C   N         13.578    -141.360      -1.919
  N   C         54.021       0.000       0.000
  N  C(3)        0.010       0.000       0.000
  O   N          0.000      69.634       0.000

 Subtotal:                              -9.968
 ---------------------------------------------- 

 NONAQUEOUS SOLVENT CONTRIBUTION (kcal/mol):
 (proportional to SASA, atomic number independent)
 ---------------------------------------------- 
 Subtotal:                               6.794
 ---------------------------------------------- 

 CDS TOTAL (kcal/mol):                  -0.555
...............................................................................
