----------------------------------------------- 
  Element       SASA      Sigma Z        Total  
     Z         Ang**2 cal/Ang**2/mol   kcal/mol 
----------------------------------------------- 
      H        185.342       0.000       0.000
      C         93.307     111.253      10.381
      N         41.276      46.223       1.908
      O        101.222     -63.418      -6.419

 Subtotal:     421.147                   5.869
 -----------------------------------------------

  Elements    COT*SASA   Sigma Z,Z'     Total   
    Z,Z'       Ang**2  cal/Ang**2/mol kcal/mol  
 ---------------------------------------------- 
  H   C        113.672     -51.536      -5.858
  H   O          0.000     -27.476      -0.000
  C   C         55.091     -87.925      -4.844
  O   C         45.495     -22.247      -1.012
  O   O          0.000    -112.781      -0.000
  C   N         22.643    -141.360      -3.201
  N   C         82.775       0.000       0.000
  N  C(3)        0.003       0.000       0.000
  O   N          0.000      69.634       0.000

 Subtotal:                             -14.915
 ---------------------------------------------- 

 NONAQUEOUS SOLVENT CONTRIBUTION (kcal/mol):
 (proportional to SASA, atomic number independent)
 ---------------------------------------------- 
 Subtotal:                               9.106
 ---------------------------------------------- 

 CDS TOTAL (kcal/mol):                   0.061
...............................................................................
