----------------------------------------------- 
  Element       SASA      Sigma Z        Total  
     Z         Ang**2 cal/Ang**2/mol   kcal/mol 
----------------------------------------------- 
      H        189.720       0.000       0.000
      C         96.225     111.253      10.705
      N         45.965      46.223       2.125
      O         87.751     -63.418      -5.565

 Subtotal:     419.661                   7.265
 -----------------------------------------------

  Elements    COT*SASA   Sigma Z,Z'     Total   
    Z,Z'       Ang**2  cal/Ang**2/mol kcal/mol  
 ---------------------------------------------- 
  H   C        116.853     -51.536      -6.022
  H   O          0.000     -27.476      -0.000
  C   C         57.030     -87.925      -5.014
  O   C         48.695     -22.247      -1.083
  O   O          0.000    -112.781      -0.000
  C   N         21.449    -141.360      -3.032
  N   C         86.047       0.000       0.000
  N  C(3)        0.000       0.000       0.000
  O   N          0.000      69.634       0.000

 Subtotal:                             -15.152
 ---------------------------------------------- 

 NONAQUEOUS SOLVENT CONTRIBUTION (kcal/mol):
 (proportional to SASA, atomic number independent)
 ---------------------------------------------- 
 Subtotal:                               9.074
 ---------------------------------------------- 

 CDS TOTAL (kcal/mol):                   1.187
...............................................................................
