----------------------------------------------- 
  Element       SASA      Sigma Z        Total  
     Z         Ang**2 cal/Ang**2/mol   kcal/mol 
----------------------------------------------- 
      H        230.668       0.000       0.000
      C        105.208     111.253      11.705
      N         16.101      46.223       0.744
      O         49.288     -63.418      -3.126
      F         24.354       0.000       0.000

 Subtotal:     425.619                   9.323
 -----------------------------------------------

  Elements    COT*SASA   Sigma Z,Z'     Total   
    Z,Z'       Ang**2  cal/Ang**2/mol kcal/mol  
 ---------------------------------------------- 
  H   C        127.888     -51.536      -6.591
  H   O          7.608     -27.476      -0.209
  C   C        102.653     -87.925      -9.026
  O   C         25.075     -22.247      -0.558
  O   O          0.000    -112.781      -0.000
  C   N         16.930    -141.360      -2.393
  N   C         67.405       0.000       0.000
  N  C(3)        0.000       0.000       0.000
  O   N          0.000      69.634       0.000

 Subtotal:                             -18.777
 ---------------------------------------------- 

 NONAQUEOUS SOLVENT CONTRIBUTION (kcal/mol):
 (proportional to SASA, atomic number independent)
 ---------------------------------------------- 
 Subtotal:                               9.203
 ---------------------------------------------- 

 CDS TOTAL (kcal/mol):                  -0.250
...............................................................................
