----------------------------------------------- 
  Element       SASA      Sigma Z        Total  
     Z         Ang**2 cal/Ang**2/mol   kcal/mol 
----------------------------------------------- 
      H        230.109       0.000       0.000
      C        101.946     111.253      11.342
      N         19.460      46.223       0.899
      O         48.378     -63.418      -3.068
      F         24.419       0.000       0.000

 Subtotal:     424.311                   9.173
 -----------------------------------------------

  Elements    COT*SASA   Sigma Z,Z'     Total   
    Z,Z'       Ang**2  cal/Ang**2/mol kcal/mol  
 ---------------------------------------------- 
  H   C        126.345     -51.536      -6.511
  H   O          8.677     -27.476      -0.238
  C   C        101.069     -87.925      -8.886
  O   C         19.275     -22.247      -0.429
  O   O          0.000    -112.781      -0.000
  C   N         19.225    -141.360      -2.718
  N   C         83.408       0.000       0.000
  N  C(3)        0.000       0.000       0.000
  O   N          0.000      69.634       0.000

 Subtotal:                             -18.783
 ---------------------------------------------- 

 NONAQUEOUS SOLVENT CONTRIBUTION (kcal/mol):
 (proportional to SASA, atomic number independent)
 ---------------------------------------------- 
 Subtotal:                               9.175
 ---------------------------------------------- 

 CDS TOTAL (kcal/mol):                  -0.435
...............................................................................
