----------------------------------------------- 
  Element       SASA      Sigma Z        Total  
     Z         Ang**2 cal/Ang**2/mol   kcal/mol 
----------------------------------------------- 
      H         65.810       0.000       0.000
      C         41.330     111.253       4.598
      N         31.226      46.223       1.443
      O         21.927     -63.418      -1.391
      Cl        38.355     -34.447      -1.321

 Subtotal:     198.649                   3.330
 -----------------------------------------------

  Elements    COT*SASA   Sigma Z,Z'     Total   
    Z,Z'       Ang**2  cal/Ang**2/mol kcal/mol  
 ---------------------------------------------- 
  H   C         44.381     -51.536      -2.287
  H   O          0.000     -27.476      -0.000
  C   C         20.116     -87.925      -1.769
  O   C         13.005     -22.247      -0.289
  O   O          0.000    -112.781      -0.000
  C   N          7.664    -141.360      -1.083
  N   C         39.513       0.000       0.000
  N  C(3)        0.016       0.000       0.000
  O   N          0.000      69.634       0.000

 Subtotal:                              -5.429
 ---------------------------------------------- 

 NONAQUEOUS SOLVENT CONTRIBUTION (kcal/mol):
 (proportional to SASA, atomic number independent)
 ---------------------------------------------- 
 Subtotal:                               4.295
 ---------------------------------------------- 

 CDS TOTAL (kcal/mol):                   2.196
...............................................................................
