----------------------------------------------- 
  Element       SASA      Sigma Z        Total  
     Z         Ang**2 cal/Ang**2/mol   kcal/mol 
----------------------------------------------- 
      H        174.827       0.000       0.000
      C         88.594     111.253       9.856
      N         47.969      46.223       2.217
      O        103.566     -63.418      -6.568

 Subtotal:     414.955                   5.506
 -----------------------------------------------

  Elements    COT*SASA   Sigma Z,Z'     Total   
    Z,Z'       Ang**2  cal/Ang**2/mol kcal/mol  
 ---------------------------------------------- 
  H   C        112.484     -51.536      -5.797
  H   O          3.866     -27.476      -0.106
  C   C         57.004     -87.925      -5.012
  O   C         44.786     -22.247      -0.996
  O   O          0.000    -112.781      -0.000
  C   N         26.152    -141.360      -3.697
  N   C         99.381       0.000       0.000
  N  C(3)        0.000       0.000       0.000
  O   N          0.000      69.634       0.000

 Subtotal:                             -15.608
 ---------------------------------------------- 

 NONAQUEOUS SOLVENT CONTRIBUTION (kcal/mol):
 (proportional to SASA, atomic number independent)
 ---------------------------------------------- 
 Subtotal:                               8.973
 ---------------------------------------------- 

 CDS TOTAL (kcal/mol):                  -1.130
...............................................................................
