----------------------------------------------- 
  Element       SASA      Sigma Z        Total  
     Z         Ang**2 cal/Ang**2/mol   kcal/mol 
----------------------------------------------- 
      H        129.829       0.000       0.000
      C         49.029     111.253       5.455
      N         10.757      46.223       0.497
      F         24.957       0.000       0.000

 Subtotal:     214.572                   5.952
 -----------------------------------------------

  Elements    COT*SASA   Sigma Z,Z'     Total   
    Z,Z'       Ang**2  cal/Ang**2/mol kcal/mol  
 ---------------------------------------------- 
  H   C         71.011     -51.536      -3.660
  C   C         58.024     -87.925      -5.102
  C   N          1.121    -141.360      -0.158
  N   C         33.548       0.000       0.000
  N  C(3)        0.000       0.000       0.000

 Subtotal:                              -8.920
 ---------------------------------------------- 

 NONAQUEOUS SOLVENT CONTRIBUTION (kcal/mol):
 (proportional to SASA, atomic number independent)
 ---------------------------------------------- 
 Subtotal:                               4.640
 ---------------------------------------------- 

 CDS TOTAL (kcal/mol):                   1.672
...............................................................................
