----------------------------------------------- 
  Element       SASA      Sigma Z        Total  
     Z         Ang**2 cal/Ang**2/mol   kcal/mol 
----------------------------------------------- 
      H        185.492       0.000       0.000
      C         96.126     111.253      10.694
      N         41.948      46.223       1.939
      O         96.900     -63.418      -6.145

 Subtotal:     420.467                   6.488
 -----------------------------------------------

  Elements    COT*SASA   Sigma Z,Z'     Total   
    Z,Z'       Ang**2  cal/Ang**2/mol kcal/mol  
 ---------------------------------------------- 
  H   C        115.075     -51.536      -5.931
  H   O          6.330     -27.476      -0.174
  C   C         58.098     -87.925      -5.108
  O   C         46.030     -22.247      -1.024
  O   O          0.000    -112.781      -0.000
  C   N         28.280    -141.360      -3.998
  N   C        131.442       0.000       0.000
  N  C(3)        0.027       0.000       0.000
  O   N          0.000      69.634       0.000

 Subtotal:                             -16.234
 ---------------------------------------------- 

 NONAQUEOUS SOLVENT CONTRIBUTION (kcal/mol):
 (proportional to SASA, atomic number independent)
 ---------------------------------------------- 
 Subtotal:                               9.092
 ---------------------------------------------- 

 CDS TOTAL (kcal/mol):                  -0.655
...............................................................................
