----------------------------------------------- 
  Element       SASA      Sigma Z        Total  
     Z         Ang**2 cal/Ang**2/mol   kcal/mol 
----------------------------------------------- 
      H        188.949       0.000       0.000
      C         78.701     111.253       8.756
      N         44.384      46.223       2.052
      O        103.141     -63.418      -6.541

 Subtotal:     415.175                   4.266
 -----------------------------------------------

  Elements    COT*SASA   Sigma Z,Z'     Total   
    Z,Z'       Ang**2  cal/Ang**2/mol kcal/mol  
 ---------------------------------------------- 
  H   C        115.996     -51.536      -5.978
  H   O          0.000     -27.476      -0.000
  C   C         45.481     -87.925      -3.999
  O   C         63.735     -22.247      -1.418
  O   O          0.000    -112.781      -0.000
  C   N         13.765    -141.360      -1.946
  N   C         93.626       0.000       0.000
  N  C(3)        0.441       0.000       0.000
  O   N          0.000      69.634       0.000

 Subtotal:                             -13.341
 ---------------------------------------------- 

 NONAQUEOUS SOLVENT CONTRIBUTION (kcal/mol):
 (proportional to SASA, atomic number independent)
 ---------------------------------------------- 
 Subtotal:                               8.977
 ---------------------------------------------- 

 CDS TOTAL (kcal/mol):                  -0.097
...............................................................................
