----------------------------------------------- 
  Element       SASA      Sigma Z        Total  
     Z         Ang**2 cal/Ang**2/mol   kcal/mol 
----------------------------------------------- 
      H        165.797       0.000       0.000
      C         56.644     111.253       6.302
      N         14.177      46.223       0.655
      O         68.355     -63.418      -4.335

 Subtotal:     304.972                   2.622
 -----------------------------------------------

  Elements    COT*SASA   Sigma Z,Z'     Total   
    Z,Z'       Ang**2  cal/Ang**2/mol kcal/mol  
 ---------------------------------------------- 
  H   C         84.692     -51.536      -4.365
  H   O          6.903     -27.476      -0.190
  C   C         36.990     -87.925      -3.252
  O   C         29.658     -22.247      -0.660
  O   O          0.000    -112.781      -0.000
  C   N          5.681    -141.360      -0.803
  N   C         53.542       0.000       0.000
  N  C(3)        0.000       0.000       0.000
  O   N          0.000      69.634       0.000

 Subtotal:                              -9.270
 ---------------------------------------------- 

 NONAQUEOUS SOLVENT CONTRIBUTION (kcal/mol):
 (proportional to SASA, atomic number independent)
 ---------------------------------------------- 
 Subtotal:                               6.594
 ---------------------------------------------- 

 CDS TOTAL (kcal/mol):                  -0.053
...............................................................................
