----------------------------------------------- 
  Element       SASA      Sigma Z        Total  
     Z         Ang**2 cal/Ang**2/mol   kcal/mol 
----------------------------------------------- 
      H        183.808       0.000       0.000
      C         99.400     111.253      11.059
      N         47.391      46.223       2.191
      O         84.981     -63.418      -5.389

 Subtotal:     415.581                   7.860
 -----------------------------------------------

  Elements    COT*SASA   Sigma Z,Z'     Total   
    Z,Z'       Ang**2  cal/Ang**2/mol kcal/mol  
 ---------------------------------------------- 
  H   C        116.158     -51.536      -5.986
  H   O          0.000     -27.476      -0.000
  C   C         59.085     -87.925      -5.195
  O   C         47.132     -22.247      -1.049
  O   O          0.000    -112.781      -0.000
  C   N         27.322    -141.360      -3.862
  N   C         94.148       0.000       0.000
  N  C(3)        0.000       0.000       0.000
  O   N          0.000      69.634       0.000

 Subtotal:                             -16.092
 ---------------------------------------------- 

 NONAQUEOUS SOLVENT CONTRIBUTION (kcal/mol):
 (proportional to SASA, atomic number independent)
 ---------------------------------------------- 
 Subtotal:                               8.986
 ---------------------------------------------- 

 CDS TOTAL (kcal/mol):                   0.754
...............................................................................
