----------------------------------------------- 
  Element       SASA      Sigma Z        Total  
     Z         Ang**2 cal/Ang**2/mol   kcal/mol 
----------------------------------------------- 
      H        105.497       0.000       0.000
      C         41.260     111.253       4.590
      N         29.674      46.223       1.372
      O         43.754     -63.418      -2.775

 Subtotal:     220.185                   3.187
 -----------------------------------------------

  Elements    COT*SASA   Sigma Z,Z'     Total   
    Z,Z'       Ang**2  cal/Ang**2/mol kcal/mol  
 ---------------------------------------------- 
  H   C         71.027     -51.536      -3.660
  H   O          0.000     -27.476      -0.000
  C   C         19.498     -87.925      -1.714
  O   C         16.923     -22.247      -0.376
  O   O          0.000    -112.781      -0.000
  C   N          6.541    -141.360      -0.925
  N   C         36.791       0.000       0.000
  N  C(3)        0.000       0.000       0.000
  O   N          0.000      69.634       0.000

 Subtotal:                              -6.676
 ---------------------------------------------- 

 NONAQUEOUS SOLVENT CONTRIBUTION (kcal/mol):
 (proportional to SASA, atomic number independent)
 ---------------------------------------------- 
 Subtotal:                               4.761
 ---------------------------------------------- 

 CDS TOTAL (kcal/mol):                   1.272
...............................................................................
