----------------------------------------------- 
  Element       SASA      Sigma Z        Total  
     Z         Ang**2 cal/Ang**2/mol   kcal/mol 
----------------------------------------------- 
      H        187.956       0.000       0.000
      C         84.041     111.253       9.350
      N         44.736      46.223       2.068
      O        100.628     -63.418      -6.382

 Subtotal:     417.362                   5.036
 -----------------------------------------------

  Elements    COT*SASA   Sigma Z,Z'     Total   
    Z,Z'       Ang**2  cal/Ang**2/mol kcal/mol  
 ---------------------------------------------- 
  H   C        112.542     -51.536      -5.800
  H   O          4.560     -27.476      -0.125
  C   C         54.076     -87.925      -4.755
  O   C         44.629     -22.247      -0.993
  O   O          0.000    -112.781      -0.000
  C   N         20.905    -141.360      -2.955
  N   C         82.215       0.000       0.000
  N  C(3)        0.000       0.000       0.000
  O   N          0.000      69.634       0.000

 Subtotal:                             -14.628
 ---------------------------------------------- 

 NONAQUEOUS SOLVENT CONTRIBUTION (kcal/mol):
 (proportional to SASA, atomic number independent)
 ---------------------------------------------- 
 Subtotal:                               9.025
 ---------------------------------------------- 

 CDS TOTAL (kcal/mol):                  -0.567
...............................................................................
