----------------------------------------------- 
  Element       SASA      Sigma Z        Total  
     Z         Ang**2 cal/Ang**2/mol   kcal/mol 
----------------------------------------------- 
      H        209.171       0.000       0.000
      C         89.468     111.253       9.954
      N         39.172      46.223       1.811
      O         93.596     -63.418      -5.936

 Subtotal:     431.407                   5.829
 -----------------------------------------------

  Elements    COT*SASA   Sigma Z,Z'     Total   
    Z,Z'       Ang**2  cal/Ang**2/mol kcal/mol  
 ---------------------------------------------- 
  H   C        131.318     -51.536      -6.768
  H   O          4.620     -27.476      -0.127
  C   C         54.047     -87.925      -4.752
  O   C         51.058     -22.247      -1.136
  O   O          0.000    -112.781      -0.000
  C   N         18.883    -141.360      -2.669
  N   C        100.929       0.000       0.000
  N  C(3)        0.000       0.000       0.000
  O   N          0.000      69.634       0.000

 Subtotal:                             -15.452
 ---------------------------------------------- 

 NONAQUEOUS SOLVENT CONTRIBUTION (kcal/mol):
 (proportional to SASA, atomic number independent)
 ---------------------------------------------- 
 Subtotal:                               9.328
 ---------------------------------------------- 

 CDS TOTAL (kcal/mol):                  -0.295
...............................................................................
