----------------------------------------------- 
  Element       SASA      Sigma Z        Total  
     Z         Ang**2 cal/Ang**2/mol   kcal/mol 
----------------------------------------------- 
      H        185.631       0.000       0.000
      C         97.125     111.253      10.806
      N         39.857      46.223       1.842
      O         79.779     -63.418      -5.059

 Subtotal:     402.393                   7.588
 -----------------------------------------------

  Elements    COT*SASA   Sigma Z,Z'     Total   
    Z,Z'       Ang**2  cal/Ang**2/mol kcal/mol  
 ---------------------------------------------- 
  H   C        117.919     -51.536      -6.077
  H   O          6.944     -27.476      -0.191
  C   C         54.221     -87.925      -4.767
  O   C         44.365     -22.247      -0.987
  O   O          0.000    -112.781      -0.000
  C   N         27.498    -141.360      -3.887
  N   C         75.914       0.000       0.000
  N  C(3)        0.000       0.000       0.000
  O   N          0.000      69.634       0.000

 Subtotal:                             -15.909
 ---------------------------------------------- 

 NONAQUEOUS SOLVENT CONTRIBUTION (kcal/mol):
 (proportional to SASA, atomic number independent)
 ---------------------------------------------- 
 Subtotal:                               8.701
 ---------------------------------------------- 

 CDS TOTAL (kcal/mol):                   0.380
...............................................................................
