----------------------------------------------- 
  Element       SASA      Sigma Z        Total  
     Z         Ang**2 cal/Ang**2/mol   kcal/mol 
----------------------------------------------- 
      H        183.481       0.000       0.000
      C         86.692     111.253       9.645
      N         42.621      46.223       1.970
      O         85.963     -63.418      -5.452

 Subtotal:     398.758                   6.163
 -----------------------------------------------

  Elements    COT*SASA   Sigma Z,Z'     Total   
    Z,Z'       Ang**2  cal/Ang**2/mol kcal/mol  
 ---------------------------------------------- 
  H   C        109.688     -51.536      -5.653
  H   O          7.086     -27.476      -0.195
  C   C         57.031     -87.925      -5.014
  O   C         46.807     -22.247      -1.041
  O   O          0.000    -112.781      -0.000
  C   N         20.659    -141.360      -2.920
  N   C        106.792       0.000       0.000
  N  C(3)        0.000       0.000       0.000
  O   N          0.000      69.634       0.000

 Subtotal:                             -14.824
 ---------------------------------------------- 

 NONAQUEOUS SOLVENT CONTRIBUTION (kcal/mol):
 (proportional to SASA, atomic number independent)
 ---------------------------------------------- 
 Subtotal:                               8.622
 ---------------------------------------------- 

 CDS TOTAL (kcal/mol):                  -0.038
...............................................................................
