----------------------------------------------- 
  Element       SASA      Sigma Z        Total  
     Z         Ang**2 cal/Ang**2/mol   kcal/mol 
----------------------------------------------- 
      H        169.199       0.000       0.000
      C         55.401     111.253       6.164
      N         17.073      46.223       0.789
      O         70.813     -63.418      -4.491

 Subtotal:     312.485                   2.462
 -----------------------------------------------

  Elements    COT*SASA   Sigma Z,Z'     Total   
    Z,Z'       Ang**2  cal/Ang**2/mol kcal/mol  
 ---------------------------------------------- 
  H   C         89.042     -51.536      -4.589
  H   O          4.533     -27.476      -0.125
  C   C         35.899     -87.925      -3.156
  O   C         26.079     -22.247      -0.580
  O   O          0.000    -112.781      -0.000
  C   N         14.854    -141.360      -2.100
  N   C         49.741       0.000       0.000
  N  C(3)        0.000       0.000       0.000
  O   N          0.000      69.634       0.000

 Subtotal:                             -10.550
 ---------------------------------------------- 

 NONAQUEOUS SOLVENT CONTRIBUTION (kcal/mol):
 (proportional to SASA, atomic number independent)
 ---------------------------------------------- 
 Subtotal:                               6.757
 ---------------------------------------------- 

 CDS TOTAL (kcal/mol):                  -1.331
...............................................................................
