----------------------------------------------- 
  Element       SASA      Sigma Z        Total  
     Z         Ang**2 cal/Ang**2/mol   kcal/mol 
----------------------------------------------- 
      H        182.644       0.000       0.000
      C         86.624     111.253       9.637
      N         49.887      46.223       2.306
      O         97.302     -63.418      -6.171

 Subtotal:     416.457                   5.772
 -----------------------------------------------

  Elements    COT*SASA   Sigma Z,Z'     Total   
    Z,Z'       Ang**2  cal/Ang**2/mol kcal/mol  
 ---------------------------------------------- 
  H   C        113.711     -51.536      -5.860
  H   O          6.168     -27.476      -0.169
  C   C         51.339     -87.925      -4.514
  O   C         43.608     -22.247      -0.970
  O   O          0.000    -112.781      -0.000
  C   N         24.579    -141.360      -3.475
  N   C        104.132       0.000       0.000
  N  C(3)        0.000       0.000       0.000
  O   N          0.000      69.634       0.000

 Subtotal:                             -14.988
 ---------------------------------------------- 

 NONAQUEOUS SOLVENT CONTRIBUTION (kcal/mol):
 (proportional to SASA, atomic number independent)
 ---------------------------------------------- 
 Subtotal:                               9.005
 ---------------------------------------------- 

 CDS TOTAL (kcal/mol):                  -0.211
...............................................................................
