----------------------------------------------- 
  Element       SASA      Sigma Z        Total  
     Z         Ang**2 cal/Ang**2/mol   kcal/mol 
----------------------------------------------- 
      H         72.026       0.000       0.000
      C         42.540     111.253       4.733
      N         17.577      46.223       0.812
      O         36.302     -63.418      -2.302
      Cl        38.016     -34.447      -1.310

 Subtotal:     206.461                   1.933
 -----------------------------------------------

  Elements    COT*SASA   Sigma Z,Z'     Total   
    Z,Z'       Ang**2  cal/Ang**2/mol kcal/mol  
 ---------------------------------------------- 
  H   C         48.554     -51.536      -2.502
  H   O          0.000     -27.476      -0.000
  C   C         20.362     -87.925      -1.790
  O   C         24.493     -22.247      -0.545
  O   O          0.000    -112.781      -0.000
  C   N         11.866    -141.360      -1.677
  N   C         36.635       0.000       0.000
  N  C(3)        0.000       0.000       0.000
  O   N          0.000      69.634       0.000

 Subtotal:                              -6.515
 ---------------------------------------------- 

 NONAQUEOUS SOLVENT CONTRIBUTION (kcal/mol):
 (proportional to SASA, atomic number independent)
 ---------------------------------------------- 
 Subtotal:                               4.464
 ---------------------------------------------- 

 CDS TOTAL (kcal/mol):                  -0.117
...............................................................................
