----------------------------------------------- 
  Element       SASA      Sigma Z        Total  
     Z         Ang**2 cal/Ang**2/mol   kcal/mol 
----------------------------------------------- 
      H        210.056       0.000       0.000
      C        100.435     111.253      11.174
      N         26.780      46.223       1.238
      O         95.730     -63.418      -6.071

 Subtotal:     433.001                   6.341
 -----------------------------------------------

  Elements    COT*SASA   Sigma Z,Z'     Total   
    Z,Z'       Ang**2  cal/Ang**2/mol kcal/mol  
 ---------------------------------------------- 
  H   C        131.878     -51.536      -6.796
  H   O          4.663     -27.476      -0.128
  C   C         54.913     -87.925      -4.828
  O   C         53.163     -22.247      -1.183
  O   O          0.000    -112.781      -0.000
  C   N         27.375    -141.360      -3.870
  N   C         75.947       0.000       0.000
  N  C(3)        0.000       0.000       0.000
  O   N          0.000      69.634       0.000

 Subtotal:                             -16.805
 ---------------------------------------------- 

 NONAQUEOUS SOLVENT CONTRIBUTION (kcal/mol):
 (proportional to SASA, atomic number independent)
 ---------------------------------------------- 
 Subtotal:                               9.363
 ---------------------------------------------- 

 CDS TOTAL (kcal/mol):                  -1.102
...............................................................................
