----------------------------------------------- 
  Element       SASA      Sigma Z        Total  
     Z         Ang**2 cal/Ang**2/mol   kcal/mol 
----------------------------------------------- 
      H        193.089       0.000       0.000
      C         93.771     111.253      10.432
      N         44.157      46.223       2.041
      O         91.771     -63.418      -5.820

 Subtotal:     422.789                   6.654
 -----------------------------------------------

  Elements    COT*SASA   Sigma Z,Z'     Total   
    Z,Z'       Ang**2  cal/Ang**2/mol kcal/mol  
 ---------------------------------------------- 
  H   C        114.449     -51.536      -5.898
  H   O          4.540     -27.476      -0.125
  C   C         55.679     -87.925      -4.896
  O   C         33.432     -22.247      -0.744
  O   O          0.000    -112.781      -0.000
  C   N         21.357    -141.360      -3.019
  N   C         81.247       0.000       0.000
  N  C(3)        0.000       0.000       0.000
  O   N          0.000      69.634       0.000

 Subtotal:                             -14.681
 ---------------------------------------------- 

 NONAQUEOUS SOLVENT CONTRIBUTION (kcal/mol):
 (proportional to SASA, atomic number independent)
 ---------------------------------------------- 
 Subtotal:                               9.142
 ---------------------------------------------- 

 CDS TOTAL (kcal/mol):                   1.114
...............................................................................
