----------------------------------------------- 
  Element       SASA      Sigma Z        Total  
     Z         Ang**2 cal/Ang**2/mol   kcal/mol 
----------------------------------------------- 
      H        195.176       0.000       0.000
      C         83.986     111.253       9.344
      N         43.472      46.223       2.009
      O         97.428     -63.418      -6.179

 Subtotal:     420.062                   5.174
 -----------------------------------------------

  Elements    COT*SASA   Sigma Z,Z'     Total   
    Z,Z'       Ang**2  cal/Ang**2/mol kcal/mol  
 ---------------------------------------------- 
  H   C        115.949     -51.536      -5.976
  H   O          4.591     -27.476      -0.126
  C   C         55.673     -87.925      -4.895
  O   C         45.863     -22.247      -1.020
  O   O          0.000    -112.781      -0.000
  C   N         16.164    -141.360      -2.285
  N   C        107.742       0.000       0.000
  N  C(3)        0.000       0.000       0.000
  O   N          0.000      69.634       0.000

 Subtotal:                             -14.302
 ---------------------------------------------- 

 NONAQUEOUS SOLVENT CONTRIBUTION (kcal/mol):
 (proportional to SASA, atomic number independent)
 ---------------------------------------------- 
 Subtotal:                               9.083
 ---------------------------------------------- 

 CDS TOTAL (kcal/mol):                  -0.044
...............................................................................
