----------------------------------------------- 
  Element       SASA      Sigma Z        Total  
     Z         Ang**2 cal/Ang**2/mol   kcal/mol 
----------------------------------------------- 
      H         72.915       0.000       0.000
      C         30.616     111.253       3.406
      N         30.618      46.223       1.415
      O         32.224     -63.418      -2.044
      Cl        37.126     -34.447      -1.279

 Subtotal:     203.499                   1.499
 -----------------------------------------------

  Elements    COT*SASA   Sigma Z,Z'     Total   
    Z,Z'       Ang**2  cal/Ang**2/mol kcal/mol  
 ---------------------------------------------- 
  H   C         49.140     -51.536      -2.533
  H   O          0.000     -27.476      -0.000
  C   C         19.191     -87.925      -1.687
  O   C         20.194     -22.247      -0.449
  O   O          0.000    -112.781      -0.000
  C   N          3.142    -141.360      -0.444
  N   C         62.018       0.000       0.000
  N  C(3)        0.000       0.000       0.000
  O   N          0.000      69.634       0.000

 Subtotal:                              -5.113
 ---------------------------------------------- 

 NONAQUEOUS SOLVENT CONTRIBUTION (kcal/mol):
 (proportional to SASA, atomic number independent)
 ---------------------------------------------- 
 Subtotal:                               4.400
 ---------------------------------------------- 

 CDS TOTAL (kcal/mol):                   0.786
...............................................................................
