----------------------------------------------- 
  Element       SASA      Sigma Z        Total  
     Z         Ang**2 cal/Ang**2/mol   kcal/mol 
----------------------------------------------- 
      H        182.579       0.000       0.000
      C         88.247     111.253       9.818
      N         38.716      46.223       1.790
      O        100.555     -63.418      -6.377

 Subtotal:     410.097                   5.230
 -----------------------------------------------

  Elements    COT*SASA   Sigma Z,Z'     Total   
    Z,Z'       Ang**2  cal/Ang**2/mol kcal/mol  
 ---------------------------------------------- 
  H   C        107.991     -51.536      -5.565
  H   O          6.924     -27.476      -0.190
  C   C         57.124     -87.925      -5.023
  O   C         50.024     -22.247      -1.113
  O   O          0.000    -112.781      -0.000
  C   N         16.426    -141.360      -2.322
  N   C         79.298       0.000       0.000
  N  C(3)        0.000       0.000       0.000
  O   N          0.000      69.634       0.000

 Subtotal:                             -14.213
 ---------------------------------------------- 

 NONAQUEOUS SOLVENT CONTRIBUTION (kcal/mol):
 (proportional to SASA, atomic number independent)
 ---------------------------------------------- 
 Subtotal:                               8.868
 ---------------------------------------------- 

 CDS TOTAL (kcal/mol):                  -0.115
...............................................................................
