----------------------------------------------- 
  Element       SASA      Sigma Z        Total  
     Z         Ang**2 cal/Ang**2/mol   kcal/mol 
----------------------------------------------- 
      H        198.064       0.000       0.000
      C         91.601     111.253      10.191
      N         37.741      46.223       1.744
      O         85.314     -63.418      -5.410

 Subtotal:     412.720                   6.525
 -----------------------------------------------

  Elements    COT*SASA   Sigma Z,Z'     Total   
    Z,Z'       Ang**2  cal/Ang**2/mol kcal/mol  
 ---------------------------------------------- 
  H   C        120.974     -51.536      -6.235
  H   O          7.181     -27.476      -0.197
  C   C         52.365     -87.925      -4.604
  O   C         47.795     -22.247      -1.063
  O   O          0.000    -112.781      -0.000
  C   N         22.826    -141.360      -3.227
  N   C         75.913       0.000       0.000
  N  C(3)        0.000       0.000       0.000
  O   N          0.000      69.634       0.000

 Subtotal:                             -15.326
 ---------------------------------------------- 

 NONAQUEOUS SOLVENT CONTRIBUTION (kcal/mol):
 (proportional to SASA, atomic number independent)
 ---------------------------------------------- 
 Subtotal:                               8.924
 ---------------------------------------------- 

 CDS TOTAL (kcal/mol):                   0.123
...............................................................................
