----------------------------------------------- 
  Element       SASA      Sigma Z        Total  
     Z         Ang**2 cal/Ang**2/mol   kcal/mol 
----------------------------------------------- 
      H        226.810       0.000       0.000
      C        120.660     111.253      13.424
      N         17.413      46.223       0.805
      O         33.967     -63.418      -2.154
      F         24.359       0.000       0.000

 Subtotal:     423.209                  12.075
 -----------------------------------------------

  Elements    COT*SASA   Sigma Z,Z'     Total   
    Z,Z'       Ang**2  cal/Ang**2/mol kcal/mol  
 ---------------------------------------------- 
  H   C        127.655     -51.536      -6.579
  H   O          4.949     -27.476      -0.136
  C   C        114.694     -87.925     -10.084
  O   C         16.129     -22.247      -0.359
  O   O          0.000    -112.781      -0.000
  C   N         23.604    -141.360      -3.337
  N   C         74.300       0.000       0.000
  N  C(3)        0.000       0.000       0.000
  O   N          0.000      69.634       0.000

 Subtotal:                             -20.495
 ---------------------------------------------- 

 NONAQUEOUS SOLVENT CONTRIBUTION (kcal/mol):
 (proportional to SASA, atomic number independent)
 ---------------------------------------------- 
 Subtotal:                               9.151
 ---------------------------------------------- 

 CDS TOTAL (kcal/mol):                   0.731
...............................................................................
