----------------------------------------------- 
  Element       SASA      Sigma Z        Total  
     Z         Ang**2 cal/Ang**2/mol   kcal/mol 
----------------------------------------------- 
      H        108.075       0.000       0.000
      C         52.006     111.253       5.786
      N         18.268      46.223       0.844
      O         47.941     -63.418      -3.040

 Subtotal:     226.290                   3.590
 -----------------------------------------------

  Elements    COT*SASA   Sigma Z,Z'     Total   
    Z,Z'       Ang**2  cal/Ang**2/mol kcal/mol  
 ---------------------------------------------- 
  H   C         72.721     -51.536      -3.748
  H   O          0.000     -27.476      -0.000
  C   C         21.322     -87.925      -1.875
  O   C         14.312     -22.247      -0.318
  O   O          0.000    -112.781      -0.000
  C   N         11.278    -141.360      -1.594
  N   C         35.710       0.000       0.000
  N  C(3)        0.000       0.000       0.000
  O   N          0.000      69.634       0.000

 Subtotal:                              -7.535
 ---------------------------------------------- 

 NONAQUEOUS SOLVENT CONTRIBUTION (kcal/mol):
 (proportional to SASA, atomic number independent)
 ---------------------------------------------- 
 Subtotal:                               4.893
 ---------------------------------------------- 

 CDS TOTAL (kcal/mol):                   0.948
...............................................................................
