----------------------------------------------- 
  Element       SASA      Sigma Z        Total  
     Z         Ang**2 cal/Ang**2/mol   kcal/mol 
----------------------------------------------- 
      H        225.005       0.000       0.000
      C        117.929     111.253      13.120
      N         17.856      46.223       0.825
      O         40.461     -63.418      -2.566
      F         24.334       0.000       0.000

 Subtotal:     425.585                  11.379
 -----------------------------------------------

  Elements    COT*SASA   Sigma Z,Z'     Total   
    Z,Z'       Ang**2  cal/Ang**2/mol kcal/mol  
 ---------------------------------------------- 
  H   C        125.777     -51.536      -6.482
  H   O          6.817     -27.476      -0.187
  C   C        113.522     -87.925      -9.981
  O   C         19.690     -22.247      -0.438
  O   O          0.000    -112.781      -0.000
  C   N         23.448    -141.360      -3.315
  N   C         73.553       0.000       0.000
  N  C(3)        0.000       0.000       0.000
  O   N          0.000      69.634       0.000

 Subtotal:                             -20.403
 ---------------------------------------------- 

 NONAQUEOUS SOLVENT CONTRIBUTION (kcal/mol):
 (proportional to SASA, atomic number independent)
 ---------------------------------------------- 
 Subtotal:                               9.202
 ---------------------------------------------- 

 CDS TOTAL (kcal/mol):                   0.178
...............................................................................
