----------------------------------------------- 
  Element       SASA      Sigma Z        Total  
     Z         Ang**2 cal/Ang**2/mol   kcal/mol 
----------------------------------------------- 
      H        181.694       0.000       0.000
      C         88.055     111.253       9.796
      N         34.800      46.223       1.609
      O        108.037     -63.418      -6.851

 Subtotal:     412.586                   4.553
 -----------------------------------------------

  Elements    COT*SASA   Sigma Z,Z'     Total   
    Z,Z'       Ang**2  cal/Ang**2/mol kcal/mol  
 ---------------------------------------------- 
  H   C        112.198     -51.536      -5.782
  H   O          0.000     -27.476      -0.000
  C   C         49.260     -87.925      -4.331
  O   C         57.191     -22.247      -1.272
  O   O          0.000    -112.781      -0.000
  C   N         24.662    -141.360      -3.486
  N   C         61.479       0.000       0.000
  N  C(3)        0.000       0.000       0.000
  O   N          0.000      69.634       0.000

 Subtotal:                             -14.872
 ---------------------------------------------- 

 NONAQUEOUS SOLVENT CONTRIBUTION (kcal/mol):
 (proportional to SASA, atomic number independent)
 ---------------------------------------------- 
 Subtotal:                               8.921
 ---------------------------------------------- 

 CDS TOTAL (kcal/mol):                  -1.397
...............................................................................
