----------------------------------------------- 
  Element       SASA      Sigma Z        Total  
     Z         Ang**2 cal/Ang**2/mol   kcal/mol 
----------------------------------------------- 
      H        189.077       0.000       0.000
      C         85.257     111.253       9.485
      N         42.758      46.223       1.976
      O        103.734     -63.418      -6.579

 Subtotal:     420.826                   4.883
 -----------------------------------------------

  Elements    COT*SASA   Sigma Z,Z'     Total   
    Z,Z'       Ang**2  cal/Ang**2/mol kcal/mol  
 ---------------------------------------------- 
  H   C        115.970     -51.536      -5.977
  H   O          0.000     -27.476      -0.000
  C   C         55.692     -87.925      -4.897
  O   C         60.320     -22.247      -1.342
  O   O          0.000    -112.781      -0.000
  C   N         17.018    -141.360      -2.406
  N   C        105.059       0.000       0.000
  N  C(3)        0.000       0.000       0.000
  O   N          0.000      69.634       0.000

 Subtotal:                             -14.621
 ---------------------------------------------- 

 NONAQUEOUS SOLVENT CONTRIBUTION (kcal/mol):
 (proportional to SASA, atomic number independent)
 ---------------------------------------------- 
 Subtotal:                               9.100
 ---------------------------------------------- 

 CDS TOTAL (kcal/mol):                  -0.639
...............................................................................
