----------------------------------------------- 
  Element       SASA      Sigma Z        Total  
     Z         Ang**2 cal/Ang**2/mol   kcal/mol 
----------------------------------------------- 
      H        178.820       0.000       0.000
      C         87.488     111.253       9.733
      N         44.603      46.223       2.062
      O        106.311     -63.418      -6.742

 Subtotal:     417.223                   5.053
 -----------------------------------------------

  Elements    COT*SASA   Sigma Z,Z'     Total   
    Z,Z'       Ang**2  cal/Ang**2/mol kcal/mol  
 ---------------------------------------------- 
  H   C        112.012     -51.536      -5.773
  H   O          0.000     -27.476      -0.000
  C   C         54.910     -87.925      -4.828
  O   C         54.478     -22.247      -1.212
  O   O          0.000    -112.781      -0.000
  C   N         25.627    -141.360      -3.623
  N   C         88.240       0.000       0.000
  N  C(3)        0.000       0.000       0.000
  O   N          0.000      69.634       0.000

 Subtotal:                             -15.435
 ---------------------------------------------- 

 NONAQUEOUS SOLVENT CONTRIBUTION (kcal/mol):
 (proportional to SASA, atomic number independent)
 ---------------------------------------------- 
 Subtotal:                               9.022
 ---------------------------------------------- 

 CDS TOTAL (kcal/mol):                  -1.361
...............................................................................
