----------------------------------------------- 
  Element       SASA      Sigma Z        Total  
     Z         Ang**2 cal/Ang**2/mol   kcal/mol 
----------------------------------------------- 
      H        185.124       0.000       0.000
      C         96.222     111.253      10.705
      N         49.900      46.223       2.306
      O         87.745     -63.418      -5.565

 Subtotal:     418.990                   7.447
 -----------------------------------------------

  Elements    COT*SASA   Sigma Z,Z'     Total   
    Z,Z'       Ang**2  cal/Ang**2/mol kcal/mol  
 ---------------------------------------------- 
  H   C        116.848     -51.536      -6.022
  H   O          5.034     -27.476      -0.138
  C   C         58.580     -87.925      -5.151
  O   C         42.748     -22.247      -0.951
  O   O          0.000    -112.781      -0.000
  C   N         24.047    -141.360      -3.399
  N   C        100.774       0.000       0.000
  N  C(3)        0.909       0.000       0.000
  O   N          0.000      69.634       0.000

 Subtotal:                             -15.661
 ---------------------------------------------- 

 NONAQUEOUS SOLVENT CONTRIBUTION (kcal/mol):
 (proportional to SASA, atomic number independent)
 ---------------------------------------------- 
 Subtotal:                               9.060
 ---------------------------------------------- 

 CDS TOTAL (kcal/mol):                   0.846
...............................................................................
