----------------------------------------------- 
  Element       SASA      Sigma Z        Total  
     Z         Ang**2 cal/Ang**2/mol   kcal/mol 
----------------------------------------------- 
      H        182.466       0.000       0.000
      C         88.930     111.253       9.894
      N         46.709      46.223       2.159
      O        100.690     -63.418      -6.386

 Subtotal:     418.795                   5.667
 -----------------------------------------------

  Elements    COT*SASA   Sigma Z,Z'     Total   
    Z,Z'       Ang**2  cal/Ang**2/mol kcal/mol  
 ---------------------------------------------- 
  H   C        115.761     -51.536      -5.966
  H   O          4.657     -27.476      -0.128
  C   C         58.470     -87.925      -5.141
  O   C         43.555     -22.247      -0.969
  O   O          0.000    -112.781      -0.000
  C   N         22.315    -141.360      -3.154
  N   C        117.984       0.000       0.000
  N  C(3)        0.012       0.000       0.000
  O   N          0.000      69.634       0.000

 Subtotal:                             -15.358
 ---------------------------------------------- 

 NONAQUEOUS SOLVENT CONTRIBUTION (kcal/mol):
 (proportional to SASA, atomic number independent)
 ---------------------------------------------- 
 Subtotal:                               9.056
 ---------------------------------------------- 

 CDS TOTAL (kcal/mol):                  -0.635
...............................................................................
