----------------------------------------------- 
  Element       SASA      Sigma Z        Total  
     Z         Ang**2 cal/Ang**2/mol   kcal/mol 
----------------------------------------------- 
      H        209.125       0.000       0.000
      C         93.037     111.253      10.351
      N         40.204      46.223       1.858
      O         89.555     -63.418      -5.679

 Subtotal:     431.921                   6.530
 -----------------------------------------------

  Elements    COT*SASA   Sigma Z,Z'     Total   
    Z,Z'       Ang**2  cal/Ang**2/mol kcal/mol  
 ---------------------------------------------- 
  H   C        130.169     -51.536      -6.708
  H   O          6.946     -27.476      -0.191
  C   C         56.868     -87.925      -5.000
  O   C         49.034     -22.247      -1.091
  O   O          0.000    -112.781      -0.000
  C   N         22.634    -141.360      -3.200
  N   C        105.196       0.000       0.000
  N  C(3)        0.000       0.000       0.000
  O   N          0.000      69.634       0.000

 Subtotal:                             -16.190
 ---------------------------------------------- 

 NONAQUEOUS SOLVENT CONTRIBUTION (kcal/mol):
 (proportional to SASA, atomic number independent)
 ---------------------------------------------- 
 Subtotal:                               9.339
 ---------------------------------------------- 

 CDS TOTAL (kcal/mol):                  -0.321
...............................................................................
