----------------------------------------------- 
  Element       SASA      Sigma Z        Total  
     Z         Ang**2 cal/Ang**2/mol   kcal/mol 
----------------------------------------------- 
      H        179.117       0.000       0.000
      C         96.778     111.253      10.767
      N         32.796      46.223       1.516
      O        108.949     -63.418      -6.909

 Subtotal:     417.641                   5.373
 -----------------------------------------------

  Elements    COT*SASA   Sigma Z,Z'     Total   
    Z,Z'       Ang**2  cal/Ang**2/mol kcal/mol  
 ---------------------------------------------- 
  H   C        115.461     -51.536      -5.950
  H   O          0.932     -27.476      -0.026
  C   C         58.075     -87.925      -5.106
  O   C         50.734     -22.247      -1.129
  O   O          0.000    -112.781      -0.000
  C   N         29.697    -141.360      -4.198
  N   C         97.125       0.000       0.000
  N  C(3)        0.000       0.000       0.000
  O   N          0.000      69.634       0.000

 Subtotal:                             -16.409
 ---------------------------------------------- 

 NONAQUEOUS SOLVENT CONTRIBUTION (kcal/mol):
 (proportional to SASA, atomic number independent)
 ---------------------------------------------- 
 Subtotal:                               9.031
 ---------------------------------------------- 

 CDS TOTAL (kcal/mol):                  -2.005
...............................................................................
