----------------------------------------------- 
  Element       SASA      Sigma Z        Total  
     Z         Ang**2 cal/Ang**2/mol   kcal/mol 
----------------------------------------------- 
      H        182.141       0.000       0.000
      C         87.573     111.253       9.743
      N         45.589      46.223       2.107
      O        103.159     -63.418      -6.542

 Subtotal:     418.462                   5.308
 -----------------------------------------------

  Elements    COT*SASA   Sigma Z,Z'     Total   
    Z,Z'       Ang**2  cal/Ang**2/mol kcal/mol  
 ---------------------------------------------- 
  H   C        115.517     -51.536      -5.953
  H   O          0.000     -27.476      -0.000
  C   C         57.895     -87.925      -5.090
  O   C         50.978     -22.247      -1.134
  O   O          0.000    -112.781      -0.000
  C   N         23.204    -141.360      -3.280
  N   C        117.367       0.000       0.000
  N  C(3)        0.000       0.000       0.000
  O   N          0.000      69.634       0.000

 Subtotal:                             -15.458
 ---------------------------------------------- 

 NONAQUEOUS SOLVENT CONTRIBUTION (kcal/mol):
 (proportional to SASA, atomic number independent)
 ---------------------------------------------- 
 Subtotal:                               9.048
 ---------------------------------------------- 

 CDS TOTAL (kcal/mol):                  -1.102
...............................................................................
