----------------------------------------------- 
  Element       SASA      Sigma Z        Total  
     Z         Ang**2 cal/Ang**2/mol   kcal/mol 
----------------------------------------------- 
      H        189.973       0.000       0.000
      C         96.449     111.253      10.730
      N         48.110      46.223       2.224
      O         87.119     -63.418      -5.525

 Subtotal:     421.650                   7.429
 -----------------------------------------------

  Elements    COT*SASA   Sigma Z,Z'     Total   
    Z,Z'       Ang**2  cal/Ang**2/mol kcal/mol  
 ---------------------------------------------- 
  H   C        118.173     -51.536      -6.090
  H   O          4.685     -27.476      -0.129
  C   C         57.189     -87.925      -5.028
  O   C         42.961     -22.247      -0.956
  O   O          0.000    -112.781      -0.000
  C   N         21.299    -141.360      -3.011
  N   C         95.014       0.000       0.000
  N  C(3)        0.000       0.000       0.000
  O   N          0.000      69.634       0.000

 Subtotal:                             -15.214
 ---------------------------------------------- 

 NONAQUEOUS SOLVENT CONTRIBUTION (kcal/mol):
 (proportional to SASA, atomic number independent)
 ---------------------------------------------- 
 Subtotal:                               9.117
 ---------------------------------------------- 

 CDS TOTAL (kcal/mol):                   1.333
...............................................................................
