----------------------------------------------- 
  Element       SASA      Sigma Z        Total  
     Z         Ang**2 cal/Ang**2/mol   kcal/mol 
----------------------------------------------- 
      H         72.562       0.000       0.000
      C         39.801     111.253       4.428
      N         20.891      46.223       0.966
      O         35.650     -63.418      -2.261
      Cl        39.042     -34.447      -1.345

 Subtotal:     207.946                   1.788
 -----------------------------------------------

  Elements    COT*SASA   Sigma Z,Z'     Total   
    Z,Z'       Ang**2  cal/Ang**2/mol kcal/mol  
 ---------------------------------------------- 
  H   C         48.904     -51.536      -2.520
  H   O          0.000     -27.476      -0.000
  C   C         20.161     -87.925      -1.773
  O   C         18.204     -22.247      -0.405
  O   O          0.000    -112.781      -0.000
  C   N          9.652    -141.360      -1.364
  N   C         57.748       0.000       0.000
  N  C(3)        0.131       0.000       0.000
  O   N          0.000      69.634       0.000

 Subtotal:                              -6.062
 ---------------------------------------------- 

 NONAQUEOUS SOLVENT CONTRIBUTION (kcal/mol):
 (proportional to SASA, atomic number independent)
 ---------------------------------------------- 
 Subtotal:                               4.496
 ---------------------------------------------- 

 CDS TOTAL (kcal/mol):                   0.222
...............................................................................
