----------------------------------------------- 
  Element       SASA      Sigma Z        Total  
     Z         Ang**2 cal/Ang**2/mol   kcal/mol 
----------------------------------------------- 
      H        202.223       0.000       0.000
      C         87.038     111.253       9.683
      N         41.872      46.223       1.935
      O         90.384     -63.418      -5.732

 Subtotal:     421.517                   5.887
 -----------------------------------------------

  Elements    COT*SASA   Sigma Z,Z'     Total   
    Z,Z'       Ang**2  cal/Ang**2/mol kcal/mol  
 ---------------------------------------------- 
  H   C        127.313     -51.536      -6.561
  H   O          4.025     -27.476      -0.111
  C   C         46.544     -87.925      -4.092
  O   C         38.434     -22.247      -0.855
  O   O          0.000    -112.781      -0.000
  C   N         21.126    -141.360      -2.986
  N   C         77.572       0.000       0.000
  N  C(3)        0.000       0.000       0.000
  O   N          0.000      69.634       0.000

 Subtotal:                             -14.606
 ---------------------------------------------- 

 NONAQUEOUS SOLVENT CONTRIBUTION (kcal/mol):
 (proportional to SASA, atomic number independent)
 ---------------------------------------------- 
 Subtotal:                               9.114
 ---------------------------------------------- 

 CDS TOTAL (kcal/mol):                   0.396
...............................................................................
