----------------------------------------------- 
  Element       SASA      Sigma Z        Total  
     Z         Ang**2 cal/Ang**2/mol   kcal/mol 
----------------------------------------------- 
      H        127.376       0.000       0.000
      C         53.049     111.253       5.902
      N         11.644      46.223       0.538
      F         21.851       0.000       0.000

 Subtotal:     213.920                   6.440
 -----------------------------------------------

  Elements    COT*SASA   Sigma Z,Z'     Total   
    Z,Z'       Ang**2  cal/Ang**2/mol kcal/mol  
 ---------------------------------------------- 
  H   C         70.136     -51.536      -3.615
  C   C         65.234     -87.925      -5.736
  C   N          1.752    -141.360      -0.248
  N   C         38.254       0.000       0.000
  N  C(3)        0.000       0.000       0.000

 Subtotal:                              -9.598
 ---------------------------------------------- 

 NONAQUEOUS SOLVENT CONTRIBUTION (kcal/mol):
 (proportional to SASA, atomic number independent)
 ---------------------------------------------- 
 Subtotal:                               4.626
 ---------------------------------------------- 

 CDS TOTAL (kcal/mol):                   1.468
...............................................................................
