----------------------------------------------- 
  Element       SASA      Sigma Z        Total  
     Z         Ang**2 cal/Ang**2/mol   kcal/mol 
----------------------------------------------- 
      H        184.238       0.000       0.000
      C         69.203     111.253       7.699
      N         38.759      46.223       1.792
      O         92.822     -63.418      -5.887

 Subtotal:     385.021                   3.604
 -----------------------------------------------

  Elements    COT*SASA   Sigma Z,Z'     Total   
    Z,Z'       Ang**2  cal/Ang**2/mol kcal/mol  
 ---------------------------------------------- 
  H   C        106.902     -51.536      -5.509
  H   O          6.887     -27.476      -0.189
  C   C         38.850     -87.925      -3.416
  O   C         54.465     -22.247      -1.212
  O   O          0.000    -112.781      -0.000
  C   N         11.559    -141.360      -1.634
  N   C         90.729       0.000       0.000
  N  C(3)        0.261       0.000       0.000
  O   N          0.000      69.634       0.000

 Subtotal:                             -11.960
 ---------------------------------------------- 

 NONAQUEOUS SOLVENT CONTRIBUTION (kcal/mol):
 (proportional to SASA, atomic number independent)
 ---------------------------------------------- 
 Subtotal:                               8.325
 ---------------------------------------------- 

 CDS TOTAL (kcal/mol):                  -0.031
...............................................................................
