----------------------------------------------- 
  Element       SASA      Sigma Z        Total  
     Z         Ang**2 cal/Ang**2/mol   kcal/mol 
----------------------------------------------- 
      H        109.786       0.000       0.000
      C         49.542     111.253       5.512
      N         20.809      46.223       0.962
      O         45.847     -63.418      -2.907

 Subtotal:     225.984                   3.566
 -----------------------------------------------

  Elements    COT*SASA   Sigma Z,Z'     Total   
    Z,Z'       Ang**2  cal/Ang**2/mol kcal/mol  
 ---------------------------------------------- 
  H   C         73.896     -51.536      -3.808
  H   O          0.000     -27.476      -0.000
  C   C         19.951     -87.925      -1.754
  O   C         15.940     -22.247      -0.355
  O   O          0.000    -112.781      -0.000
  C   N          9.597    -141.360      -1.357
  N   C         56.686       0.000       0.000
  N  C(3)        0.054       0.000       0.000
  O   N          0.000      69.634       0.000

 Subtotal:                              -7.274
 ---------------------------------------------- 

 NONAQUEOUS SOLVENT CONTRIBUTION (kcal/mol):
 (proportional to SASA, atomic number independent)
 ---------------------------------------------- 
 Subtotal:                               4.886
 ---------------------------------------------- 

 CDS TOTAL (kcal/mol):                   1.179
...............................................................................
