----------------------------------------------- 
  Element       SASA      Sigma Z        Total  
     Z         Ang**2 cal/Ang**2/mol   kcal/mol 
----------------------------------------------- 
      H        181.500       0.000       0.000
      C         89.397     111.253       9.946
      N         48.973      46.223       2.264
      O         97.887     -63.418      -6.208

 Subtotal:     417.757                   6.002
 -----------------------------------------------

  Elements    COT*SASA   Sigma Z,Z'     Total   
    Z,Z'       Ang**2  cal/Ang**2/mol kcal/mol  
 ---------------------------------------------- 
  H   C        114.403     -51.536      -5.896
  H   O          4.595     -27.476      -0.126
  C   C         58.478     -87.925      -5.142
  O   C         52.418     -22.247      -1.166
  O   O          0.000    -112.781      -0.000
  C   N         22.810    -141.360      -3.224
  N   C        127.810       0.000       0.000
  N  C(3)        0.000       0.000       0.000
  O   N          0.000      69.634       0.000

 Subtotal:                             -15.554
 ---------------------------------------------- 

 NONAQUEOUS SOLVENT CONTRIBUTION (kcal/mol):
 (proportional to SASA, atomic number independent)
 ---------------------------------------------- 
 Subtotal:                               9.033
 ---------------------------------------------- 

 CDS TOTAL (kcal/mol):                  -0.520
...............................................................................
