----------------------------------------------- 
  Element       SASA      Sigma Z        Total  
     Z         Ang**2 cal/Ang**2/mol   kcal/mol 
----------------------------------------------- 
      H        181.682       0.000       0.000
      C         96.401     111.253      10.725
      N         51.728      46.223       2.391
      O         87.329     -63.418      -5.538

 Subtotal:     417.140                   7.578
 -----------------------------------------------

  Elements    COT*SASA   Sigma Z,Z'     Total   
    Z,Z'       Ang**2  cal/Ang**2/mol kcal/mol  
 ---------------------------------------------- 
  H   C        112.467     -51.536      -5.796
  H   O          6.782     -27.476      -0.186
  C   C         58.247     -87.925      -5.121
  O   C         46.637     -22.247      -1.038
  O   O          0.000    -112.781      -0.000
  C   N         26.504    -141.360      -3.747
  N   C        112.975       0.000       0.000
  N  C(3)        0.000       0.000       0.000
  O   N          0.000      69.634       0.000

 Subtotal:                             -15.888
 ---------------------------------------------- 

 NONAQUEOUS SOLVENT CONTRIBUTION (kcal/mol):
 (proportional to SASA, atomic number independent)
 ---------------------------------------------- 
 Subtotal:                               9.020
 ---------------------------------------------- 

 CDS TOTAL (kcal/mol):                   0.710
...............................................................................
