submitit INFO (2023-06-21 17:03:27,413) - Starting with JobEnvironment(job_id=40895853, hostname=node317.cluster, local_rank=0(1), node=0(1), global_rank=0(1))
submitit INFO (2023-06-21 17:03:27,414) - Loading pickle: /lustre/hpc/kemi/ree/PhD/git/ReactivityQM/submitit_results/R02methylcation/40895853_submitted.pkl
WARNING! Input/output mismatch for R02methylcation_reac01prodE08_conf10_gfn1.xyz
WARNING! Input/output mismatch for R02methylcation_reac01prodE08_conf19_gfn1.xyz
WARNING! Input/output mismatch for R02methylcation_reac01prodE08_conf20_gfn1.xyz
WARNING! Input/output mismatch for R02methylcation_reac01prodE08_conf06_gfn1.xyz
WARNING! Input/output mismatch for R02methylcation_reac01prodE08_conf12_gfn1.xyz
WARNING! Input/output mismatch for R02methylcation_reac01prodE08_conf13_gfn1.xyz
WARNING! Input/output mismatch for R02methylcation_reac01prodE08_conf02_gfn1.xyz
WARNING! Input/output mismatch for R02methylcation_reac01prodE08_conf14_gfn1.xyz
WARNING! Input/output mismatch for R02methylcation_reac01prodE08_conf11_gfn1.xyz
WARNING! Input/output mismatch for R02methylcation_reac01prodE08_conf07_gfn1.xyz
WARNING! Input/output mismatch for R02methylcation_reac01prodE10_conf07_gfn1.xyz
WARNING! Input/output mismatch for R02methylcation_reac01prodE12_conf07_gfn1.xyz
WARNING! Input/output mismatch for R02methylcation_reac01prodE12_conf20_gfn1.xyz
WARNING! Input/output mismatch for R02methylcation_reac01prodE12_conf10_gfn1.xyz
WARNING! Input/output mismatch for R02methylcation_reac01prodE12_conf05_gfn1.xyz
WARNING! Input/output mismatch for R02methylcation_reac01prodE12_conf12_gfn1.xyz
WARNING! Input/output mismatch for R02methylcation_reac01prodE12_conf18_gfn1.xyz
WARNING! Input/output mismatch for R02methylcation_reac01prodN09_conf12_gfn1.xyz
WARNING! Input/output mismatch for R02methylcation_reac01prodN09_conf09_gfn1.xyz
WARNING! Input/output mismatch for R02methylcation_reac01prodN09_conf07_gfn1.xyz
WARNING! Input/output mismatch for R02methylcation_reac01prodN09_conf11_gfn1.xyz
WARNING! Input/output mismatch for R02methylcation_reac01prodN09_conf04_gfn1.xyz
WARNING! Input/output mismatch for R02methylcation_reac01prodN09_conf18_gfn1.xyz
WARNING! Input/output mismatch for R02methylcation_reac01prodN09_conf02_gfn1.xyz
WARNING! Input/output mismatch for R02methylcation_reac01prodN09_conf03_gfn1.xyz
WARNING! Input/output mismatch for R02methylcation_reac01prodN09_conf05_gfn1.xyz
WARNING! Input/output mismatch for R02methylcation_reac01prodN11_conf06_gfn1.xyz
WARNING! Input/output mismatch for R02methylcation_reac01prodN14_conf17_gfn1.xyz
WARNING! Input/output mismatch for R02methylcation_reac01prodN14_conf02_gfn1.xyz
WARNING! Input/output mismatch for R02methylcation_reac01prodN14_conf09_gfn1.xyz
WARNING! Input/output mismatch for R02methylcation_reac01prodN14_conf15_gfn1.xyz
WARNING! Input/output mismatch for R02methylcation_reac01prodN14_conf20_gfn1.xyz
WARNING! Input/output mismatch for R02methylcation_reac01prodN14_conf12_gfn1.xyz
WARNING! Input/output mismatch for R02methylcation_reac01prodN14_conf07_gfn1.xyz
WARNING! Input/output mismatch for R02methylcation_reac01prodN14_conf10_gfn1.xyz
WARNING! Input/output mismatch for R02methylcation_reac01prodN14_conf18_gfn1.xyz
WARNING! Input/output mismatch for R02methylcation_reac01prodN14_conf04_gfn1.xyz
WARNING! Input/output mismatch for R02methylcation_reac01prodN14_conf05_gfn1.xyz
WARNING! Input/output mismatch for R02methylcation_reac01prodN14_conf08_gfn1.xyz
WARNING! Input/output mismatch for R02methylcation_reac01prodN15_conf08_gfn1.xyz
WARNING! Input/output mismatch for R02methylcation_reac01prodN15_conf02_gfn1.xyz
WARNING! Input/output mismatch for R02methylcation_reac01prodN15_conf11_gfn1.xyz
WARNING! Input/output mismatch for R02methylcation_reac01prodN15_conf12_gfn1.xyz
WARNING! Input/output mismatch for R02methylcation_reac01prodN15_conf18_gfn1.xyz
WARNING! Input/output mismatch for R02methylcation_reac01prodN15_conf20_gfn1.xyz
WARNING! Input/output mismatch for R02methylcation_reac01prodN15_conf03_gfn1.xyz
WARNING! Input/output mismatch for R02methylcation_reac01prodN15_conf15_gfn1.xyz
WARNING! Input/output mismatch for R02methylcation_reac01prodN15_conf16_gfn1.xyz
WARNING! Input/output mismatch for R02methylcation_reac01prodN15_conf13_gfn1.xyz
WARNING! Input/output mismatch for R02methylcation_reac01prodN15_conf19_gfn1.xyz
WARNING! Input/output mismatch for R02methylcation_reac01prodN15_conf07_gfn1.xyz
WARNING! Input/output mismatch for R02methylcation_reac01prodN17_conf12_gfn1.xyz
WARNING! Input/output mismatch for R02methylcation_reac01prodN17_conf07_gfn1.xyz
WARNING! Input/output mismatch for R02methylcation_reac01prodN17_conf03_gfn1.xyz
WARNING! Input/output mismatch for R02methylcation_reac01prodN17_conf06_gfn1.xyz
WARNING! Input/output mismatch for R02methylcation_reac01prodN17_conf20_gfn1.xyz
Reactant - #1
Electrophilic sites: 
 ['Amide', 'Ester', 'double_bond', 'double_bond', 'double_bond', 'double_bond', 'double_bond', 'double_bond', 'double_bond', 'double_bond', 'double_bond', 'double_bond', 'double_bond', 'double_bond'] 
 [11, 2, 3, 4, 5, 6, 12, 13, 14, 15, 16, 20, 21, 22] 
 [151.69027864839882, 81.85466547403485, -108.51167744910344, 35.00913169281557, -45.92565947864205, 50.7015283619985, 13.494172277394682, 204.5740199824795, 71.3663840549998, -17.133085758425295, 206.8781407061033, 143.14423887431622, -77.09013309376314, 53.043836313765496]
Nucleophilic sites: 
 ['Ether', 'Amide', 'Enolate', 'Ester', 'Pyridine_like_nitrogen', 'Pyridine_like_nitrogen', 'Pyridine_like_nitrogen', 'anion_with_charge_minus1', 'double_bond', 'double_bond', 'double_bond', 'double_bond', 'double_bond', 'double_bond', 'double_bond', 'atom_with_lone_pair', 'atom_with_lone_pair', 'atom_with_lone_pair', 'atom_with_lone_pair'] 
 [18, 12, 4, 3, 5, 14, 15, 23, 2, 6, 11, 13, 16, 20, 22, 1, 10, 19, 21] 
 [174.4965923661366, 335.8089933251031, 477.8491527782753, 381.4468508013524, 424.9274879498407, 409.48153163073584, 418.37514751031995, 436.3064808915369, 465.47093441616744, 415.27682011341676, 218.0573790431954, 317.9107308895327, 280.7743059117347, 348.9776168833487, 419.48795784730464, 332.7859203070402, 439.35481460858136, 309.5160429114476, 388.73425857629627]
Reactant - #2
Electrophilic sites: 
 [] 
 [] 
 []
Nucleophilic sites: 
 [] 
 [] 
 []
submitit INFO (2023-06-21 18:05:13,450) - Job completed successfully
