----------------------------------------------- 
  Element       SASA      Sigma Z        Total  
     Z         Ang**2 cal/Ang**2/mol   kcal/mol 
----------------------------------------------- 
      H        186.310       0.000       0.000
      C         92.336     111.253      10.273
      N         42.460      46.223       1.963
      O         90.795     -63.418      -5.758

 Subtotal:     411.900                   6.477
 -----------------------------------------------

  Elements    COT*SASA   Sigma Z,Z'     Total   
    Z,Z'       Ang**2  cal/Ang**2/mol kcal/mol  
 ---------------------------------------------- 
  H   C        109.268     -51.536      -5.631
  H   O          5.293     -27.476      -0.145
  C   C         55.751     -87.925      -4.902
  O   C         51.341     -22.247      -1.142
  O   O          0.000    -112.781      -0.000
  C   N         20.601    -141.360      -2.912
  N   C         76.096       0.000       0.000
  N  C(3)        0.000       0.000       0.000
  O   N          0.000      69.634       0.000

 Subtotal:                             -14.733
 ---------------------------------------------- 

 NONAQUEOUS SOLVENT CONTRIBUTION (kcal/mol):
 (proportional to SASA, atomic number independent)
 ---------------------------------------------- 
 Subtotal:                               8.907
 ---------------------------------------------- 

 CDS TOTAL (kcal/mol):                   0.651
...............................................................................
