----------------------------------------------- 
  Element       SASA      Sigma Z        Total  
     Z         Ang**2 cal/Ang**2/mol   kcal/mol 
----------------------------------------------- 
      H        185.407       0.000       0.000
      C         95.065     111.253      10.576
      N         46.484      46.223       2.149
      O         85.617     -63.418      -5.430

 Subtotal:     412.573                   7.295
 -----------------------------------------------

  Elements    COT*SASA   Sigma Z,Z'     Total   
    Z,Z'       Ang**2  cal/Ang**2/mol kcal/mol  
 ---------------------------------------------- 
  H   C        112.611     -51.536      -5.804
  H   O          4.572     -27.476      -0.126
  C   C         62.401     -87.925      -5.487
  O   C         43.176     -22.247      -0.961
  O   O          0.000    -112.781      -0.000
  C   N         24.879    -141.360      -3.517
  N   C         94.219       0.000       0.000
  N  C(3)        0.000       0.000       0.000
  O   N          0.000      69.634       0.000

 Subtotal:                             -15.893
 ---------------------------------------------- 

 NONAQUEOUS SOLVENT CONTRIBUTION (kcal/mol):
 (proportional to SASA, atomic number independent)
 ---------------------------------------------- 
 Subtotal:                               8.921
 ---------------------------------------------- 

 CDS TOTAL (kcal/mol):                   0.323
...............................................................................
