----------------------------------------------- 
  Element       SASA      Sigma Z        Total  
     Z         Ang**2 cal/Ang**2/mol   kcal/mol 
----------------------------------------------- 
      H        173.926       0.000       0.000
      C         89.396     111.253       9.946
      N         41.672      46.223       1.926
      O        104.523     -63.418      -6.629

 Subtotal:     409.517                   5.243
 -----------------------------------------------

  Elements    COT*SASA   Sigma Z,Z'     Total   
    Z,Z'       Ang**2  cal/Ang**2/mol kcal/mol  
 ---------------------------------------------- 
  H   C        109.655     -51.536      -5.651
  H   O          4.597     -27.476      -0.126
  C   C         58.179     -87.925      -5.115
  O   C         47.906     -22.247      -1.066
  O   O          0.000    -112.781      -0.000
  C   N         16.998    -141.360      -2.403
  N   C         93.372       0.000       0.000
  N  C(3)        0.000       0.000       0.000
  O   N          0.000      69.634       0.000

 Subtotal:                             -14.361
 ---------------------------------------------- 

 NONAQUEOUS SOLVENT CONTRIBUTION (kcal/mol):
 (proportional to SASA, atomic number independent)
 ---------------------------------------------- 
 Subtotal:                               8.855
 ---------------------------------------------- 

 CDS TOTAL (kcal/mol):                  -0.263
...............................................................................
