----------------------------------------------- 
  Element       SASA      Sigma Z        Total  
     Z         Ang**2 cal/Ang**2/mol   kcal/mol 
----------------------------------------------- 
      H        209.069       0.000       0.000
      C        102.085     111.253      11.357
      N         27.224      46.223       1.258
      O         92.006     -63.418      -5.835

 Subtotal:     430.384                   6.781
 -----------------------------------------------

  Elements    COT*SASA   Sigma Z,Z'     Total   
    Z,Z'       Ang**2  cal/Ang**2/mol kcal/mol  
 ---------------------------------------------- 
  H   C        131.172     -51.536      -6.760
  H   O          4.657     -27.476      -0.128
  C   C         55.693     -87.925      -4.897
  O   C         50.838     -22.247      -1.131
  O   O          0.000    -112.781      -0.000
  C   N         27.590    -141.360      -3.900
  N   C         76.582       0.000       0.000
  N  C(3)        0.000       0.000       0.000
  O   N          0.000      69.634       0.000

 Subtotal:                             -16.816
 ---------------------------------------------- 

 NONAQUEOUS SOLVENT CONTRIBUTION (kcal/mol):
 (proportional to SASA, atomic number independent)
 ---------------------------------------------- 
 Subtotal:                               9.306
 ---------------------------------------------- 

 CDS TOTAL (kcal/mol):                  -0.729
...............................................................................
