#BIND_OUTPUT version: 3.0



#---------------------- SYMMETRY ANALYSIS ----------------------

1 Elements are present. They are:
  1 Identity.
   Equivalent Atoms: 1 -> 1, 2 -> 2, 3 -> 3, 4 -> 4, 5 -> 5, 6 -> 6, 7 -> 7, 8 -> 8, 9 -> 9, 10 -> 10, 11 -> 11, 12 -> 12, 13 -> 13, 14 -> 14, 15 -> 15, 16 -> 16, 17 -> 17, 18 -> 18, 19 -> 19, 20 -> 20, 

Here are the  Non-Redundant Elements which are present:
Identity.
   Equivalent Atoms: 1 -> 1, 2 -> 2, 3 -> 3, 4 -> 4, 5 -> 5, 6 -> 6, 7 -> 7, 8 -> 8, 9 -> 9, 10 -> 10, 11 -> 11, 12 -> 12, 13 -> 13, 14 -> 14, 15 -> 15, 16 -> 16, 17 -> 17, 18 -> 18, 19 -> 19, 20 -> 20, 

;-----------------------------------------------------------------
Allocating approximately   177.38 Kbytes (    0.17 Meg).
Each matrix is:     0.00 meg.

; Number of orbitals
#Num_Orbitals: 53
Error value from Diagonalization (0 is good): 0

#	******* Energies (in eV)  and Occupation Numbers *******
1:--->  -36.2039  [2.000 Electrons]
2:--->  -35.4654  [2.000 Electrons]
3:--->  -33.9121  [2.000 Electrons]
4:--->  -31.0515  [2.000 Electrons]
5:--->   -26.985  [2.000 Electrons]
6:--->  -24.2937  [2.000 Electrons]
7:--->  -24.1483  [2.000 Electrons]
8:--->   -23.096  [2.000 Electrons]
9:--->  -20.6915  [2.000 Electrons]
10:--->  -18.4544  [2.000 Electrons]
11:--->  -17.5774  [2.000 Electrons]
12:--->  -16.5015  [2.000 Electrons]
13:--->  -16.4058  [2.000 Electrons]
14:--->  -16.1985  [2.000 Electrons]
15:--->  -16.1291  [2.000 Electrons]
16:--->  -15.5767  [2.000 Electrons]
17:--->  -15.5484  [2.000 Electrons]
18:--->  -15.5179  [2.000 Electrons]
19:--->   -15.457  [2.000 Electrons]
20:--->  -15.3737  [2.000 Electrons]
21:--->  -15.0206  [2.000 Electrons]
22:--->  -14.9828  [2.000 Electrons]
23:--->  -14.8035  [2.000 Electrons]
24:--->   -14.648  [2.000 Electrons]
25:--->  -14.3357  [2.000 Electrons]
26:--->  -14.0347  [2.000 Electrons]
27:--->  -13.9517  [2.000 Electrons]
28:--->  -13.8513  [2.000 Electrons]
29:--->  -12.8906  [2.000 Electrons]
30:--->  -12.8055  [2.000 Electrons]
31:--->  -10.1236  [1.000 Electrons]
32:--->  -8.09121  [0.000 Electrons]
33:--->  -6.13068  [0.000 Electrons]
34:--->  -2.87236  [0.000 Electrons]
35:--->  -1.11472  [0.000 Electrons]
36:--->   2.51658  [0.000 Electrons]
37:--->   3.49873  [0.000 Electrons]
38:--->   5.42526  [0.000 Electrons]
39:--->   5.47613  [0.000 Electrons]
40:--->   5.67518  [0.000 Electrons]
41:--->   5.79432  [0.000 Electrons]
42:--->   6.18869  [0.000 Electrons]
43:--->   6.39402  [0.000 Electrons]
44:--->   11.5558  [0.000 Electrons]
45:--->   12.3298  [0.000 Electrons]
46:--->   21.3015  [0.000 Electrons]
47:--->   25.9279  [0.000 Electrons]
48:--->   31.4322  [0.000 Electrons]
49:--->   31.9457  [0.000 Electrons]
50:--->   33.6524  [0.000 Electrons]
51:--->   39.1004  [0.000 Electrons]
52:--->   43.5016  [0.000 Electrons]
53:--->   45.1196  [0.000 Electrons]
Total_Energy: -1161.95

# Characters of wavefunctions with respect to symmetry operations present.
;              1 
   1:--->  1.000 
   2:--->  1.000 
   3:--->  1.000 
   4:--->  1.000 
   5:--->  1.000 
   6:--->  1.000 
   7:--->  1.000 
   8:--->  1.000 
   9:--->  1.000 
  10:--->  1.000 
  11:--->  1.000 
  12:--->  1.000 
  13:--->  1.000 
  14:--->  1.000 
  15:--->  1.000 
  16:--->  1.000 
  17:--->  1.000 
  18:--->  1.000 
  19:--->  1.000 
  20:--->  1.000 
  21:--->  1.000 
  22:--->  1.000 
  23:--->  1.000 
  24:--->  1.000 
  25:--->  1.000 
  26:--->  1.000 
  27:--->  1.000 
  28:--->  1.000 
  29:--->  1.000 
  30:--->  1.000 
  31:--->  1.000 
  32:--->  1.000 
  33:--->  1.000 
  34:--->  1.000 
  35:--->  1.000 
  36:--->  1.000 
  37:--->  1.000 
  38:--->  1.000 
  39:--->  1.000 
  40:--->  1.000 
  41:--->  1.000 
  42:--->  1.000 
  43:--->  1.000 
  44:--->  1.000 
  45:--->  1.000 
  46:--->  1.000 
  47:--->  1.000 
  48:--->  1.000 
  49:--->  1.000 
  50:--->  1.000 
  51:--->  1.000 
  52:--->  1.000 
  53:--->  1.000 

;   Reduced Mulliken Overlap Population Matrix for 61.000 electrons:

              1        2        3        4        5        6        7      
  1        2.5329    
  2        0.8417      1.9416    
  3        -0.0652     1.1059      4.9412    
  4        0.0009      -0.1577     0.7076      5.0670    
  5        0.0004      -0.1506     -0.1525     0.9956      2.1765    
  6        0.0000      0.0005      0.0003      -0.0708     1.0512      1.9537    
  7        -0.0000     -0.0000     -0.0000     -0.0014     -0.0706     0.8843      6.7520    
  8        -0.0000     0.0000      -0.0000     0.0003      -0.0516     0.5790      -0.0370   
  9        0.0000      0.0000      -0.0000     -0.0000     0.0002      -0.0567     -0.0108   
  10       -0.0000     -0.0004     -0.0000     0.0000      -0.0110     -0.0535     0.0002    
  11       -0.0484     0.7128      -0.0659     -0.0614     0.6595      -0.0436     0.0001    
  12       0.7710      -0.0418     -0.0003     -0.0000     0.0000      -0.0000     -0.0000   
  13       0.7729      -0.0427     -0.0000     -0.0000     0.0000      -0.0000     -0.0000   
  14       0.7872      -0.0457     -0.0054     0.0000      -0.0000     0.0000      -0.0000   
  15       -0.0000     -0.0000     -0.0000     -0.0000     -0.0000     -0.0023     -0.0004   
  16       -0.0000     -0.0000     -0.0000     -0.0000     -0.0000     -0.0121     -0.0033   
  17       0.0000      -0.0000     -0.0000     0.0000      -0.0000     0.0010      0.0000    
  18       -0.0000     -0.0001     -0.0000     -0.0000     -0.0020     -0.0063     0.0000    
  19       0.0000      0.0000      -0.0000     0.0000      0.0000      0.0010      -0.0000   
  20       -0.0000     -0.0001     -0.0000     0.0000      -0.0015     -0.0023     -0.0000   

              8        9        10       11       12       13       14     
  8        5.4880    
  9        0.5381      2.2531    
  10       0.5420      -0.0564     2.2592    
  11       -0.0002     0.0000      -0.0049     6.0523    
  12       -0.0000     -0.0000     -0.0000     -0.0020     0.6321    
  13       -0.0000     -0.0000     -0.0000     -0.0024     -0.0378     0.6336    
  14       -0.0000     0.0000      -0.0000     0.0008      -0.0405     -0.0408     0.6418    
  15       -0.0307     0.7942      -0.0035     -0.0000     -0.0000     0.0000      -0.0000   
  16       -0.0294     0.8009      0.0013      -0.0000     -0.0000     -0.0000     -0.0000   
  17       -0.0307     0.8007      -0.0101     -0.0000     0.0000      -0.0000     -0.0000   
  18       -0.0297     0.0002      0.7977      -0.0030     -0.0000     0.0000      -0.0000   
  19       -0.0297     -0.0135     0.8021      0.0001      0.0000      -0.0000     0.0000    
  20       -0.0310     0.0000      0.7968      -0.0032     -0.0000     -0.0000     -0.0000   

              15       16       17       18       19       20     
  15       0.6459    
  16       -0.0443     0.6449    
  17       -0.0440     -0.0446     0.6466    
  18       0.0002      -0.0000     -0.0001     0.6443    
  19       -0.0014     0.0001      -0.0038     -0.0447     0.6468    
  20       -0.0000     -0.0000     0.0001      -0.0443     -0.0447     0.6441    

;    Net Atomic Charges for 61.000 electrons:
1 C: -0.063150
2 C: 0.947417
3 N: -0.703536
4 N: -0.773567
5 C: 0.689953
6 C: 0.911458
7 O: -1.132573
8 O: -0.182712
9 C: 0.348378
10 C: 0.340630
11 O: -0.621526
12 H: 0.043538
13 H: 0.041854
14 H: 0.030314
15 H: 0.020295
16 H: 0.020801
17 H: 0.019122
18 H: 0.021854
19 H: 0.020387
20 H: 0.021062
;      Total Charge is: -0.000000


; 		q-q-q-q-q-q-q-q  Charge Matrix q-q-q-q-q-q-q-q

;   Reduced Charge Matrix Independant of Occupation
      1        2        3        4        5        6        7      
   1  0.0009  0.0046  0.0000  0.0005  0.2246  0.2950  0.0339
   2  0.0331  0.1164  0.0005  0.0616  0.2163  0.0591  0.0088
   3  0.0130  0.0438  0.0000  0.3624  0.1222  0.0949  0.0218
   4  0.0183  0.0364  0.0006  0.3585  0.1516  0.0636  0.0151
   5  0.0645  0.0811  0.0013  0.0588  0.1501  0.0880  0.0130
   6  0.1549  0.0377  0.1178  -0.0001  0.0341  0.0524  0.0036
   7  0.2139  0.0738  0.4695  0.0021  0.0098  0.0113  0.0036
   8  0.2822  0.1334  0.3063  0.0002  0.0018  0.0137  0.0526
   9  0.0337  0.0191  0.0439  0.0000  0.0033  0.0875  0.2244
  10  0.0335  0.0131  0.0539  0.0002  0.0003  0.0069  0.2989
  11  0.1521  0.4405  0.0026  0.1555  0.0212  0.0152  0.0010
  12  -0.0001  -0.0002  0.0000  0.0000  0.0207  0.0537  0.0065
  13  -0.0001  -0.0002  0.0000  0.0000  0.0207  0.0537  0.0065
  14  -0.0001  -0.0001  0.0000  0.0000  0.0223  0.0512  0.0059
  15  -0.0001  0.0001  0.0006  0.0000  0.0003  0.0164  0.0433
  16  0.0002  0.0002  0.0000  0.0000  0.0004  0.0175  0.0471
  17  -0.0001  0.0001  0.0008  0.0000  0.0003  0.0164  0.0398
  18  0.0001  0.0000  0.0006  0.0001  0.0000  0.0016  0.0611
  19  -0.0001  0.0001  0.0007  0.0000  0.0001  0.0005  0.0513
  20  0.0001  -0.0000  0.0008  0.0001  0.0000  0.0013  0.0619
      8        9        10       11       12       13       14     
   1  0.0196  0.0068  0.1279  0.0127  0.0048  0.0110  0.0889
   2  0.0127  0.0618  0.1573  0.0505  0.0136  0.0144  0.1326
   3  0.0300  0.1056  0.1710  0.0517  0.0118  0.0356  0.1139
   4  0.0342  0.1112  0.1292  0.0862  0.0157  0.0446  0.0956
   5  0.0174  0.2005  0.0924  0.0625  0.0292  0.0500  0.0734
   6  0.0741  0.2131  0.0031  0.0837  0.0684  0.0878  0.0014
   7  0.0139  0.0625  0.0013  0.1220  0.0577  0.1917  0.0034
   8  0.0799  0.0429  0.0051  0.2010  0.2806  0.1491  0.0519
   9  0.1984  0.0547  0.0016  0.0399  0.1242  0.1198  0.0351
  10  0.2137  0.0359  0.0042  0.0559  0.1304  0.0656  0.0288
  11  0.0007  0.0411  0.2200  0.1856  0.0436  0.0787  0.2460
  12  0.0048  0.0026  0.0255  0.0000  0.0017  0.0015  0.0445
  13  0.0048  0.0027  0.0252  0.0001  0.0021  0.0010  0.0343
  14  0.0039  0.0004  0.0327  0.0072  0.0001  0.0063  0.0000
  15  0.0469  0.0140  0.0001  0.0039  0.0669  0.0024  0.0134
  16  0.0407  0.0109  0.0007  0.0124  0.0195  0.0549  0.0070
  17  0.0519  0.0124  0.0000  0.0007  0.0193  0.0524  0.0087
  18  0.0455  0.0091  0.0004  0.0166  0.0385  0.0254  0.0016
  19  0.0605  0.0063  0.0018  0.0000  0.0001  0.0009  0.0094
  20  0.0465  0.0054  0.0004  0.0072  0.0715  0.0068  0.0103
      15       16       17       18       19       20       21     
   1  0.0089  0.1804  0.2833  0.0534  0.1619  0.1474  0.0128
   2  0.0096  0.0085  0.0179  0.0066  0.0088  0.0029  0.0086
   3  0.0060  0.0040  0.0154  0.0073  0.0163  0.0411  0.0285
   4  0.0062  0.0260  0.0442  0.0094  0.0023  0.0515  0.0247
   5  0.0019  0.0286  0.0118  0.0093  0.0173  0.0140  0.0309
   6  0.0158  0.0895  0.0160  0.0157  0.0297  0.0521  0.0498
   7  0.1083  0.3224  0.0528  0.0746  0.0882  0.2878  0.1981
   8  0.3572  0.0126  0.0307  0.0136  0.0990  0.0036  0.0223
   9  0.1095  0.0081  0.0442  0.1277  0.1204  0.0678  0.0823
  10  0.1923  0.0519  0.0143  0.2131  0.0492  0.0130  0.1982
  11  0.0144  0.0218  0.1143  0.0482  0.0756  0.0706  0.0133
  12  0.0005  0.0331  0.1377  0.0151  0.0187  0.0775  0.0025
  13  0.0053  0.1333  0.0131  0.0360  0.0216  0.0830  0.0045
  14  0.0001  0.0211  0.1458  0.0000  0.1304  0.0011  0.0040
  15  0.0255  0.0046  0.0162  0.0948  0.0110  0.0513  0.0007
  16  0.0147  0.0000  0.0037  0.0195  0.0028  0.0076  0.0590
  17  0.0003  0.0004  0.0198  0.0155  0.0855  0.0141  0.0305
  18  0.0022  0.0101  0.0007  0.1480  0.0001  0.0100  0.0535
  19  0.1167  0.0046  0.0099  0.0083  0.0229  0.0021  0.1489
  20  0.0046  0.0388  0.0081  0.0838  0.0383  0.0015  0.0270
      22       23       24       25       26       27       28     
   1  0.0396  0.0709  0.0017  0.1917  0.0012  0.0042  0.0134
   2  0.0333  0.0675  0.0006  0.1265  0.0017  0.0234  0.0106
   3  0.0044  0.0190  0.2582  0.0928  0.0070  0.2177  0.2704
   4  0.0120  0.0288  0.2547  0.1088  0.0047  0.0815  0.3620
   5  0.0007  0.0004  0.0002  0.0634  0.0038  0.0497  0.0425
   6  0.0413  0.0170  0.0001  0.0007  0.0125  0.0303  0.0322
   7  0.1922  0.3700  0.0023  0.0366  0.0846  0.2875  0.1330
   8  0.1096  0.0883  0.0025  0.0081  0.5729  0.0690  0.0608
   9  0.1940  0.0174  0.0012  0.0011  0.0468  0.0122  0.0066
  10  0.0285  0.0463  0.0049  0.0051  0.0569  0.0125  0.0019
  11  0.0816  0.1929  0.4667  0.3215  0.0070  0.1857  0.0506
  12  0.0002  0.0004  0.0002  0.0128  0.0004  0.0000  0.0032
  13  0.0006  0.0001  0.0008  0.0124  0.0001  0.0000  0.0039
  14  0.0123  0.0257  0.0001  0.0103  0.0000  0.0018  0.0020
  15  0.0047  0.0047  0.0006  0.0011  0.0650  0.0001  0.0001
  16  0.1416  0.0192  0.0000  0.0001  0.0062  0.0030  0.0005
  17  0.0924  0.0028  0.0007  0.0009  0.0229  0.0002  0.0014
  18  0.0002  0.0112  0.0024  0.0029  0.0408  0.0046  0.0016
  19  0.0105  0.0074  0.0020  0.0030  0.0035  0.0146  0.0033
  20  0.0001  0.0100  0.0000  0.0003  0.0622  0.0020  0.0000
      29       30       31       32       33       34       35     
   1  0.0079  0.0214  0.0001  -0.0003  0.0000  0.0000  0.0002
   2  0.1637  0.0806  0.0333  0.6196  0.0016  0.0001  0.0012
   3  0.2919  0.3826  0.0227  0.2339  0.0104  0.0002  0.0038
   4  0.2267  0.3823  0.2003  0.0299  0.0900  0.0003  0.0160
   5  0.2223  0.0819  0.1877  0.0013  0.4306  0.0015  0.0142
   6  0.0195  0.0120  0.3562  0.0098  0.3768  0.0080  0.3200
   7  0.0273  0.0118  0.1050  0.0017  0.0495  0.0010  0.0175
   8  0.0132  0.0098  0.0350  0.0005  0.0144  0.2815  0.2672
   9  0.0003  0.0007  0.0000  0.0000  0.0003  0.3989  0.1091
  10  0.0002  -0.0001  0.0004  0.0001  0.0016  0.2887  0.2229
  11  0.0025  0.0127  0.0551  0.0613  0.0241  0.0002  0.0056
  12  0.0120  0.0021  0.0012  0.0224  0.0001  0.0000  0.0001
  13  0.0109  0.0020  0.0011  0.0197  0.0001  0.0000  0.0001
  14  0.0000  0.0000  0.0000  0.0001  0.0000  0.0000  0.0001
  15  0.0008  0.0000  0.0007  0.0000  0.0002  0.0020  0.0009
  16  0.0001  0.0000  0.0002  0.0000  0.0000  0.0064  0.0001
  17  0.0002  0.0002  0.0001  0.0000  0.0000  0.0023  0.0064
  18  0.0001  0.0000  0.0002  0.0000  0.0001  0.0043  -0.0001
  19  0.0002  0.0001  0.0002  0.0000  0.0000  -0.0003  0.0135
  20  0.0003  0.0000  0.0005  0.0000  0.0003  0.0049  0.0013
      36       37       38       39       40       41       42     
   1  0.1221  0.1224  0.0154  0.5213  0.0106  0.0163  0.0016
   2  0.2894  0.1088  0.0005  0.0201  -0.0001  0.0006  0.0000
   3  0.0178  0.3134  0.0001  0.0012  0.0003  0.0002  0.0003
   4  0.0215  0.2885  0.0004  0.0000  0.0012  0.0012  0.0005
   5  0.2229  0.0384  0.0030  0.0001  0.0027  0.0055  0.0005
   6  0.0024  0.0048  0.0039  0.0001  0.0023  0.0024  0.0003
   7  0.0018  0.0003  0.0002  0.0000  0.0004  0.0002  0.0002
   8  0.0022  0.0056  0.0059  0.0001  0.0064  0.0081  0.0104
   9  0.0034  0.0099  0.2476  0.0015  0.3657  0.1628  0.2674
  10  0.0062  0.0110  0.2592  0.0023  0.1479  0.3351  0.2542
  11  0.1898  0.0023  0.0010  0.0008  0.0008  0.0018  0.0002
  12  0.0026  0.0293  0.0067  0.2317  0.0025  0.0039  0.0001
  13  0.0063  0.0358  0.0002  0.2172  0.0010  0.0022  0.0004
  14  0.1104  0.0249  0.0064  0.0004  0.0056  0.0076  0.0009
  15  0.0000  0.0000  0.0442  0.0004  0.1093  0.0735  0.0863
  16  0.0000  0.0000  0.0299  0.0001  0.2056  0.0673  0.0107
  17  0.0002  0.0013  0.1397  0.0008  0.0174  0.0010  0.1464
  18  0.0000  0.0002  0.0243  0.0000  0.0467  0.1813  0.0569
  19  0.0012  0.0030  0.0556  0.0012  0.0732  0.1272  0.0218
  20  0.0000  0.0001  0.1560  0.0008  0.0007  0.0019  0.1408
      43       44       45       46       47       48       49     
   1  0.3026  0.3872  0.0103  0.0178  0.0081  0.0000  0.0002
   2  0.0294  0.1909  0.0469  0.3608  0.0879  0.0001  0.0034
   3  0.0354  0.0582  0.0134  0.0369  0.0398  0.0000  0.0020
   4  0.0620  0.0593  0.0070  0.0303  0.0460  0.0001  0.0011
   5  0.1470  0.0653  0.0077  0.2951  0.4156  0.0001  0.0028
   6  0.0006  0.0075  0.3368  0.0572  0.3309  0.0000  0.0053
   7  0.0018  0.0002  0.0068  0.0158  0.0043  0.0000  0.0009
   8  0.0095  0.0013  0.1558  0.0145  0.0114  0.0372  0.0527
   9  0.0191  0.0004  0.1800  0.0035  0.0008  0.2702  0.1319
  10  0.0580  0.0006  0.1732  0.0045  0.0012  0.1285  0.2726
  11  0.0473  0.0339  0.0095  0.1498  0.0394  0.0001  0.0002
  12  0.0400  0.0577  0.0004  0.0019  0.0037  0.0000  0.0002
  13  0.0565  0.0551  0.0007  0.0026  0.0035  0.0000  0.0002
  14  0.1486  0.0821  0.0046  0.0043  0.0039  0.0000  0.0001
  15  0.0013  0.0000  0.0138  0.0008  0.0004  0.1209  0.0550
  16  0.0002  0.0000  0.0050  0.0005  0.0001  0.1290  0.0545
  17  0.0003  0.0001  0.0064  0.0006  0.0009  0.1293  0.0560
  18  0.0087  0.0000  0.0069  0.0006  0.0007  0.0625  0.1175
  19  0.0199  0.0001  0.0047  0.0018  0.0008  0.0609  0.1249
  20  0.0120  0.0000  0.0103  0.0005  0.0007  0.0610  0.1185
      50       51       52       53     
   1  0.0091  0.0068  0.4089  0.0077
   2  0.1896  0.1664  0.2301  0.1099
   3  0.0953  0.1426  0.0107  0.1210
   4  0.0960  0.0589  0.0053  0.1975
   5  0.2454  0.0697  0.0080  0.2738
   6  0.2240  0.3673  0.0078  0.2094
   7  0.0364  0.1668  0.0029  0.0726
   8  0.0012  0.0045  0.0000  0.0007
   9  0.0013  0.0001  0.0000  0.0003
  10  0.0017  0.0001  0.0000  0.0004
  11  0.0806  0.0037  0.0036  0.0057
  12  0.0062  0.0054  0.1064  0.0001
  13  0.0062  0.0056  0.1068  0.0001
  14  0.0035  0.0018  0.1093  0.0007
  15  0.0007  0.0000  0.0000  0.0000
  16  0.0009  -0.0000  0.0000  0.0000
  17  0.0003  0.0000  0.0000  0.0000
  18  0.0003  0.0000  0.0000  0.0001
  19  0.0006  0.0000  0.0000  0.0001
  20  0.0005  0.0000  0.0000  0.0001


 Sorting 53 crystal orbitals.


# ******** Extended Hueckel Parameters ********
;  FORMAT  quantum number orbital: Hii, <c1>, exponent1, <c2>, <exponent2>

ATOM: C   Atomic number: 6  # Valence Electrons: 4
	2S:   -21.4000     1.6250
	2P:   -11.4000     1.6250
ATOM: N   Atomic number: 7  # Valence Electrons: 5
	2S:   -26.0000     1.9500
	2P:   -13.4000     1.9500
ATOM: O   Atomic number: 8  # Valence Electrons: 6
	2S:   -32.3000     2.2750
	2P:   -14.8000     2.2750
ATOM: H   Atomic number: 1  # Valence Electrons: 1
	1S:   -13.6000     1.3000

### TOTAL DENSITY OF STATES 
106 states are present.
#BEGIN CURVE
1.000000 -36.203876
1.000000 -35.465424
1.000000 -33.912094
1.000000 -31.051525
1.000000 -26.985010
1.000000 -24.293732
1.000000 -24.148285
1.000000 -23.095997
1.000000 -20.691521
1.000000 -18.454380
1.000000 -17.577360
1.000000 -16.501472
1.000000 -16.405771
1.000000 -16.198532
1.000000 -16.129089
1.000000 -15.576663
1.000000 -15.548360
1.000000 -15.517905
1.000000 -15.456987
1.000000 -15.373687
1.000000 -15.020640
1.000000 -14.982829
1.000000 -14.803488
1.000000 -14.647966
1.000000 -14.335710
1.000000 -14.034662
1.000000 -13.951735
1.000000 -13.851320
1.000000 -12.890628
1.000000 -12.805509
1.000000 -10.123550
1.000000 -8.091210
1.000000 -6.130680
1.000000 -2.872360
1.000000 -1.114720
1.000000 2.516579
1.000000 3.498730
1.000000 5.425259
1.000000 5.476132
1.000000 5.675176
1.000000 5.794319
1.000000 6.188685
1.000000 6.394017
1.000000 11.555783
1.000000 12.329824
1.000000 21.301498
1.000000 25.927891
1.000000 31.432173
1.000000 31.945702
1.000000 33.652443
1.000000 39.100426
1.000000 43.501591
1.000000 45.119648
#END CURVE
# END OF DOS


;  The Fermi Level was determined for 1 K points based on
;     an ordering of 53 crystal orbitals occupied by 61.000000 electrons
;      in the unit cell (61.000000 electrons total)
#Fermi_Energy:  -10.123550
#Average Energy:  -1161.947868 eV

# Atomic Orbital Occupations
;        s      px      py      pz    dx2-y2    dz2     dxy     dxz     dyz
1 C  1.1845  0.9624  0.9660  0.9502  0.0000  0.0000  0.0000  0.0000  0.0000 
2 C  1.0344  0.5841  0.7500  0.6842  0.0000  0.0000  0.0000  0.0000  0.0000 
3 N  1.4415  1.5387  1.2386  1.4848  0.0000  0.0000  0.0000  0.0000  0.0000 
4 N  1.4426  1.0060  1.7647  1.5602  0.0000  0.0000  0.0000  0.0000  0.0000 
5 C  1.0224  0.7767  0.5653  0.9457  0.0000  0.0000  0.0000  0.0000  0.0000 
6 C  0.9849  0.7054  0.5312  0.8670  0.0000  0.0000  0.0000  0.0000  0.0000 
7 O  1.6495  1.9251  1.7658  1.7922  0.0000  0.0000  0.0000  0.0000  0.0000 
8 O  1.5767  1.3748  1.3671  1.8641  0.0000  0.0000  0.0000  0.0000  0.0000 
9 C  1.1769  0.6019  0.9263  0.9465  0.0000  0.0000  0.0000  0.0000  0.0000 
10 C  1.1756  0.9356  0.6485  0.8997  0.0000  0.0000  0.0000  0.0000  0.0000 
11 O  1.6017  1.5097  1.7384  1.7717  0.0000  0.0000  0.0000  0.0000  0.0000 
12 H  0.9565  0.0000  0.0000  0.0000  0.0000  0.0000  0.0000  0.0000  0.0000 
13 H  0.9581  0.0000  0.0000  0.0000  0.0000  0.0000  0.0000  0.0000  0.0000 
14 H  0.9697  0.0000  0.0000  0.0000  0.0000  0.0000  0.0000  0.0000  0.0000 
15 H  0.9797  0.0000  0.0000  0.0000  0.0000  0.0000  0.0000  0.0000  0.0000 
16 H  0.9792  0.0000  0.0000  0.0000  0.0000  0.0000  0.0000  0.0000  0.0000 
17 H  0.9809  0.0000  0.0000  0.0000  0.0000  0.0000  0.0000  0.0000  0.0000 
18 H  0.9781  0.0000  0.0000  0.0000  0.0000  0.0000  0.0000  0.0000  0.0000 
19 H  0.9796  0.0000  0.0000  0.0000  0.0000  0.0000  0.0000  0.0000  0.0000 
20 H  0.9789  0.0000  0.0000  0.0000  0.0000  0.0000  0.0000  0.0000  0.0000 

# AVERAGE NET CHARGES
1 C -0.063150
2 C 0.947417
3 N -0.703536
4 N -0.773567
5 C 0.689953
6 C 0.911458
7 O -1.132573
8 O -0.182711
9 C 0.348378
10 C 0.340630
11 O -0.621526
12 H 0.043538
13 H 0.041854
14 H 0.030314
15 H 0.020295
16 H 0.020801
17 H 0.019122
18 H 0.021854
19 H 0.020387
20 H 0.021062
There are a total of 61.000000 electrons.
Done!
