----------------------------------------------- 
  Element       SASA      Sigma Z        Total  
     Z         Ang**2 cal/Ang**2/mol   kcal/mol 
----------------------------------------------- 
      H        166.246       0.000       0.000
      C         64.783     111.253       7.207
      N         15.065      46.223       0.696
      O         61.956     -63.418      -3.929

 Subtotal:     308.050                   3.975
 -----------------------------------------------

  Elements    COT*SASA   Sigma Z,Z'     Total   
    Z,Z'       Ang**2  cal/Ang**2/mol kcal/mol  
 ---------------------------------------------- 
  H   C         85.096     -51.536      -4.386
  H   O          5.234     -27.476      -0.144
  C   C         38.036     -87.925      -3.344
  O   C         33.505     -22.247      -0.745
  O   O          0.000    -112.781      -0.000
  C   N         15.389    -141.360      -2.175
  N   C         44.875       0.000       0.000
  N  C(3)        0.000       0.000       0.000
  O   N          0.000      69.634       0.000

 Subtotal:                             -10.794
 ---------------------------------------------- 

 NONAQUEOUS SOLVENT CONTRIBUTION (kcal/mol):
 (proportional to SASA, atomic number independent)
 ---------------------------------------------- 
 Subtotal:                               6.661
 ---------------------------------------------- 

 CDS TOTAL (kcal/mol):                  -0.159
...............................................................................
