----------------------------------------------- 
  Element       SASA      Sigma Z        Total  
     Z         Ang**2 cal/Ang**2/mol   kcal/mol 
----------------------------------------------- 
      H        196.128       0.000       0.000
      C         89.095     111.253       9.912
      N         39.583      46.223       1.830
      O         91.578     -63.418      -5.808

 Subtotal:     416.386                   5.934
 -----------------------------------------------

  Elements    COT*SASA   Sigma Z,Z'     Total   
    Z,Z'       Ang**2  cal/Ang**2/mol kcal/mol  
 ---------------------------------------------- 
  H   C        122.970     -51.536      -6.337
  H   O          4.627     -27.476      -0.127
  C   C         49.735     -87.925      -4.373
  O   C         51.626     -22.247      -1.149
  O   O          0.000    -112.781      -0.000
  C   N         20.433    -141.360      -2.888
  N   C         63.047       0.000       0.000
  N  C(3)        0.523       0.000       0.000
  O   N          0.000      69.634       0.000

 Subtotal:                             -14.874
 ---------------------------------------------- 

 NONAQUEOUS SOLVENT CONTRIBUTION (kcal/mol):
 (proportional to SASA, atomic number independent)
 ---------------------------------------------- 
 Subtotal:                               9.004
 ---------------------------------------------- 

 CDS TOTAL (kcal/mol):                   0.063
...............................................................................
