----------------------------------------------- 
  Element       SASA      Sigma Z        Total  
     Z         Ang**2 cal/Ang**2/mol   kcal/mol 
----------------------------------------------- 
      H        197.828       0.000       0.000
      C         79.778     111.253       8.876
      N         45.552      46.223       2.106
      O         93.331     -63.418      -5.919

 Subtotal:     416.490                   5.062
 -----------------------------------------------

  Elements    COT*SASA   Sigma Z,Z'     Total   
    Z,Z'       Ang**2  cal/Ang**2/mol kcal/mol  
 ---------------------------------------------- 
  H   C        115.183     -51.536      -5.936
  H   O          7.683     -27.476      -0.211
  C   C         46.830     -87.925      -4.118
  O   C         44.194     -22.247      -0.983
  O   O          0.000    -112.781      -0.000
  C   N         16.343    -141.360      -2.310
  N   C         96.841       0.000       0.000
  N  C(3)        0.016       0.000       0.000
  O   N          0.000      69.634       0.000

 Subtotal:                             -13.558
 ---------------------------------------------- 

 NONAQUEOUS SOLVENT CONTRIBUTION (kcal/mol):
 (proportional to SASA, atomic number independent)
 ---------------------------------------------- 
 Subtotal:                               9.006
 ---------------------------------------------- 

 CDS TOTAL (kcal/mol):                   0.510
...............................................................................
