----------------------------------------------- 
  Element       SASA      Sigma Z        Total  
     Z         Ang**2 cal/Ang**2/mol   kcal/mol 
----------------------------------------------- 
      H        181.618       0.000       0.000
      C         88.151     111.253       9.807
      N         34.844      46.223       1.611
      O        108.017     -63.418      -6.850

 Subtotal:     412.628                   4.567
 -----------------------------------------------

  Elements    COT*SASA   Sigma Z,Z'     Total   
    Z,Z'       Ang**2  cal/Ang**2/mol kcal/mol  
 ---------------------------------------------- 
  H   C        112.151     -51.536      -5.780
  H   O          0.000     -27.476      -0.000
  C   C         49.382     -87.925      -4.342
  O   C         57.170     -22.247      -1.272
  O   O          0.000    -112.781      -0.000
  C   N         24.668    -141.360      -3.487
  N   C         61.657       0.000       0.000
  N  C(3)        0.000       0.000       0.000
  O   N          0.000      69.634       0.000

 Subtotal:                             -14.881
 ---------------------------------------------- 

 NONAQUEOUS SOLVENT CONTRIBUTION (kcal/mol):
 (proportional to SASA, atomic number independent)
 ---------------------------------------------- 
 Subtotal:                               8.922
 ---------------------------------------------- 

 CDS TOTAL (kcal/mol):                  -1.391
...............................................................................
