----------------------------------------------- 
  Element       SASA      Sigma Z        Total  
     Z         Ang**2 cal/Ang**2/mol   kcal/mol 
----------------------------------------------- 
      H        176.538       0.000       0.000
      C         91.205     111.253      10.147
      N         41.966      46.223       1.940
      O         95.931     -63.418      -6.084

 Subtotal:     405.640                   6.003
 -----------------------------------------------

  Elements    COT*SASA   Sigma Z,Z'     Total   
    Z,Z'       Ang**2  cal/Ang**2/mol kcal/mol  
 ---------------------------------------------- 
  H   C        109.178     -51.536      -5.627
  H   O          4.679     -27.476      -0.129
  C   C         55.762     -87.925      -4.903
  O   C         51.791     -22.247      -1.152
  O   O          0.000    -112.781      -0.000
  C   N         22.929    -141.360      -3.241
  N   C         80.256       0.000       0.000
  N  C(3)        0.000       0.000       0.000
  O   N          0.000      69.634       0.000

 Subtotal:                             -15.052
 ---------------------------------------------- 

 NONAQUEOUS SOLVENT CONTRIBUTION (kcal/mol):
 (proportional to SASA, atomic number independent)
 ---------------------------------------------- 
 Subtotal:                               8.771
 ---------------------------------------------- 

 CDS TOTAL (kcal/mol):                  -0.277
...............................................................................
