----------------------------------------------- 
  Element       SASA      Sigma Z        Total  
     Z         Ang**2 cal/Ang**2/mol   kcal/mol 
----------------------------------------------- 
      H        226.220       0.000       0.000
      C        105.018     111.253      11.684
      N         13.588      46.223       0.628
      O         50.247     -63.418      -3.187
      F         24.337       0.000       0.000

 Subtotal:     419.410                   9.125
 -----------------------------------------------

  Elements    COT*SASA   Sigma Z,Z'     Total   
    Z,Z'       Ang**2  cal/Ang**2/mol kcal/mol  
 ---------------------------------------------- 
  H   C        126.481     -51.536      -6.518
  H   O          7.144     -27.476      -0.196
  C   C        101.388     -87.925      -8.915
  O   C         30.095     -22.247      -0.670
  O   O          0.000    -112.781      -0.000
  C   N         18.986    -141.360      -2.684
  N   C         64.088       0.000       0.000
  N  C(3)        0.000       0.000       0.000
  O   N          0.000      69.634       0.000

 Subtotal:                             -18.983
 ---------------------------------------------- 

 NONAQUEOUS SOLVENT CONTRIBUTION (kcal/mol):
 (proportional to SASA, atomic number independent)
 ---------------------------------------------- 
 Subtotal:                               9.069
 ---------------------------------------------- 

 CDS TOTAL (kcal/mol):                  -0.788
...............................................................................
