----------------------------------------------- 
  Element       SASA      Sigma Z        Total  
     Z         Ang**2 cal/Ang**2/mol   kcal/mol 
----------------------------------------------- 
      H        206.970       0.000       0.000
      C        100.139     111.253      11.141
      N         28.021      46.223       1.295
      O         96.821     -63.418      -6.140

 Subtotal:     431.950                   6.296
 -----------------------------------------------

  Elements    COT*SASA   Sigma Z,Z'     Total   
    Z,Z'       Ang**2  cal/Ang**2/mol kcal/mol  
 ---------------------------------------------- 
  H   C        130.490     -51.536      -6.725
  H   O          4.294     -27.476      -0.118
  C   C         55.632     -87.925      -4.891
  O   C         41.557     -22.247      -0.925
  O   O          0.000    -112.781      -0.000
  C   N         26.547    -141.360      -3.753
  N   C         79.808       0.000       0.000
  N  C(3)        0.000       0.000       0.000
  O   N          0.000      69.634       0.000

 Subtotal:                             -16.412
 ---------------------------------------------- 

 NONAQUEOUS SOLVENT CONTRIBUTION (kcal/mol):
 (proportional to SASA, atomic number independent)
 ---------------------------------------------- 
 Subtotal:                               9.340
 ---------------------------------------------- 

 CDS TOTAL (kcal/mol):                  -0.776
...............................................................................
