----------------------------------------------- 
  Element       SASA      Sigma Z        Total  
     Z         Ang**2 cal/Ang**2/mol   kcal/mol 
----------------------------------------------- 
      H        182.212       0.000       0.000
      C        100.591     111.253      11.191
      N         51.860      46.223       2.397
      O         80.883     -63.418      -5.129

 Subtotal:     415.546                   8.459
 -----------------------------------------------

  Elements    COT*SASA   Sigma Z,Z'     Total   
    Z,Z'       Ang**2  cal/Ang**2/mol kcal/mol  
 ---------------------------------------------- 
  H   C        114.829     -51.536      -5.918
  H   O          4.775     -27.476      -0.131
  C   C         59.771     -87.925      -5.255
  O   C         43.744     -22.247      -0.973
  O   O          0.000    -112.781      -0.000
  C   N         26.816    -141.360      -3.791
  N   C        108.360       0.000       0.000
  N  C(3)        0.000       0.000       0.000
  O   N          0.000      69.634       0.000

 Subtotal:                             -16.068
 ---------------------------------------------- 

 NONAQUEOUS SOLVENT CONTRIBUTION (kcal/mol):
 (proportional to SASA, atomic number independent)
 ---------------------------------------------- 
 Subtotal:                               8.985
 ---------------------------------------------- 

 CDS TOTAL (kcal/mol):                   1.376
...............................................................................
