----------------------------------------------- 
  Element       SASA      Sigma Z        Total  
     Z         Ang**2 cal/Ang**2/mol   kcal/mol 
----------------------------------------------- 
      H        209.701       0.000       0.000
      C         99.260     111.253      11.043
      N         43.095      46.223       1.992
      O         83.399     -63.418      -5.289

 Subtotal:     435.455                   7.746
 -----------------------------------------------

  Elements    COT*SASA   Sigma Z,Z'     Total   
    Z,Z'       Ang**2  cal/Ang**2/mol kcal/mol  
 ---------------------------------------------- 
  H   C        133.203     -51.536      -6.865
  H   O          4.472     -27.476      -0.123
  C   C         54.887     -87.925      -4.826
  O   C         31.239     -22.247      -0.695
  O   O          0.000    -112.781      -0.000
  C   N         22.422    -141.360      -3.170
  N   C         83.470       0.000       0.000
  N  C(3)        0.066       0.000       0.000
  O   N          0.000      69.634       0.000

 Subtotal:                             -15.678
 ---------------------------------------------- 

 NONAQUEOUS SOLVENT CONTRIBUTION (kcal/mol):
 (proportional to SASA, atomic number independent)
 ---------------------------------------------- 
 Subtotal:                               9.416
 ---------------------------------------------- 

 CDS TOTAL (kcal/mol):                   1.484
...............................................................................
