----------------------------------------------- 
  Element       SASA      Sigma Z        Total  
     Z         Ang**2 cal/Ang**2/mol   kcal/mol 
----------------------------------------------- 
      H         74.689       0.000       0.000
      C         43.777     111.253       4.870
      N         33.029      46.223       1.527
      O         46.405     -63.418      -2.943

 Subtotal:     197.900                   3.454
 -----------------------------------------------

  Elements    COT*SASA   Sigma Z,Z'     Total   
    Z,Z'       Ang**2  cal/Ang**2/mol kcal/mol  
 ---------------------------------------------- 
  H   C         50.337     -51.536      -2.594
  H   O          0.000     -27.476      -0.000
  C   C         21.180     -87.925      -1.862
  O   C         26.617     -22.247      -0.592
  O   O          0.000    -112.781      -0.000
  C   N          7.563    -141.360      -1.069
  N   C         42.805       0.000       0.000
  N  C(3)        0.000       0.000       0.000
  O   N          0.000      69.634       0.000

 Subtotal:                              -6.118
 ---------------------------------------------- 

 NONAQUEOUS SOLVENT CONTRIBUTION (kcal/mol):
 (proportional to SASA, atomic number independent)
 ---------------------------------------------- 
 Subtotal:                               4.279
 ---------------------------------------------- 

 CDS TOTAL (kcal/mol):                   1.616
...............................................................................
