----------------------------------------------- 
  Element       SASA      Sigma Z        Total  
     Z         Ang**2 cal/Ang**2/mol   kcal/mol 
----------------------------------------------- 
      H        185.903       0.000       0.000
      C         78.567     111.253       8.741
      N         46.490      46.223       2.149
      O        102.992     -63.418      -6.532

 Subtotal:     413.952                   4.358
 -----------------------------------------------

  Elements    COT*SASA   Sigma Z,Z'     Total   
    Z,Z'       Ang**2  cal/Ang**2/mol kcal/mol  
 ---------------------------------------------- 
  H   C        114.292     -51.536      -5.890
  H   O          0.000     -27.476      -0.000
  C   C         46.595     -87.925      -4.097
  O   C         52.617     -22.247      -1.171
  O   O          0.000    -112.781      -0.000
  C   N         14.272    -141.360      -2.018
  N   C        101.764       0.000       0.000
  N  C(3)        0.001       0.000       0.000
  O   N          0.000      69.634       0.000

 Subtotal:                             -13.175
 ---------------------------------------------- 

 NONAQUEOUS SOLVENT CONTRIBUTION (kcal/mol):
 (proportional to SASA, atomic number independent)
 ---------------------------------------------- 
 Subtotal:                               8.951
 ---------------------------------------------- 

 CDS TOTAL (kcal/mol):                   0.134
...............................................................................
