----------------------------------------------- 
  Element       SASA      Sigma Z        Total  
     Z         Ang**2 cal/Ang**2/mol   kcal/mol 
----------------------------------------------- 
      H        175.895       0.000       0.000
      C        101.860     111.253      11.332
      N         32.073      46.223       1.482
      O         96.317     -63.418      -6.108

 Subtotal:     406.144                   6.707
 -----------------------------------------------

  Elements    COT*SASA   Sigma Z,Z'     Total   
    Z,Z'       Ang**2  cal/Ang**2/mol kcal/mol  
 ---------------------------------------------- 
  H   C        110.930     -51.536      -5.717
  H   O          0.000     -27.476      -0.000
  C   C         59.842     -87.925      -5.262
  O   C         56.350     -22.247      -1.254
  O   O          0.000    -112.781      -0.000
  C   N         31.635    -141.360      -4.472
  N   C         85.641       0.000       0.000
  N  C(3)        0.005       0.000       0.000
  O   N          0.000      69.634       0.000

 Subtotal:                             -16.704
 ---------------------------------------------- 

 NONAQUEOUS SOLVENT CONTRIBUTION (kcal/mol):
 (proportional to SASA, atomic number independent)
 ---------------------------------------------- 
 Subtotal:                               8.782
 ---------------------------------------------- 

 CDS TOTAL (kcal/mol):                  -1.215
...............................................................................
