----------------------------------------------- 
  Element       SASA      Sigma Z        Total  
     Z         Ang**2 cal/Ang**2/mol   kcal/mol 
----------------------------------------------- 
      H        157.712       0.000       0.000
      C         90.337     111.253      10.050
      N         46.619      46.223       2.155
      O         99.376     -63.418      -6.302

 Subtotal:     394.044                   5.903
 -----------------------------------------------

  Elements    COT*SASA   Sigma Z,Z'     Total   
    Z,Z'       Ang**2  cal/Ang**2/mol kcal/mol  
 ---------------------------------------------- 
  H   C         91.458     -51.536      -4.713
  H   O          4.631     -27.476      -0.127
  C   C         59.608     -87.925      -5.241
  O   C         54.372     -22.247      -1.210
  O   O          0.000    -112.781      -0.000
  C   N         25.870    -141.360      -3.657
  N   C         89.385       0.000       0.000
  N  C(3)        0.000       0.000       0.000
  O   N          0.000      69.634       0.000

 Subtotal:                             -14.948
 ---------------------------------------------- 

 NONAQUEOUS SOLVENT CONTRIBUTION (kcal/mol):
 (proportional to SASA, atomic number independent)
 ---------------------------------------------- 
 Subtotal:                               8.520
 ---------------------------------------------- 

 CDS TOTAL (kcal/mol):                  -0.525
...............................................................................
